<?xml version="1.0" encoding="UTF-8"?>
<testsuite xmlns:xsi="http://www.w3.org/2001/XMLSchema-instance" xsi:noNamespaceSchemaLocation="https://maven.apache.org/surefire/maven-surefire-plugin/xsd/surefire-test-report-3.0.xsd" version="3.0" name="TestSuite" time="1.329" tests="4" errors="0" skipped="0" failures="0">
  <properties>
    <property name="java.specification.version" value="15"/>
    <property name="sun.cpu.isalist" value="amd64"/>
    <property name="sun.jnu.encoding" value="Cp1252"/>
    <property name="java.class.path" value="C:\Users\manoj\local-workspace\interview\target\test-classes;C:\Users\manoj\local-workspace\interview\target\classes;C:\Users\manoj\.m2\repository\org\testng\testng\6.14.3\testng-6.14.3.jar;C:\Users\manoj\.m2\repository\com\beust\jcommander\1.72\jcommander-1.72.jar;C:\Users\manoj\.m2\repository\org\apache-extras\beanshell\bsh\2.0b6\bsh-2.0b6.jar;C:\Users\manoj\.m2\repository\junit\junit\4.12\junit-4.12.jar;C:\Users\manoj\.m2\repository\org\hamcrest\hamcrest-core\1.3\hamcrest-core-1.3.jar;"/>
    <property name="java.vm.vendor" value="Oracle Corporation"/>
    <property name="sun.arch.data.model" value="64"/>
    <property name="user.variant" value=""/>
    <property name="java.vendor.url" value="https://java.oracle.com/"/>
    <property name="user.timezone" value="Europe/London"/>
    <property name="os.name" value="Windows 10"/>
    <property name="java.vm.specification.version" value="15"/>
    <property name="sun.java.launcher" value="SUN_STANDARD"/>
    <property name="user.country" value="GB"/>
    <property name="sun.boot.library.path" value="C:\Program Files\Java\jdk-15\bin"/>
    <property name="sun.java.command" value="C:\Users\manoj\AppData\Local\Temp\surefire16897663221778954618\surefirebooter13175309797543548217.jar C:\Users\manoj\AppData\Local\Temp\surefire16897663221778954618 2021-07-19T08-05-13_034-jvmRun1 surefire13046902302038519089tmp surefire_08474040823317860270tmp"/>
    <property name="jdk.debug" value="release"/>
    <property name="surefire.test.class.path" value="C:\Users\manoj\local-workspace\interview\target\test-classes;C:\Users\manoj\local-workspace\interview\target\classes;C:\Users\manoj\.m2\repository\org\testng\testng\6.14.3\testng-6.14.3.jar;C:\Users\manoj\.m2\repository\com\beust\jcommander\1.72\jcommander-1.72.jar;C:\Users\manoj\.m2\repository\org\apache-extras\beanshell\bsh\2.0b6\bsh-2.0b6.jar;C:\Users\manoj\.m2\repository\junit\junit\4.12\junit-4.12.jar;C:\Users\manoj\.m2\repository\org\hamcrest\hamcrest-core\1.3\hamcrest-core-1.3.jar;"/>
    <property name="sun.cpu.endian" value="little"/>
    <property name="user.home" value="C:\Users\manoj"/>
    <property name="user.language" value="en"/>
    <property name="java.specification.vendor" value="Oracle Corporation"/>
    <property name="java.version.date" value="2020-09-15"/>
    <property name="java.home" value="C:\Program Files\Java\jdk-15"/>
    <property name="file.separator" value="\"/>
    <property name="basedir" value="C:\Users\manoj\local-workspace\interview"/>
    <property name="java.vm.compressedOopsMode" value="Zero based"/>
    <property name="line.separator" value="&#10;"/>
    <property name="java.vm.specification.vendor" value="Oracle Corporation"/>
    <property name="java.specification.name" value="Java Platform API Specification"/>
    <property name="surefire.real.class.path" value="C:\Users\manoj\AppData\Local\Temp\surefire16897663221778954618\surefirebooter13175309797543548217.jar"/>
    <property name="user.script" value=""/>
    <property name="sun.management.compiler" value="HotSpot 64-Bit Tiered Compilers"/>
    <property name="java.runtime.version" value="15+36-1562"/>
    <property name="user.name" value="manoj"/>
    <property name="path.separator" value=";"/>
    <property name="os.version" value="10.0"/>
    <property name="java.runtime.name" value="Java(TM) SE Runtime Environment"/>
    <property name="file.encoding" value="Cp1252"/>
    <property name="java.vm.name" value="Java HotSpot(TM) 64-Bit Server VM"/>
    <property name="localRepository" value="C:\Users\manoj\.m2\repository"/>
    <property name="java.vendor.url.bug" value="https://bugreport.java.com/bugreport/"/>
    <property name="java.io.tmpdir" value="C:\Users\manoj\AppData\Local\Temp\"/>
    <property name="java.version" value="15"/>
    <property name="user.dir" value="C:\Users\manoj\local-workspace\interview"/>
    <property name="os.arch" value="amd64"/>
    <property name="java.vm.specification.name" value="Java Virtual Machine Specification"/>
    <property name="sun.os.patch.level" value=""/>
    <property name="java.library.path" value="C:\Program Files\Java\jdk-15\bin;C:\WINDOWS\Sun\Java\bin;C:\WINDOWS\system32;C:\WINDOWS;C:\Program Files\Common Files\Oracle\Java\javapath;C:\Program Files (x86)\Common Files\Oracle\Java\javapath;C:\WINDOWS\system32;C:\WINDOWS;C:\WINDOWS\System32\Wbem;C:\WINDOWS\System32\WindowsPowerShell\v1.0\;C:\WINDOWS\System32\OpenSSH\;C:\Program Files (x86)\PuTTY\;C:\Program Files\Snowflake SnowSQL\;C:\Python27;C:\spark-1.3.0\bin;C:\Program Files\Java\jdk-15\bin;C:\hadoop_common\bin;C:\Users\manoj\OneDrive\Documents\apache-maven-3.6.3\bin;C:\Users\manoj\AppData\Local\Microsoft\WindowsApps;C:\Users\manoj\AppData\Local\GitHubDesktop\bin;C:\Program Files\JetBrains\IntelliJ IDEA Community Edition 2021.1.2\bin;;%PyCharm%;;."/>
    <property name="java.vm.info" value="mixed mode, sharing"/>
    <property name="java.vendor" value="Oracle Corporation"/>
    <property name="java.vm.version" value="15+36-1562"/>
    <property name="sun.io.unicode.encoding" value="UnicodeLittle"/>
    <property name="java.class.version" value="59.0"/>
  </properties>
  <testcase name="test1" classname="TestSudokuValidator" time="1.072">
    <system-out><![CDATA[...
... TestNG 6.14.3 by CÃ©dric Beust (cedric@beust.com)
...

src/test/resources/valid_grid_1.txt
Below is the input grid : 
[[5, 3, 4, 6, 7, 8, 9, 1, 2], [6, 7, 2, 1, 9, 5, 3, 4, 8], [1, 9, 8, 3, 4, 2, 5, 6, 7], [8, 5, 9, 7, 6, 1, 4, 2, 3], [4, 2, 6, 8, 5, 3, 7, 9, 1], [7, 1, 3, 9, 2, 4, 8, 5, 6], [9, 6, 1, 5, 3, 7, 2, 8, 4], [2, 8, 7, 4, 1, 9, 6, 3, 5], [3, 4, 5, 2, 8, 6, 1, 7, 9]]



Sudoku Validation Process started....!
Row validation : a[0][0] : 5
Row validation : a[0][1] : 3
Row validation : a[0][2] : 4
Row validation : a[0][3] : 6
Row validation : a[0][4] : 7
Row validation : a[0][5] : 8
Row validation : a[0][6] : 9
Row validation : a[0][7] : 1
Row validation : a[0][8] : 2
Col validation : a[0][0] : 5
Col validation : a[1][0] : 6
Col validation : a[2][0] : 1
Col validation : a[3][0] : 8
Col validation : a[4][0] : 4
Col validation : a[5][0] : 7
Col validation : a[6][0] : 9
Col validation : a[7][0] : 2
Col validation : a[8][0] : 3
Square validation : a[0][0] : 5
Square validation : a[0][1] : 3
Square validation : a[0][2] : 4
Square validation : a[1][0] : 6
Square validation : a[1][1] : 7
Square validation : a[1][2] : 2
Square validation : a[2][0] : 1
Square validation : a[2][1] : 9
Square validation : a[2][2] : 8
Row validation : a[0][0] : 5
Row validation : a[0][1] : 3
Row validation : a[0][2] : 4
Row validation : a[0][3] : 6
Row validation : a[0][4] : 7
Row validation : a[0][5] : 8
Row validation : a[0][6] : 9
Row validation : a[0][7] : 1
Row validation : a[0][8] : 2
Col validation : a[0][1] : 3
Col validation : a[1][1] : 7
Col validation : a[2][1] : 9
Col validation : a[3][1] : 5
Col validation : a[4][1] : 2
Col validation : a[5][1] : 1
Col validation : a[6][1] : 6
Col validation : a[7][1] : 8
Col validation : a[8][1] : 4
Square validation : a[0][0] : 5
Square validation : a[0][1] : 3
Square validation : a[0][2] : 4
Square validation : a[1][0] : 6
Square validation : a[1][1] : 7
Square validation : a[1][2] : 2
Square validation : a[2][0] : 1
Square validation : a[2][1] : 9
Square validation : a[2][2] : 8
Row validation : a[0][0] : 5
Row validation : a[0][1] : 3
Row validation : a[0][2] : 4
Row validation : a[0][3] : 6
Row validation : a[0][4] : 7
Row validation : a[0][5] : 8
Row validation : a[0][6] : 9
Row validation : a[0][7] : 1
Row validation : a[0][8] : 2
Col validation : a[0][2] : 4
Col validation : a[1][2] : 2
Col validation : a[2][2] : 8
Col validation : a[3][2] : 9
Col validation : a[4][2] : 6
Col validation : a[5][2] : 3
Col validation : a[6][2] : 1
Col validation : a[7][2] : 7
Col validation : a[8][2] : 5
Square validation : a[0][0] : 5
Square validation : a[0][1] : 3
Square validation : a[0][2] : 4
Square validation : a[1][0] : 6
Square validation : a[1][1] : 7
Square validation : a[1][2] : 2
Square validation : a[2][0] : 1
Square validation : a[2][1] : 9
Square validation : a[2][2] : 8
Row validation : a[0][0] : 5
Row validation : a[0][1] : 3
Row validation : a[0][2] : 4
Row validation : a[0][3] : 6
Row validation : a[0][4] : 7
Row validation : a[0][5] : 8
Row validation : a[0][6] : 9
Row validation : a[0][7] : 1
Row validation : a[0][8] : 2
Col validation : a[0][3] : 6
Col validation : a[1][3] : 1
Col validation : a[2][3] : 3
Col validation : a[3][3] : 7
Col validation : a[4][3] : 8
Col validation : a[5][3] : 9
Col validation : a[6][3] : 5
Col validation : a[7][3] : 4
Col validation : a[8][3] : 2
Square validation : a[0][0] : 5
Square validation : a[0][1] : 3
Square validation : a[0][2] : 4
Square validation : a[1][0] : 6
Square validation : a[1][1] : 7
Square validation : a[1][2] : 2
Square validation : a[2][0] : 1
Square validation : a[2][1] : 9
Square validation : a[2][2] : 8
Row validation : a[0][0] : 5
Row validation : a[0][1] : 3
Row validation : a[0][2] : 4
Row validation : a[0][3] : 6
Row validation : a[0][4] : 7
Row validation : a[0][5] : 8
Row validation : a[0][6] : 9
Row validation : a[0][7] : 1
Row validation : a[0][8] : 2
Col validation : a[0][4] : 7
Col validation : a[1][4] : 9
Col validation : a[2][4] : 4
Col validation : a[3][4] : 6
Col validation : a[4][4] : 5
Col validation : a[5][4] : 2
Col validation : a[6][4] : 3
Col validation : a[7][4] : 1
Col validation : a[8][4] : 8
Square validation : a[0][0] : 5
Square validation : a[0][1] : 3
Square validation : a[0][2] : 4
Square validation : a[1][0] : 6
Square validation : a[1][1] : 7
Square validation : a[1][2] : 2
Square validation : a[2][0] : 1
Square validation : a[2][1] : 9
Square validation : a[2][2] : 8
Row validation : a[0][0] : 5
Row validation : a[0][1] : 3
Row validation : a[0][2] : 4
Row validation : a[0][3] : 6
Row validation : a[0][4] : 7
Row validation : a[0][5] : 8
Row validation : a[0][6] : 9
Row validation : a[0][7] : 1
Row validation : a[0][8] : 2
Col validation : a[0][5] : 8
Col validation : a[1][5] : 5
Col validation : a[2][5] : 2
Col validation : a[3][5] : 1
Col validation : a[4][5] : 3
Col validation : a[5][5] : 4
Col validation : a[6][5] : 7
Col validation : a[7][5] : 9
Col validation : a[8][5] : 6
Square validation : a[0][0] : 5
Square validation : a[0][1] : 3
Square validation : a[0][2] : 4
Square validation : a[1][0] : 6
Square validation : a[1][1] : 7
Square validation : a[1][2] : 2
Square validation : a[2][0] : 1
Square validation : a[2][1] : 9
Square validation : a[2][2] : 8
Row validation : a[0][0] : 5
Row validation : a[0][1] : 3
Row validation : a[0][2] : 4
Row validation : a[0][3] : 6
Row validation : a[0][4] : 7
Row validation : a[0][5] : 8
Row validation : a[0][6] : 9
Row validation : a[0][7] : 1
Row validation : a[0][8] : 2
Col validation : a[0][6] : 9
Col validation : a[1][6] : 3
Col validation : a[2][6] : 5
Col validation : a[3][6] : 4
Col validation : a[4][6] : 7
Col validation : a[5][6] : 8
Col validation : a[6][6] : 2
Col validation : a[7][6] : 6
Col validation : a[8][6] : 1
Square validation : a[0][0] : 5
Square validation : a[0][1] : 3
Square validation : a[0][2] : 4
Square validation : a[1][0] : 6
Square validation : a[1][1] : 7
Square validation : a[1][2] : 2
Square validation : a[2][0] : 1
Square validation : a[2][1] : 9
Square validation : a[2][2] : 8
Row validation : a[0][0] : 5
Row validation : a[0][1] : 3
Row validation : a[0][2] : 4
Row validation : a[0][3] : 6
Row validation : a[0][4] : 7
Row validation : a[0][5] : 8
Row validation : a[0][6] : 9
Row validation : a[0][7] : 1
Row validation : a[0][8] : 2
Col validation : a[0][7] : 1
Col validation : a[1][7] : 4
Col validation : a[2][7] : 6
Col validation : a[3][7] : 2
Col validation : a[4][7] : 9
Col validation : a[5][7] : 5
Col validation : a[6][7] : 8
Col validation : a[7][7] : 3
Col validation : a[8][7] : 7
Square validation : a[0][0] : 5
Square validation : a[0][1] : 3
Square validation : a[0][2] : 4
Square validation : a[1][0] : 6
Square validation : a[1][1] : 7
Square validation : a[1][2] : 2
Square validation : a[2][0] : 1
Square validation : a[2][1] : 9
Square validation : a[2][2] : 8
Row validation : a[0][0] : 5
Row validation : a[0][1] : 3
Row validation : a[0][2] : 4
Row validation : a[0][3] : 6
Row validation : a[0][4] : 7
Row validation : a[0][5] : 8
Row validation : a[0][6] : 9
Row validation : a[0][7] : 1
Row validation : a[0][8] : 2
Col validation : a[0][8] : 2
Col validation : a[1][8] : 8
Col validation : a[2][8] : 7
Col validation : a[3][8] : 3
Col validation : a[4][8] : 1
Col validation : a[5][8] : 6
Col validation : a[6][8] : 4
Col validation : a[7][8] : 5
Col validation : a[8][8] : 9
Square validation : a[0][0] : 5
Square validation : a[0][1] : 3
Square validation : a[0][2] : 4
Square validation : a[1][0] : 6
Square validation : a[1][1] : 7
Square validation : a[1][2] : 2
Square validation : a[2][0] : 1
Square validation : a[2][1] : 9
Square validation : a[2][2] : 8
Row validation : a[1][0] : 6
Row validation : a[1][1] : 7
Row validation : a[1][2] : 2
Row validation : a[1][3] : 1
Row validation : a[1][4] : 9
Row validation : a[1][5] : 5
Row validation : a[1][6] : 3
Row validation : a[1][7] : 4
Row validation : a[1][8] : 8
Col validation : a[0][0] : 5
Col validation : a[1][0] : 6
Col validation : a[2][0] : 1
Col validation : a[3][0] : 8
Col validation : a[4][0] : 4
Col validation : a[5][0] : 7
Col validation : a[6][0] : 9
Col validation : a[7][0] : 2
Col validation : a[8][0] : 3
Square validation : a[0][0] : 5
Square validation : a[0][1] : 3
Square validation : a[0][2] : 4
Square validation : a[1][0] : 6
Square validation : a[1][1] : 7
Square validation : a[1][2] : 2
Square validation : a[2][0] : 1
Square validation : a[2][1] : 9
Square validation : a[2][2] : 8
Row validation : a[1][0] : 6
Row validation : a[1][1] : 7
Row validation : a[1][2] : 2
Row validation : a[1][3] : 1
Row validation : a[1][4] : 9
Row validation : a[1][5] : 5
Row validation : a[1][6] : 3
Row validation : a[1][7] : 4
Row validation : a[1][8] : 8
Col validation : a[0][1] : 3
Col validation : a[1][1] : 7
Col validation : a[2][1] : 9
Col validation : a[3][1] : 5
Col validation : a[4][1] : 2
Col validation : a[5][1] : 1
Col validation : a[6][1] : 6
Col validation : a[7][1] : 8
Col validation : a[8][1] : 4
Square validation : a[0][0] : 5
Square validation : a[0][1] : 3
Square validation : a[0][2] : 4
Square validation : a[1][0] : 6
Square validation : a[1][1] : 7
Square validation : a[1][2] : 2
Square validation : a[2][0] : 1
Square validation : a[2][1] : 9
Square validation : a[2][2] : 8
Row validation : a[1][0] : 6
Row validation : a[1][1] : 7
Row validation : a[1][2] : 2
Row validation : a[1][3] : 1
Row validation : a[1][4] : 9
Row validation : a[1][5] : 5
Row validation : a[1][6] : 3
Row validation : a[1][7] : 4
Row validation : a[1][8] : 8
Col validation : a[0][2] : 4
Col validation : a[1][2] : 2
Col validation : a[2][2] : 8
Col validation : a[3][2] : 9
Col validation : a[4][2] : 6
Col validation : a[5][2] : 3
Col validation : a[6][2] : 1
Col validation : a[7][2] : 7
Col validation : a[8][2] : 5
Square validation : a[0][0] : 5
Square validation : a[0][1] : 3
Square validation : a[0][2] : 4
Square validation : a[1][0] : 6
Square validation : a[1][1] : 7
Square validation : a[1][2] : 2
Square validation : a[2][0] : 1
Square validation : a[2][1] : 9
Square validation : a[2][2] : 8
Row validation : a[1][0] : 6
Row validation : a[1][1] : 7
Row validation : a[1][2] : 2
Row validation : a[1][3] : 1
Row validation : a[1][4] : 9
Row validation : a[1][5] : 5
Row validation : a[1][6] : 3
Row validation : a[1][7] : 4
Row validation : a[1][8] : 8
Col validation : a[0][3] : 6
Col validation : a[1][3] : 1
Col validation : a[2][3] : 3
Col validation : a[3][3] : 7
Col validation : a[4][3] : 8
Col validation : a[5][3] : 9
Col validation : a[6][3] : 5
Col validation : a[7][3] : 4
Col validation : a[8][3] : 2
Square validation : a[0][0] : 5
Square validation : a[0][1] : 3
Square validation : a[0][2] : 4
Square validation : a[1][0] : 6
Square validation : a[1][1] : 7
Square validation : a[1][2] : 2
Square validation : a[2][0] : 1
Square validation : a[2][1] : 9
Square validation : a[2][2] : 8
Row validation : a[1][0] : 6
Row validation : a[1][1] : 7
Row validation : a[1][2] : 2
Row validation : a[1][3] : 1
Row validation : a[1][4] : 9
Row validation : a[1][5] : 5
Row validation : a[1][6] : 3
Row validation : a[1][7] : 4
Row validation : a[1][8] : 8
Col validation : a[0][4] : 7
Col validation : a[1][4] : 9
Col validation : a[2][4] : 4
Col validation : a[3][4] : 6
Col validation : a[4][4] : 5
Col validation : a[5][4] : 2
Col validation : a[6][4] : 3
Col validation : a[7][4] : 1
Col validation : a[8][4] : 8
Square validation : a[0][0] : 5
Square validation : a[0][1] : 3
Square validation : a[0][2] : 4
Square validation : a[1][0] : 6
Square validation : a[1][1] : 7
Square validation : a[1][2] : 2
Square validation : a[2][0] : 1
Square validation : a[2][1] : 9
Square validation : a[2][2] : 8
Row validation : a[1][0] : 6
Row validation : a[1][1] : 7
Row validation : a[1][2] : 2
Row validation : a[1][3] : 1
Row validation : a[1][4] : 9
Row validation : a[1][5] : 5
Row validation : a[1][6] : 3
Row validation : a[1][7] : 4
Row validation : a[1][8] : 8
Col validation : a[0][5] : 8
Col validation : a[1][5] : 5
Col validation : a[2][5] : 2
Col validation : a[3][5] : 1
Col validation : a[4][5] : 3
Col validation : a[5][5] : 4
Col validation : a[6][5] : 7
Col validation : a[7][5] : 9
Col validation : a[8][5] : 6
Square validation : a[0][0] : 5
Square validation : a[0][1] : 3
Square validation : a[0][2] : 4
Square validation : a[1][0] : 6
Square validation : a[1][1] : 7
Square validation : a[1][2] : 2
Square validation : a[2][0] : 1
Square validation : a[2][1] : 9
Square validation : a[2][2] : 8
Row validation : a[1][0] : 6
Row validation : a[1][1] : 7
Row validation : a[1][2] : 2
Row validation : a[1][3] : 1
Row validation : a[1][4] : 9
Row validation : a[1][5] : 5
Row validation : a[1][6] : 3
Row validation : a[1][7] : 4
Row validation : a[1][8] : 8
Col validation : a[0][6] : 9
Col validation : a[1][6] : 3
Col validation : a[2][6] : 5
Col validation : a[3][6] : 4
Col validation : a[4][6] : 7
Col validation : a[5][6] : 8
Col validation : a[6][6] : 2
Col validation : a[7][6] : 6
Col validation : a[8][6] : 1
Square validation : a[0][0] : 5
Square validation : a[0][1] : 3
Square validation : a[0][2] : 4
Square validation : a[1][0] : 6
Square validation : a[1][1] : 7
Square validation : a[1][2] : 2
Square validation : a[2][0] : 1
Square validation : a[2][1] : 9
Square validation : a[2][2] : 8
Row validation : a[1][0] : 6
Row validation : a[1][1] : 7
Row validation : a[1][2] : 2
Row validation : a[1][3] : 1
Row validation : a[1][4] : 9
Row validation : a[1][5] : 5
Row validation : a[1][6] : 3
Row validation : a[1][7] : 4
Row validation : a[1][8] : 8
Col validation : a[0][7] : 1
Col validation : a[1][7] : 4
Col validation : a[2][7] : 6
Col validation : a[3][7] : 2
Col validation : a[4][7] : 9
Col validation : a[5][7] : 5
Col validation : a[6][7] : 8
Col validation : a[7][7] : 3
Col validation : a[8][7] : 7
Square validation : a[0][0] : 5
Square validation : a[0][1] : 3
Square validation : a[0][2] : 4
Square validation : a[1][0] : 6
Square validation : a[1][1] : 7
Square validation : a[1][2] : 2
Square validation : a[2][0] : 1
Square validation : a[2][1] : 9
Square validation : a[2][2] : 8
Row validation : a[1][0] : 6
Row validation : a[1][1] : 7
Row validation : a[1][2] : 2
Row validation : a[1][3] : 1
Row validation : a[1][4] : 9
Row validation : a[1][5] : 5
Row validation : a[1][6] : 3
Row validation : a[1][7] : 4
Row validation : a[1][8] : 8
Col validation : a[0][8] : 2
Col validation : a[1][8] : 8
Col validation : a[2][8] : 7
Col validation : a[3][8] : 3
Col validation : a[4][8] : 1
Col validation : a[5][8] : 6
Col validation : a[6][8] : 4
Col validation : a[7][8] : 5
Col validation : a[8][8] : 9
Square validation : a[0][0] : 5
Square validation : a[0][1] : 3
Square validation : a[0][2] : 4
Square validation : a[1][0] : 6
Square validation : a[1][1] : 7
Square validation : a[1][2] : 2
Square validation : a[2][0] : 1
Square validation : a[2][1] : 9
Square validation : a[2][2] : 8
Row validation : a[2][0] : 1
Row validation : a[2][1] : 9
Row validation : a[2][2] : 8
Row validation : a[2][3] : 3
Row validation : a[2][4] : 4
Row validation : a[2][5] : 2
Row validation : a[2][6] : 5
Row validation : a[2][7] : 6
Row validation : a[2][8] : 7
Col validation : a[0][0] : 5
Col validation : a[1][0] : 6
Col validation : a[2][0] : 1
Col validation : a[3][0] : 8
Col validation : a[4][0] : 4
Col validation : a[5][0] : 7
Col validation : a[6][0] : 9
Col validation : a[7][0] : 2
Col validation : a[8][0] : 3
Square validation : a[0][0] : 5
Square validation : a[0][1] : 3
Square validation : a[0][2] : 4
Square validation : a[1][0] : 6
Square validation : a[1][1] : 7
Square validation : a[1][2] : 2
Square validation : a[2][0] : 1
Square validation : a[2][1] : 9
Square validation : a[2][2] : 8
Row validation : a[2][0] : 1
Row validation : a[2][1] : 9
Row validation : a[2][2] : 8
Row validation : a[2][3] : 3
Row validation : a[2][4] : 4
Row validation : a[2][5] : 2
Row validation : a[2][6] : 5
Row validation : a[2][7] : 6
Row validation : a[2][8] : 7
Col validation : a[0][1] : 3
Col validation : a[1][1] : 7
Col validation : a[2][1] : 9
Col validation : a[3][1] : 5
Col validation : a[4][1] : 2
Col validation : a[5][1] : 1
Col validation : a[6][1] : 6
Col validation : a[7][1] : 8
Col validation : a[8][1] : 4
Square validation : a[0][0] : 5
Square validation : a[0][1] : 3
Square validation : a[0][2] : 4
Square validation : a[1][0] : 6
Square validation : a[1][1] : 7
Square validation : a[1][2] : 2
Square validation : a[2][0] : 1
Square validation : a[2][1] : 9
Square validation : a[2][2] : 8
Row validation : a[2][0] : 1
Row validation : a[2][1] : 9
Row validation : a[2][2] : 8
Row validation : a[2][3] : 3
Row validation : a[2][4] : 4
Row validation : a[2][5] : 2
Row validation : a[2][6] : 5
Row validation : a[2][7] : 6
Row validation : a[2][8] : 7
Col validation : a[0][2] : 4
Col validation : a[1][2] : 2
Col validation : a[2][2] : 8
Col validation : a[3][2] : 9
Col validation : a[4][2] : 6
Col validation : a[5][2] : 3
Col validation : a[6][2] : 1
Col validation : a[7][2] : 7
Col validation : a[8][2] : 5
Square validation : a[0][0] : 5
Square validation : a[0][1] : 3
Square validation : a[0][2] : 4
Square validation : a[1][0] : 6
Square validation : a[1][1] : 7
Square validation : a[1][2] : 2
Square validation : a[2][0] : 1
Square validation : a[2][1] : 9
Square validation : a[2][2] : 8
Row validation : a[2][0] : 1
Row validation : a[2][1] : 9
Row validation : a[2][2] : 8
Row validation : a[2][3] : 3
Row validation : a[2][4] : 4
Row validation : a[2][5] : 2
Row validation : a[2][6] : 5
Row validation : a[2][7] : 6
Row validation : a[2][8] : 7
Col validation : a[0][3] : 6
Col validation : a[1][3] : 1
Col validation : a[2][3] : 3
Col validation : a[3][3] : 7
Col validation : a[4][3] : 8
Col validation : a[5][3] : 9
Col validation : a[6][3] : 5
Col validation : a[7][3] : 4
Col validation : a[8][3] : 2
Square validation : a[0][0] : 5
Square validation : a[0][1] : 3
Square validation : a[0][2] : 4
Square validation : a[1][0] : 6
Square validation : a[1][1] : 7
Square validation : a[1][2] : 2
Square validation : a[2][0] : 1
Square validation : a[2][1] : 9
Square validation : a[2][2] : 8
Row validation : a[2][0] : 1
Row validation : a[2][1] : 9
Row validation : a[2][2] : 8
Row validation : a[2][3] : 3
Row validation : a[2][4] : 4
Row validation : a[2][5] : 2
Row validation : a[2][6] : 5
Row validation : a[2][7] : 6
Row validation : a[2][8] : 7
Col validation : a[0][4] : 7
Col validation : a[1][4] : 9
Col validation : a[2][4] : 4
Col validation : a[3][4] : 6
Col validation : a[4][4] : 5
Col validation : a[5][4] : 2
Col validation : a[6][4] : 3
Col validation : a[7][4] : 1
Col validation : a[8][4] : 8
Square validation : a[0][0] : 5
Square validation : a[0][1] : 3
Square validation : a[0][2] : 4
Square validation : a[1][0] : 6
Square validation : a[1][1] : 7
Square validation : a[1][2] : 2
Square validation : a[2][0] : 1
Square validation : a[2][1] : 9
Square validation : a[2][2] : 8
Row validation : a[2][0] : 1
Row validation : a[2][1] : 9
Row validation : a[2][2] : 8
Row validation : a[2][3] : 3
Row validation : a[2][4] : 4
Row validation : a[2][5] : 2
Row validation : a[2][6] : 5
Row validation : a[2][7] : 6
Row validation : a[2][8] : 7
Col validation : a[0][5] : 8
Col validation : a[1][5] : 5
Col validation : a[2][5] : 2
Col validation : a[3][5] : 1
Col validation : a[4][5] : 3
Col validation : a[5][5] : 4
Col validation : a[6][5] : 7
Col validation : a[7][5] : 9
Col validation : a[8][5] : 6
Square validation : a[0][0] : 5
Square validation : a[0][1] : 3
Square validation : a[0][2] : 4
Square validation : a[1][0] : 6
Square validation : a[1][1] : 7
Square validation : a[1][2] : 2
Square validation : a[2][0] : 1
Square validation : a[2][1] : 9
Square validation : a[2][2] : 8
Row validation : a[2][0] : 1
Row validation : a[2][1] : 9
Row validation : a[2][2] : 8
Row validation : a[2][3] : 3
Row validation : a[2][4] : 4
Row validation : a[2][5] : 2
Row validation : a[2][6] : 5
Row validation : a[2][7] : 6
Row validation : a[2][8] : 7
Col validation : a[0][6] : 9
Col validation : a[1][6] : 3
Col validation : a[2][6] : 5
Col validation : a[3][6] : 4
Col validation : a[4][6] : 7
Col validation : a[5][6] : 8
Col validation : a[6][6] : 2
Col validation : a[7][6] : 6
Col validation : a[8][6] : 1
Square validation : a[0][0] : 5
Square validation : a[0][1] : 3
Square validation : a[0][2] : 4
Square validation : a[1][0] : 6
Square validation : a[1][1] : 7
Square validation : a[1][2] : 2
Square validation : a[2][0] : 1
Square validation : a[2][1] : 9
Square validation : a[2][2] : 8
Row validation : a[2][0] : 1
Row validation : a[2][1] : 9
Row validation : a[2][2] : 8
Row validation : a[2][3] : 3
Row validation : a[2][4] : 4
Row validation : a[2][5] : 2
Row validation : a[2][6] : 5
Row validation : a[2][7] : 6
Row validation : a[2][8] : 7
Col validation : a[0][7] : 1
Col validation : a[1][7] : 4
Col validation : a[2][7] : 6
Col validation : a[3][7] : 2
Col validation : a[4][7] : 9
Col validation : a[5][7] : 5
Col validation : a[6][7] : 8
Col validation : a[7][7] : 3
Col validation : a[8][7] : 7
Square validation : a[0][0] : 5
Square validation : a[0][1] : 3
Square validation : a[0][2] : 4
Square validation : a[1][0] : 6
Square validation : a[1][1] : 7
Square validation : a[1][2] : 2
Square validation : a[2][0] : 1
Square validation : a[2][1] : 9
Square validation : a[2][2] : 8
Row validation : a[2][0] : 1
Row validation : a[2][1] : 9
Row validation : a[2][2] : 8
Row validation : a[2][3] : 3
Row validation : a[2][4] : 4
Row validation : a[2][5] : 2
Row validation : a[2][6] : 5
Row validation : a[2][7] : 6
Row validation : a[2][8] : 7
Col validation : a[0][8] : 2
Col validation : a[1][8] : 8
Col validation : a[2][8] : 7
Col validation : a[3][8] : 3
Col validation : a[4][8] : 1
Col validation : a[5][8] : 6
Col validation : a[6][8] : 4
Col validation : a[7][8] : 5
Col validation : a[8][8] : 9
Square validation : a[0][0] : 5
Square validation : a[0][1] : 3
Square validation : a[0][2] : 4
Square validation : a[1][0] : 6
Square validation : a[1][1] : 7
Square validation : a[1][2] : 2
Square validation : a[2][0] : 1
Square validation : a[2][1] : 9
Square validation : a[2][2] : 8
Row validation : a[3][0] : 8
Row validation : a[3][1] : 5
Row validation : a[3][2] : 9
Row validation : a[3][3] : 7
Row validation : a[3][4] : 6
Row validation : a[3][5] : 1
Row validation : a[3][6] : 4
Row validation : a[3][7] : 2
Row validation : a[3][8] : 3
Col validation : a[0][0] : 5
Col validation : a[1][0] : 6
Col validation : a[2][0] : 1
Col validation : a[3][0] : 8
Col validation : a[4][0] : 4
Col validation : a[5][0] : 7
Col validation : a[6][0] : 9
Col validation : a[7][0] : 2
Col validation : a[8][0] : 3
Square validation : a[0][0] : 5
Square validation : a[0][1] : 3
Square validation : a[0][2] : 4
Square validation : a[1][0] : 6
Square validation : a[1][1] : 7
Square validation : a[1][2] : 2
Square validation : a[2][0] : 1
Square validation : a[2][1] : 9
Square validation : a[2][2] : 8
Row validation : a[3][0] : 8
Row validation : a[3][1] : 5
Row validation : a[3][2] : 9
Row validation : a[3][3] : 7
Row validation : a[3][4] : 6
Row validation : a[3][5] : 1
Row validation : a[3][6] : 4
Row validation : a[3][7] : 2
Row validation : a[3][8] : 3
Col validation : a[0][1] : 3
Col validation : a[1][1] : 7
Col validation : a[2][1] : 9
Col validation : a[3][1] : 5
Col validation : a[4][1] : 2
Col validation : a[5][1] : 1
Col validation : a[6][1] : 6
Col validation : a[7][1] : 8
Col validation : a[8][1] : 4
Square validation : a[0][0] : 5
Square validation : a[0][1] : 3
Square validation : a[0][2] : 4
Square validation : a[1][0] : 6
Square validation : a[1][1] : 7
Square validation : a[1][2] : 2
Square validation : a[2][0] : 1
Square validation : a[2][1] : 9
Square validation : a[2][2] : 8
Row validation : a[3][0] : 8
Row validation : a[3][1] : 5
Row validation : a[3][2] : 9
Row validation : a[3][3] : 7
Row validation : a[3][4] : 6
Row validation : a[3][5] : 1
Row validation : a[3][6] : 4
Row validation : a[3][7] : 2
Row validation : a[3][8] : 3
Col validation : a[0][2] : 4
Col validation : a[1][2] : 2
Col validation : a[2][2] : 8
Col validation : a[3][2] : 9
Col validation : a[4][2] : 6
Col validation : a[5][2] : 3
Col validation : a[6][2] : 1
Col validation : a[7][2] : 7
Col validation : a[8][2] : 5
Square validation : a[0][0] : 5
Square validation : a[0][1] : 3
Square validation : a[0][2] : 4
Square validation : a[1][0] : 6
Square validation : a[1][1] : 7
Square validation : a[1][2] : 2
Square validation : a[2][0] : 1
Square validation : a[2][1] : 9
Square validation : a[2][2] : 8
Row validation : a[3][0] : 8
Row validation : a[3][1] : 5
Row validation : a[3][2] : 9
Row validation : a[3][3] : 7
Row validation : a[3][4] : 6
Row validation : a[3][5] : 1
Row validation : a[3][6] : 4
Row validation : a[3][7] : 2
Row validation : a[3][8] : 3
Col validation : a[0][3] : 6
Col validation : a[1][3] : 1
Col validation : a[2][3] : 3
Col validation : a[3][3] : 7
Col validation : a[4][3] : 8
Col validation : a[5][3] : 9
Col validation : a[6][3] : 5
Col validation : a[7][3] : 4
Col validation : a[8][3] : 2
Square validation : a[0][0] : 5
Square validation : a[0][1] : 3
Square validation : a[0][2] : 4
Square validation : a[1][0] : 6
Square validation : a[1][1] : 7
Square validation : a[1][2] : 2
Square validation : a[2][0] : 1
Square validation : a[2][1] : 9
Square validation : a[2][2] : 8
Row validation : a[3][0] : 8
Row validation : a[3][1] : 5
Row validation : a[3][2] : 9
Row validation : a[3][3] : 7
Row validation : a[3][4] : 6
Row validation : a[3][5] : 1
Row validation : a[3][6] : 4
Row validation : a[3][7] : 2
Row validation : a[3][8] : 3
Col validation : a[0][4] : 7
Col validation : a[1][4] : 9
Col validation : a[2][4] : 4
Col validation : a[3][4] : 6
Col validation : a[4][4] : 5
Col validation : a[5][4] : 2
Col validation : a[6][4] : 3
Col validation : a[7][4] : 1
Col validation : a[8][4] : 8
Square validation : a[0][0] : 5
Square validation : a[0][1] : 3
Square validation : a[0][2] : 4
Square validation : a[1][0] : 6
Square validation : a[1][1] : 7
Square validation : a[1][2] : 2
Square validation : a[2][0] : 1
Square validation : a[2][1] : 9
Square validation : a[2][2] : 8
Row validation : a[3][0] : 8
Row validation : a[3][1] : 5
Row validation : a[3][2] : 9
Row validation : a[3][3] : 7
Row validation : a[3][4] : 6
Row validation : a[3][5] : 1
Row validation : a[3][6] : 4
Row validation : a[3][7] : 2
Row validation : a[3][8] : 3
Col validation : a[0][5] : 8
Col validation : a[1][5] : 5
Col validation : a[2][5] : 2
Col validation : a[3][5] : 1
Col validation : a[4][5] : 3
Col validation : a[5][5] : 4
Col validation : a[6][5] : 7
Col validation : a[7][5] : 9
Col validation : a[8][5] : 6
Square validation : a[0][0] : 5
Square validation : a[0][1] : 3
Square validation : a[0][2] : 4
Square validation : a[1][0] : 6
Square validation : a[1][1] : 7
Square validation : a[1][2] : 2
Square validation : a[2][0] : 1
Square validation : a[2][1] : 9
Square validation : a[2][2] : 8
Row validation : a[3][0] : 8
Row validation : a[3][1] : 5
Row validation : a[3][2] : 9
Row validation : a[3][3] : 7
Row validation : a[3][4] : 6
Row validation : a[3][5] : 1
Row validation : a[3][6] : 4
Row validation : a[3][7] : 2
Row validation : a[3][8] : 3
Col validation : a[0][6] : 9
Col validation : a[1][6] : 3
Col validation : a[2][6] : 5
Col validation : a[3][6] : 4
Col validation : a[4][6] : 7
Col validation : a[5][6] : 8
Col validation : a[6][6] : 2
Col validation : a[7][6] : 6
Col validation : a[8][6] : 1
Square validation : a[0][0] : 5
Square validation : a[0][1] : 3
Square validation : a[0][2] : 4
Square validation : a[1][0] : 6
Square validation : a[1][1] : 7
Square validation : a[1][2] : 2
Square validation : a[2][0] : 1
Square validation : a[2][1] : 9
Square validation : a[2][2] : 8
Row validation : a[3][0] : 8
Row validation : a[3][1] : 5
Row validation : a[3][2] : 9
Row validation : a[3][3] : 7
Row validation : a[3][4] : 6
Row validation : a[3][5] : 1
Row validation : a[3][6] : 4
Row validation : a[3][7] : 2
Row validation : a[3][8] : 3
Col validation : a[0][7] : 1
Col validation : a[1][7] : 4
Col validation : a[2][7] : 6
Col validation : a[3][7] : 2
Col validation : a[4][7] : 9
Col validation : a[5][7] : 5
Col validation : a[6][7] : 8
Col validation : a[7][7] : 3
Col validation : a[8][7] : 7
Square validation : a[0][0] : 5
Square validation : a[0][1] : 3
Square validation : a[0][2] : 4
Square validation : a[1][0] : 6
Square validation : a[1][1] : 7
Square validation : a[1][2] : 2
Square validation : a[2][0] : 1
Square validation : a[2][1] : 9
Square validation : a[2][2] : 8
Row validation : a[3][0] : 8
Row validation : a[3][1] : 5
Row validation : a[3][2] : 9
Row validation : a[3][3] : 7
Row validation : a[3][4] : 6
Row validation : a[3][5] : 1
Row validation : a[3][6] : 4
Row validation : a[3][7] : 2
Row validation : a[3][8] : 3
Col validation : a[0][8] : 2
Col validation : a[1][8] : 8
Col validation : a[2][8] : 7
Col validation : a[3][8] : 3
Col validation : a[4][8] : 1
Col validation : a[5][8] : 6
Col validation : a[6][8] : 4
Col validation : a[7][8] : 5
Col validation : a[8][8] : 9
Square validation : a[0][0] : 5
Square validation : a[0][1] : 3
Square validation : a[0][2] : 4
Square validation : a[1][0] : 6
Square validation : a[1][1] : 7
Square validation : a[1][2] : 2
Square validation : a[2][0] : 1
Square validation : a[2][1] : 9
Square validation : a[2][2] : 8
Row validation : a[4][0] : 4
Row validation : a[4][1] : 2
Row validation : a[4][2] : 6
Row validation : a[4][3] : 8
Row validation : a[4][4] : 5
Row validation : a[4][5] : 3
Row validation : a[4][6] : 7
Row validation : a[4][7] : 9
Row validation : a[4][8] : 1
Col validation : a[0][0] : 5
Col validation : a[1][0] : 6
Col validation : a[2][0] : 1
Col validation : a[3][0] : 8
Col validation : a[4][0] : 4
Col validation : a[5][0] : 7
Col validation : a[6][0] : 9
Col validation : a[7][0] : 2
Col validation : a[8][0] : 3
Square validation : a[0][0] : 5
Square validation : a[0][1] : 3
Square validation : a[0][2] : 4
Square validation : a[1][0] : 6
Square validation : a[1][1] : 7
Square validation : a[1][2] : 2
Square validation : a[2][0] : 1
Square validation : a[2][1] : 9
Square validation : a[2][2] : 8
Row validation : a[4][0] : 4
Row validation : a[4][1] : 2
Row validation : a[4][2] : 6
Row validation : a[4][3] : 8
Row validation : a[4][4] : 5
Row validation : a[4][5] : 3
Row validation : a[4][6] : 7
Row validation : a[4][7] : 9
Row validation : a[4][8] : 1
Col validation : a[0][1] : 3
Col validation : a[1][1] : 7
Col validation : a[2][1] : 9
Col validation : a[3][1] : 5
Col validation : a[4][1] : 2
Col validation : a[5][1] : 1
Col validation : a[6][1] : 6
Col validation : a[7][1] : 8
Col validation : a[8][1] : 4
Square validation : a[0][0] : 5
Square validation : a[0][1] : 3
Square validation : a[0][2] : 4
Square validation : a[1][0] : 6
Square validation : a[1][1] : 7
Square validation : a[1][2] : 2
Square validation : a[2][0] : 1
Square validation : a[2][1] : 9
Square validation : a[2][2] : 8
Row validation : a[4][0] : 4
Row validation : a[4][1] : 2
Row validation : a[4][2] : 6
Row validation : a[4][3] : 8
Row validation : a[4][4] : 5
Row validation : a[4][5] : 3
Row validation : a[4][6] : 7
Row validation : a[4][7] : 9
Row validation : a[4][8] : 1
Col validation : a[0][2] : 4
Col validation : a[1][2] : 2
Col validation : a[2][2] : 8
Col validation : a[3][2] : 9
Col validation : a[4][2] : 6
Col validation : a[5][2] : 3
Col validation : a[6][2] : 1
Col validation : a[7][2] : 7
Col validation : a[8][2] : 5
Square validation : a[0][0] : 5
Square validation : a[0][1] : 3
Square validation : a[0][2] : 4
Square validation : a[1][0] : 6
Square validation : a[1][1] : 7
Square validation : a[1][2] : 2
Square validation : a[2][0] : 1
Square validation : a[2][1] : 9
Square validation : a[2][2] : 8
Row validation : a[4][0] : 4
Row validation : a[4][1] : 2
Row validation : a[4][2] : 6
Row validation : a[4][3] : 8
Row validation : a[4][4] : 5
Row validation : a[4][5] : 3
Row validation : a[4][6] : 7
Row validation : a[4][7] : 9
Row validation : a[4][8] : 1
Col validation : a[0][3] : 6
Col validation : a[1][3] : 1
Col validation : a[2][3] : 3
Col validation : a[3][3] : 7
Col validation : a[4][3] : 8
Col validation : a[5][3] : 9
Col validation : a[6][3] : 5
Col validation : a[7][3] : 4
Col validation : a[8][3] : 2
Square validation : a[0][0] : 5
Square validation : a[0][1] : 3
Square validation : a[0][2] : 4
Square validation : a[1][0] : 6
Square validation : a[1][1] : 7
Square validation : a[1][2] : 2
Square validation : a[2][0] : 1
Square validation : a[2][1] : 9
Square validation : a[2][2] : 8
Row validation : a[4][0] : 4
Row validation : a[4][1] : 2
Row validation : a[4][2] : 6
Row validation : a[4][3] : 8
Row validation : a[4][4] : 5
Row validation : a[4][5] : 3
Row validation : a[4][6] : 7
Row validation : a[4][7] : 9
Row validation : a[4][8] : 1
Col validation : a[0][4] : 7
Col validation : a[1][4] : 9
Col validation : a[2][4] : 4
Col validation : a[3][4] : 6
Col validation : a[4][4] : 5
Col validation : a[5][4] : 2
Col validation : a[6][4] : 3
Col validation : a[7][4] : 1
Col validation : a[8][4] : 8
Square validation : a[0][0] : 5
Square validation : a[0][1] : 3
Square validation : a[0][2] : 4
Square validation : a[1][0] : 6
Square validation : a[1][1] : 7
Square validation : a[1][2] : 2
Square validation : a[2][0] : 1
Square validation : a[2][1] : 9
Square validation : a[2][2] : 8
Row validation : a[4][0] : 4
Row validation : a[4][1] : 2
Row validation : a[4][2] : 6
Row validation : a[4][3] : 8
Row validation : a[4][4] : 5
Row validation : a[4][5] : 3
Row validation : a[4][6] : 7
Row validation : a[4][7] : 9
Row validation : a[4][8] : 1
Col validation : a[0][5] : 8
Col validation : a[1][5] : 5
Col validation : a[2][5] : 2
Col validation : a[3][5] : 1
Col validation : a[4][5] : 3
Col validation : a[5][5] : 4
Col validation : a[6][5] : 7
Col validation : a[7][5] : 9
Col validation : a[8][5] : 6
Square validation : a[0][0] : 5
Square validation : a[0][1] : 3
Square validation : a[0][2] : 4
Square validation : a[1][0] : 6
Square validation : a[1][1] : 7
Square validation : a[1][2] : 2
Square validation : a[2][0] : 1
Square validation : a[2][1] : 9
Square validation : a[2][2] : 8
Row validation : a[4][0] : 4
Row validation : a[4][1] : 2
Row validation : a[4][2] : 6
Row validation : a[4][3] : 8
Row validation : a[4][4] : 5
Row validation : a[4][5] : 3
Row validation : a[4][6] : 7
Row validation : a[4][7] : 9
Row validation : a[4][8] : 1
Col validation : a[0][6] : 9
Col validation : a[1][6] : 3
Col validation : a[2][6] : 5
Col validation : a[3][6] : 4
Col validation : a[4][6] : 7
Col validation : a[5][6] : 8
Col validation : a[6][6] : 2
Col validation : a[7][6] : 6
Col validation : a[8][6] : 1
Square validation : a[0][0] : 5
Square validation : a[0][1] : 3
Square validation : a[0][2] : 4
Square validation : a[1][0] : 6
Square validation : a[1][1] : 7
Square validation : a[1][2] : 2
Square validation : a[2][0] : 1
Square validation : a[2][1] : 9
Square validation : a[2][2] : 8
Row validation : a[4][0] : 4
Row validation : a[4][1] : 2
Row validation : a[4][2] : 6
Row validation : a[4][3] : 8
Row validation : a[4][4] : 5
Row validation : a[4][5] : 3
Row validation : a[4][6] : 7
Row validation : a[4][7] : 9
Row validation : a[4][8] : 1
Col validation : a[0][7] : 1
Col validation : a[1][7] : 4
Col validation : a[2][7] : 6
Col validation : a[3][7] : 2
Col validation : a[4][7] : 9
Col validation : a[5][7] : 5
Col validation : a[6][7] : 8
Col validation : a[7][7] : 3
Col validation : a[8][7] : 7
Square validation : a[0][0] : 5
Square validation : a[0][1] : 3
Square validation : a[0][2] : 4
Square validation : a[1][0] : 6
Square validation : a[1][1] : 7
Square validation : a[1][2] : 2
Square validation : a[2][0] : 1
Square validation : a[2][1] : 9
Square validation : a[2][2] : 8
Row validation : a[4][0] : 4
Row validation : a[4][1] : 2
Row validation : a[4][2] : 6
Row validation : a[4][3] : 8
Row validation : a[4][4] : 5
Row validation : a[4][5] : 3
Row validation : a[4][6] : 7
Row validation : a[4][7] : 9
Row validation : a[4][8] : 1
Col validation : a[0][8] : 2
Col validation : a[1][8] : 8
Col validation : a[2][8] : 7
Col validation : a[3][8] : 3
Col validation : a[4][8] : 1
Col validation : a[5][8] : 6
Col validation : a[6][8] : 4
Col validation : a[7][8] : 5
Col validation : a[8][8] : 9
Square validation : a[0][0] : 5
Square validation : a[0][1] : 3
Square validation : a[0][2] : 4
Square validation : a[1][0] : 6
Square validation : a[1][1] : 7
Square validation : a[1][2] : 2
Square validation : a[2][0] : 1
Square validation : a[2][1] : 9
Square validation : a[2][2] : 8
Row validation : a[5][0] : 7
Row validation : a[5][1] : 1
Row validation : a[5][2] : 3
Row validation : a[5][3] : 9
Row validation : a[5][4] : 2
Row validation : a[5][5] : 4
Row validation : a[5][6] : 8
Row validation : a[5][7] : 5
Row validation : a[5][8] : 6
Col validation : a[0][0] : 5
Col validation : a[1][0] : 6
Col validation : a[2][0] : 1
Col validation : a[3][0] : 8
Col validation : a[4][0] : 4
Col validation : a[5][0] : 7
Col validation : a[6][0] : 9
Col validation : a[7][0] : 2
Col validation : a[8][0] : 3
Square validation : a[0][0] : 5
Square validation : a[0][1] : 3
Square validation : a[0][2] : 4
Square validation : a[1][0] : 6
Square validation : a[1][1] : 7
Square validation : a[1][2] : 2
Square validation : a[2][0] : 1
Square validation : a[2][1] : 9
Square validation : a[2][2] : 8
Row validation : a[5][0] : 7
Row validation : a[5][1] : 1
Row validation : a[5][2] : 3
Row validation : a[5][3] : 9
Row validation : a[5][4] : 2
Row validation : a[5][5] : 4
Row validation : a[5][6] : 8
Row validation : a[5][7] : 5
Row validation : a[5][8] : 6
Col validation : a[0][1] : 3
Col validation : a[1][1] : 7
Col validation : a[2][1] : 9
Col validation : a[3][1] : 5
Col validation : a[4][1] : 2
Col validation : a[5][1] : 1
Col validation : a[6][1] : 6
Col validation : a[7][1] : 8
Col validation : a[8][1] : 4
Square validation : a[0][0] : 5
Square validation : a[0][1] : 3
Square validation : a[0][2] : 4
Square validation : a[1][0] : 6
Square validation : a[1][1] : 7
Square validation : a[1][2] : 2
Square validation : a[2][0] : 1
Square validation : a[2][1] : 9
Square validation : a[2][2] : 8
Row validation : a[5][0] : 7
Row validation : a[5][1] : 1
Row validation : a[5][2] : 3
Row validation : a[5][3] : 9
Row validation : a[5][4] : 2
Row validation : a[5][5] : 4
Row validation : a[5][6] : 8
Row validation : a[5][7] : 5
Row validation : a[5][8] : 6
Col validation : a[0][2] : 4
Col validation : a[1][2] : 2
Col validation : a[2][2] : 8
Col validation : a[3][2] : 9
Col validation : a[4][2] : 6
Col validation : a[5][2] : 3
Col validation : a[6][2] : 1
Col validation : a[7][2] : 7
Col validation : a[8][2] : 5
Square validation : a[0][0] : 5
Square validation : a[0][1] : 3
Square validation : a[0][2] : 4
Square validation : a[1][0] : 6
Square validation : a[1][1] : 7
Square validation : a[1][2] : 2
Square validation : a[2][0] : 1
Square validation : a[2][1] : 9
Square validation : a[2][2] : 8
Row validation : a[5][0] : 7
Row validation : a[5][1] : 1
Row validation : a[5][2] : 3
Row validation : a[5][3] : 9
Row validation : a[5][4] : 2
Row validation : a[5][5] : 4
Row validation : a[5][6] : 8
Row validation : a[5][7] : 5
Row validation : a[5][8] : 6
Col validation : a[0][3] : 6
Col validation : a[1][3] : 1
Col validation : a[2][3] : 3
Col validation : a[3][3] : 7
Col validation : a[4][3] : 8
Col validation : a[5][3] : 9
Col validation : a[6][3] : 5
Col validation : a[7][3] : 4
Col validation : a[8][3] : 2
Square validation : a[0][0] : 5
Square validation : a[0][1] : 3
Square validation : a[0][2] : 4
Square validation : a[1][0] : 6
Square validation : a[1][1] : 7
Square validation : a[1][2] : 2
Square validation : a[2][0] : 1
Square validation : a[2][1] : 9
Square validation : a[2][2] : 8
Row validation : a[5][0] : 7
Row validation : a[5][1] : 1
Row validation : a[5][2] : 3
Row validation : a[5][3] : 9
Row validation : a[5][4] : 2
Row validation : a[5][5] : 4
Row validation : a[5][6] : 8
Row validation : a[5][7] : 5
Row validation : a[5][8] : 6
Col validation : a[0][4] : 7
Col validation : a[1][4] : 9
Col validation : a[2][4] : 4
Col validation : a[3][4] : 6
Col validation : a[4][4] : 5
Col validation : a[5][4] : 2
Col validation : a[6][4] : 3
Col validation : a[7][4] : 1
Col validation : a[8][4] : 8
Square validation : a[0][0] : 5
Square validation : a[0][1] : 3
Square validation : a[0][2] : 4
Square validation : a[1][0] : 6
Square validation : a[1][1] : 7
Square validation : a[1][2] : 2
Square validation : a[2][0] : 1
Square validation : a[2][1] : 9
Square validation : a[2][2] : 8
Row validation : a[5][0] : 7
Row validation : a[5][1] : 1
Row validation : a[5][2] : 3
Row validation : a[5][3] : 9
Row validation : a[5][4] : 2
Row validation : a[5][5] : 4
Row validation : a[5][6] : 8
Row validation : a[5][7] : 5
Row validation : a[5][8] : 6
Col validation : a[0][5] : 8
Col validation : a[1][5] : 5
Col validation : a[2][5] : 2
Col validation : a[3][5] : 1
Col validation : a[4][5] : 3
Col validation : a[5][5] : 4
Col validation : a[6][5] : 7
Col validation : a[7][5] : 9
Col validation : a[8][5] : 6
Square validation : a[0][0] : 5
Square validation : a[0][1] : 3
Square validation : a[0][2] : 4
Square validation : a[1][0] : 6
Square validation : a[1][1] : 7
Square validation : a[1][2] : 2
Square validation : a[2][0] : 1
Square validation : a[2][1] : 9
Square validation : a[2][2] : 8
Row validation : a[5][0] : 7
Row validation : a[5][1] : 1
Row validation : a[5][2] : 3
Row validation : a[5][3] : 9
Row validation : a[5][4] : 2
Row validation : a[5][5] : 4
Row validation : a[5][6] : 8
Row validation : a[5][7] : 5
Row validation : a[5][8] : 6
Col validation : a[0][6] : 9
Col validation : a[1][6] : 3
Col validation : a[2][6] : 5
Col validation : a[3][6] : 4
Col validation : a[4][6] : 7
Col validation : a[5][6] : 8
Col validation : a[6][6] : 2
Col validation : a[7][6] : 6
Col validation : a[8][6] : 1
Square validation : a[0][0] : 5
Square validation : a[0][1] : 3
Square validation : a[0][2] : 4
Square validation : a[1][0] : 6
Square validation : a[1][1] : 7
Square validation : a[1][2] : 2
Square validation : a[2][0] : 1
Square validation : a[2][1] : 9
Square validation : a[2][2] : 8
Row validation : a[5][0] : 7
Row validation : a[5][1] : 1
Row validation : a[5][2] : 3
Row validation : a[5][3] : 9
Row validation : a[5][4] : 2
Row validation : a[5][5] : 4
Row validation : a[5][6] : 8
Row validation : a[5][7] : 5
Row validation : a[5][8] : 6
Col validation : a[0][7] : 1
Col validation : a[1][7] : 4
Col validation : a[2][7] : 6
Col validation : a[3][7] : 2
Col validation : a[4][7] : 9
Col validation : a[5][7] : 5
Col validation : a[6][7] : 8
Col validation : a[7][7] : 3
Col validation : a[8][7] : 7
Square validation : a[0][0] : 5
Square validation : a[0][1] : 3
Square validation : a[0][2] : 4
Square validation : a[1][0] : 6
Square validation : a[1][1] : 7
Square validation : a[1][2] : 2
Square validation : a[2][0] : 1
Square validation : a[2][1] : 9
Square validation : a[2][2] : 8
Row validation : a[5][0] : 7
Row validation : a[5][1] : 1
Row validation : a[5][2] : 3
Row validation : a[5][3] : 9
Row validation : a[5][4] : 2
Row validation : a[5][5] : 4
Row validation : a[5][6] : 8
Row validation : a[5][7] : 5
Row validation : a[5][8] : 6
Col validation : a[0][8] : 2
Col validation : a[1][8] : 8
Col validation : a[2][8] : 7
Col validation : a[3][8] : 3
Col validation : a[4][8] : 1
Col validation : a[5][8] : 6
Col validation : a[6][8] : 4
Col validation : a[7][8] : 5
Col validation : a[8][8] : 9
Square validation : a[0][0] : 5
Square validation : a[0][1] : 3
Square validation : a[0][2] : 4
Square validation : a[1][0] : 6
Square validation : a[1][1] : 7
Square validation : a[1][2] : 2
Square validation : a[2][0] : 1
Square validation : a[2][1] : 9
Square validation : a[2][2] : 8
Row validation : a[6][0] : 9
Row validation : a[6][1] : 6
Row validation : a[6][2] : 1
Row validation : a[6][3] : 5
Row validation : a[6][4] : 3
Row validation : a[6][5] : 7
Row validation : a[6][6] : 2
Row validation : a[6][7] : 8
Row validation : a[6][8] : 4
Col validation : a[0][0] : 5
Col validation : a[1][0] : 6
Col validation : a[2][0] : 1
Col validation : a[3][0] : 8
Col validation : a[4][0] : 4
Col validation : a[5][0] : 7
Col validation : a[6][0] : 9
Col validation : a[7][0] : 2
Col validation : a[8][0] : 3
Square validation : a[0][0] : 5
Square validation : a[0][1] : 3
Square validation : a[0][2] : 4
Square validation : a[1][0] : 6
Square validation : a[1][1] : 7
Square validation : a[1][2] : 2
Square validation : a[2][0] : 1
Square validation : a[2][1] : 9
Square validation : a[2][2] : 8
Row validation : a[6][0] : 9
Row validation : a[6][1] : 6
Row validation : a[6][2] : 1
Row validation : a[6][3] : 5
Row validation : a[6][4] : 3
Row validation : a[6][5] : 7
Row validation : a[6][6] : 2
Row validation : a[6][7] : 8
Row validation : a[6][8] : 4
Col validation : a[0][1] : 3
Col validation : a[1][1] : 7
Col validation : a[2][1] : 9
Col validation : a[3][1] : 5
Col validation : a[4][1] : 2
Col validation : a[5][1] : 1
Col validation : a[6][1] : 6
Col validation : a[7][1] : 8
Col validation : a[8][1] : 4
Square validation : a[0][0] : 5
Square validation : a[0][1] : 3
Square validation : a[0][2] : 4
Square validation : a[1][0] : 6
Square validation : a[1][1] : 7
Square validation : a[1][2] : 2
Square validation : a[2][0] : 1
Square validation : a[2][1] : 9
Square validation : a[2][2] : 8
Row validation : a[6][0] : 9
Row validation : a[6][1] : 6
Row validation : a[6][2] : 1
Row validation : a[6][3] : 5
Row validation : a[6][4] : 3
Row validation : a[6][5] : 7
Row validation : a[6][6] : 2
Row validation : a[6][7] : 8
Row validation : a[6][8] : 4
Col validation : a[0][2] : 4
Col validation : a[1][2] : 2
Col validation : a[2][2] : 8
Col validation : a[3][2] : 9
Col validation : a[4][2] : 6
Col validation : a[5][2] : 3
Col validation : a[6][2] : 1
Col validation : a[7][2] : 7
Col validation : a[8][2] : 5
Square validation : a[0][0] : 5
Square validation : a[0][1] : 3
Square validation : a[0][2] : 4
Square validation : a[1][0] : 6
Square validation : a[1][1] : 7
Square validation : a[1][2] : 2
Square validation : a[2][0] : 1
Square validation : a[2][1] : 9
Square validation : a[2][2] : 8
Row validation : a[6][0] : 9
Row validation : a[6][1] : 6
Row validation : a[6][2] : 1
Row validation : a[6][3] : 5
Row validation : a[6][4] : 3
Row validation : a[6][5] : 7
Row validation : a[6][6] : 2
Row validation : a[6][7] : 8
Row validation : a[6][8] : 4
Col validation : a[0][3] : 6
Col validation : a[1][3] : 1
Col validation : a[2][3] : 3
Col validation : a[3][3] : 7
Col validation : a[4][3] : 8
Col validation : a[5][3] : 9
Col validation : a[6][3] : 5
Col validation : a[7][3] : 4
Col validation : a[8][3] : 2
Square validation : a[0][0] : 5
Square validation : a[0][1] : 3
Square validation : a[0][2] : 4
Square validation : a[1][0] : 6
Square validation : a[1][1] : 7
Square validation : a[1][2] : 2
Square validation : a[2][0] : 1
Square validation : a[2][1] : 9
Square validation : a[2][2] : 8
Row validation : a[6][0] : 9
Row validation : a[6][1] : 6
Row validation : a[6][2] : 1
Row validation : a[6][3] : 5
Row validation : a[6][4] : 3
Row validation : a[6][5] : 7
Row validation : a[6][6] : 2
Row validation : a[6][7] : 8
Row validation : a[6][8] : 4
Col validation : a[0][4] : 7
Col validation : a[1][4] : 9
Col validation : a[2][4] : 4
Col validation : a[3][4] : 6
Col validation : a[4][4] : 5
Col validation : a[5][4] : 2
Col validation : a[6][4] : 3
Col validation : a[7][4] : 1
Col validation : a[8][4] : 8
Square validation : a[0][0] : 5
Square validation : a[0][1] : 3
Square validation : a[0][2] : 4
Square validation : a[1][0] : 6
Square validation : a[1][1] : 7
Square validation : a[1][2] : 2
Square validation : a[2][0] : 1
Square validation : a[2][1] : 9
Square validation : a[2][2] : 8
Row validation : a[6][0] : 9
Row validation : a[6][1] : 6
Row validation : a[6][2] : 1
Row validation : a[6][3] : 5
Row validation : a[6][4] : 3
Row validation : a[6][5] : 7
Row validation : a[6][6] : 2
Row validation : a[6][7] : 8
Row validation : a[6][8] : 4
Col validation : a[0][5] : 8
Col validation : a[1][5] : 5
Col validation : a[2][5] : 2
Col validation : a[3][5] : 1
Col validation : a[4][5] : 3
Col validation : a[5][5] : 4
Col validation : a[6][5] : 7
Col validation : a[7][5] : 9
Col validation : a[8][5] : 6
Square validation : a[0][0] : 5
Square validation : a[0][1] : 3
Square validation : a[0][2] : 4
Square validation : a[1][0] : 6
Square validation : a[1][1] : 7
Square validation : a[1][2] : 2
Square validation : a[2][0] : 1
Square validation : a[2][1] : 9
Square validation : a[2][2] : 8
Row validation : a[6][0] : 9
Row validation : a[6][1] : 6
Row validation : a[6][2] : 1
Row validation : a[6][3] : 5
Row validation : a[6][4] : 3
Row validation : a[6][5] : 7
Row validation : a[6][6] : 2
Row validation : a[6][7] : 8
Row validation : a[6][8] : 4
Col validation : a[0][6] : 9
Col validation : a[1][6] : 3
Col validation : a[2][6] : 5
Col validation : a[3][6] : 4
Col validation : a[4][6] : 7
Col validation : a[5][6] : 8
Col validation : a[6][6] : 2
Col validation : a[7][6] : 6
Col validation : a[8][6] : 1
Square validation : a[0][0] : 5
Square validation : a[0][1] : 3
Square validation : a[0][2] : 4
Square validation : a[1][0] : 6
Square validation : a[1][1] : 7
Square validation : a[1][2] : 2
Square validation : a[2][0] : 1
Square validation : a[2][1] : 9
Square validation : a[2][2] : 8
Row validation : a[6][0] : 9
Row validation : a[6][1] : 6
Row validation : a[6][2] : 1
Row validation : a[6][3] : 5
Row validation : a[6][4] : 3
Row validation : a[6][5] : 7
Row validation : a[6][6] : 2
Row validation : a[6][7] : 8
Row validation : a[6][8] : 4
Col validation : a[0][7] : 1
Col validation : a[1][7] : 4
Col validation : a[2][7] : 6
Col validation : a[3][7] : 2
Col validation : a[4][7] : 9
Col validation : a[5][7] : 5
Col validation : a[6][7] : 8
Col validation : a[7][7] : 3
Col validation : a[8][7] : 7
Square validation : a[0][0] : 5
Square validation : a[0][1] : 3
Square validation : a[0][2] : 4
Square validation : a[1][0] : 6
Square validation : a[1][1] : 7
Square validation : a[1][2] : 2
Square validation : a[2][0] : 1
Square validation : a[2][1] : 9
Square validation : a[2][2] : 8
Row validation : a[6][0] : 9
Row validation : a[6][1] : 6
Row validation : a[6][2] : 1
Row validation : a[6][3] : 5
Row validation : a[6][4] : 3
Row validation : a[6][5] : 7
Row validation : a[6][6] : 2
Row validation : a[6][7] : 8
Row validation : a[6][8] : 4
Col validation : a[0][8] : 2
Col validation : a[1][8] : 8
Col validation : a[2][8] : 7
Col validation : a[3][8] : 3
Col validation : a[4][8] : 1
Col validation : a[5][8] : 6
Col validation : a[6][8] : 4
Col validation : a[7][8] : 5
Col validation : a[8][8] : 9
Square validation : a[0][0] : 5
Square validation : a[0][1] : 3
Square validation : a[0][2] : 4
Square validation : a[1][0] : 6
Square validation : a[1][1] : 7
Square validation : a[1][2] : 2
Square validation : a[2][0] : 1
Square validation : a[2][1] : 9
Square validation : a[2][2] : 8
Row validation : a[7][0] : 2
Row validation : a[7][1] : 8
Row validation : a[7][2] : 7
Row validation : a[7][3] : 4
Row validation : a[7][4] : 1
Row validation : a[7][5] : 9
Row validation : a[7][6] : 6
Row validation : a[7][7] : 3
Row validation : a[7][8] : 5
Col validation : a[0][0] : 5
Col validation : a[1][0] : 6
Col validation : a[2][0] : 1
Col validation : a[3][0] : 8
Col validation : a[4][0] : 4
Col validation : a[5][0] : 7
Col validation : a[6][0] : 9
Col validation : a[7][0] : 2
Col validation : a[8][0] : 3
Square validation : a[0][0] : 5
Square validation : a[0][1] : 3
Square validation : a[0][2] : 4
Square validation : a[1][0] : 6
Square validation : a[1][1] : 7
Square validation : a[1][2] : 2
Square validation : a[2][0] : 1
Square validation : a[2][1] : 9
Square validation : a[2][2] : 8
Row validation : a[7][0] : 2
Row validation : a[7][1] : 8
Row validation : a[7][2] : 7
Row validation : a[7][3] : 4
Row validation : a[7][4] : 1
Row validation : a[7][5] : 9
Row validation : a[7][6] : 6
Row validation : a[7][7] : 3
Row validation : a[7][8] : 5
Col validation : a[0][1] : 3
Col validation : a[1][1] : 7
Col validation : a[2][1] : 9
Col validation : a[3][1] : 5
Col validation : a[4][1] : 2
Col validation : a[5][1] : 1
Col validation : a[6][1] : 6
Col validation : a[7][1] : 8
Col validation : a[8][1] : 4
Square validation : a[0][0] : 5
Square validation : a[0][1] : 3
Square validation : a[0][2] : 4
Square validation : a[1][0] : 6
Square validation : a[1][1] : 7
Square validation : a[1][2] : 2
Square validation : a[2][0] : 1
Square validation : a[2][1] : 9
Square validation : a[2][2] : 8
Row validation : a[7][0] : 2
Row validation : a[7][1] : 8
Row validation : a[7][2] : 7
Row validation : a[7][3] : 4
Row validation : a[7][4] : 1
Row validation : a[7][5] : 9
Row validation : a[7][6] : 6
Row validation : a[7][7] : 3
Row validation : a[7][8] : 5
Col validation : a[0][2] : 4
Col validation : a[1][2] : 2
Col validation : a[2][2] : 8
Col validation : a[3][2] : 9
Col validation : a[4][2] : 6
Col validation : a[5][2] : 3
Col validation : a[6][2] : 1
Col validation : a[7][2] : 7
Col validation : a[8][2] : 5
Square validation : a[0][0] : 5
Square validation : a[0][1] : 3
Square validation : a[0][2] : 4
Square validation : a[1][0] : 6
Square validation : a[1][1] : 7
Square validation : a[1][2] : 2
Square validation : a[2][0] : 1
Square validation : a[2][1] : 9
Square validation : a[2][2] : 8
Row validation : a[7][0] : 2
Row validation : a[7][1] : 8
Row validation : a[7][2] : 7
Row validation : a[7][3] : 4
Row validation : a[7][4] : 1
Row validation : a[7][5] : 9
Row validation : a[7][6] : 6
Row validation : a[7][7] : 3
Row validation : a[7][8] : 5
Col validation : a[0][3] : 6
Col validation : a[1][3] : 1
Col validation : a[2][3] : 3
Col validation : a[3][3] : 7
Col validation : a[4][3] : 8
Col validation : a[5][3] : 9
Col validation : a[6][3] : 5
Col validation : a[7][3] : 4
Col validation : a[8][3] : 2
Square validation : a[0][0] : 5
Square validation : a[0][1] : 3
Square validation : a[0][2] : 4
Square validation : a[1][0] : 6
Square validation : a[1][1] : 7
Square validation : a[1][2] : 2
Square validation : a[2][0] : 1
Square validation : a[2][1] : 9
Square validation : a[2][2] : 8
Row validation : a[7][0] : 2
Row validation : a[7][1] : 8
Row validation : a[7][2] : 7
Row validation : a[7][3] : 4
Row validation : a[7][4] : 1
Row validation : a[7][5] : 9
Row validation : a[7][6] : 6
Row validation : a[7][7] : 3
Row validation : a[7][8] : 5
Col validation : a[0][4] : 7
Col validation : a[1][4] : 9
Col validation : a[2][4] : 4
Col validation : a[3][4] : 6
Col validation : a[4][4] : 5
Col validation : a[5][4] : 2
Col validation : a[6][4] : 3
Col validation : a[7][4] : 1
Col validation : a[8][4] : 8
Square validation : a[0][0] : 5
Square validation : a[0][1] : 3
Square validation : a[0][2] : 4
Square validation : a[1][0] : 6
Square validation : a[1][1] : 7
Square validation : a[1][2] : 2
Square validation : a[2][0] : 1
Square validation : a[2][1] : 9
Square validation : a[2][2] : 8
Row validation : a[7][0] : 2
Row validation : a[7][1] : 8
Row validation : a[7][2] : 7
Row validation : a[7][3] : 4
Row validation : a[7][4] : 1
Row validation : a[7][5] : 9
Row validation : a[7][6] : 6
Row validation : a[7][7] : 3
Row validation : a[7][8] : 5
Col validation : a[0][5] : 8
Col validation : a[1][5] : 5
Col validation : a[2][5] : 2
Col validation : a[3][5] : 1
Col validation : a[4][5] : 3
Col validation : a[5][5] : 4
Col validation : a[6][5] : 7
Col validation : a[7][5] : 9
Col validation : a[8][5] : 6
Square validation : a[0][0] : 5
Square validation : a[0][1] : 3
Square validation : a[0][2] : 4
Square validation : a[1][0] : 6
Square validation : a[1][1] : 7
Square validation : a[1][2] : 2
Square validation : a[2][0] : 1
Square validation : a[2][1] : 9
Square validation : a[2][2] : 8
Row validation : a[7][0] : 2
Row validation : a[7][1] : 8
Row validation : a[7][2] : 7
Row validation : a[7][3] : 4
Row validation : a[7][4] : 1
Row validation : a[7][5] : 9
Row validation : a[7][6] : 6
Row validation : a[7][7] : 3
Row validation : a[7][8] : 5
Col validation : a[0][6] : 9
Col validation : a[1][6] : 3
Col validation : a[2][6] : 5
Col validation : a[3][6] : 4
Col validation : a[4][6] : 7
Col validation : a[5][6] : 8
Col validation : a[6][6] : 2
Col validation : a[7][6] : 6
Col validation : a[8][6] : 1
Square validation : a[0][0] : 5
Square validation : a[0][1] : 3
Square validation : a[0][2] : 4
Square validation : a[1][0] : 6
Square validation : a[1][1] : 7
Square validation : a[1][2] : 2
Square validation : a[2][0] : 1
Square validation : a[2][1] : 9
Square validation : a[2][2] : 8
Row validation : a[7][0] : 2
Row validation : a[7][1] : 8
Row validation : a[7][2] : 7
Row validation : a[7][3] : 4
Row validation : a[7][4] : 1
Row validation : a[7][5] : 9
Row validation : a[7][6] : 6
Row validation : a[7][7] : 3
Row validation : a[7][8] : 5
Col validation : a[0][7] : 1
Col validation : a[1][7] : 4
Col validation : a[2][7] : 6
Col validation : a[3][7] : 2
Col validation : a[4][7] : 9
Col validation : a[5][7] : 5
Col validation : a[6][7] : 8
Col validation : a[7][7] : 3
Col validation : a[8][7] : 7
Square validation : a[0][0] : 5
Square validation : a[0][1] : 3
Square validation : a[0][2] : 4
Square validation : a[1][0] : 6
Square validation : a[1][1] : 7
Square validation : a[1][2] : 2
Square validation : a[2][0] : 1
Square validation : a[2][1] : 9
Square validation : a[2][2] : 8
Row validation : a[7][0] : 2
Row validation : a[7][1] : 8
Row validation : a[7][2] : 7
Row validation : a[7][3] : 4
Row validation : a[7][4] : 1
Row validation : a[7][5] : 9
Row validation : a[7][6] : 6
Row validation : a[7][7] : 3
Row validation : a[7][8] : 5
Col validation : a[0][8] : 2
Col validation : a[1][8] : 8
Col validation : a[2][8] : 7
Col validation : a[3][8] : 3
Col validation : a[4][8] : 1
Col validation : a[5][8] : 6
Col validation : a[6][8] : 4
Col validation : a[7][8] : 5
Col validation : a[8][8] : 9
Square validation : a[0][0] : 5
Square validation : a[0][1] : 3
Square validation : a[0][2] : 4
Square validation : a[1][0] : 6
Square validation : a[1][1] : 7
Square validation : a[1][2] : 2
Square validation : a[2][0] : 1
Square validation : a[2][1] : 9
Square validation : a[2][2] : 8
Row validation : a[8][0] : 3
Row validation : a[8][1] : 4
Row validation : a[8][2] : 5
Row validation : a[8][3] : 2
Row validation : a[8][4] : 8
Row validation : a[8][5] : 6
Row validation : a[8][6] : 1
Row validation : a[8][7] : 7
Row validation : a[8][8] : 9
Col validation : a[0][0] : 5
Col validation : a[1][0] : 6
Col validation : a[2][0] : 1
Col validation : a[3][0] : 8
Col validation : a[4][0] : 4
Col validation : a[5][0] : 7
Col validation : a[6][0] : 9
Col validation : a[7][0] : 2
Col validation : a[8][0] : 3
Square validation : a[0][0] : 5
Square validation : a[0][1] : 3
Square validation : a[0][2] : 4
Square validation : a[1][0] : 6
Square validation : a[1][1] : 7
Square validation : a[1][2] : 2
Square validation : a[2][0] : 1
Square validation : a[2][1] : 9
Square validation : a[2][2] : 8
Row validation : a[8][0] : 3
Row validation : a[8][1] : 4
Row validation : a[8][2] : 5
Row validation : a[8][3] : 2
Row validation : a[8][4] : 8
Row validation : a[8][5] : 6
Row validation : a[8][6] : 1
Row validation : a[8][7] : 7
Row validation : a[8][8] : 9
Col validation : a[0][1] : 3
Col validation : a[1][1] : 7
Col validation : a[2][1] : 9
Col validation : a[3][1] : 5
Col validation : a[4][1] : 2
Col validation : a[5][1] : 1
Col validation : a[6][1] : 6
Col validation : a[7][1] : 8
Col validation : a[8][1] : 4
Square validation : a[0][0] : 5
Square validation : a[0][1] : 3
Square validation : a[0][2] : 4
Square validation : a[1][0] : 6
Square validation : a[1][1] : 7
Square validation : a[1][2] : 2
Square validation : a[2][0] : 1
Square validation : a[2][1] : 9
Square validation : a[2][2] : 8
Row validation : a[8][0] : 3
Row validation : a[8][1] : 4
Row validation : a[8][2] : 5
Row validation : a[8][3] : 2
Row validation : a[8][4] : 8
Row validation : a[8][5] : 6
Row validation : a[8][6] : 1
Row validation : a[8][7] : 7
Row validation : a[8][8] : 9
Col validation : a[0][2] : 4
Col validation : a[1][2] : 2
Col validation : a[2][2] : 8
Col validation : a[3][2] : 9
Col validation : a[4][2] : 6
Col validation : a[5][2] : 3
Col validation : a[6][2] : 1
Col validation : a[7][2] : 7
Col validation : a[8][2] : 5
Square validation : a[0][0] : 5
Square validation : a[0][1] : 3
Square validation : a[0][2] : 4
Square validation : a[1][0] : 6
Square validation : a[1][1] : 7
Square validation : a[1][2] : 2
Square validation : a[2][0] : 1
Square validation : a[2][1] : 9
Square validation : a[2][2] : 8
Row validation : a[8][0] : 3
Row validation : a[8][1] : 4
Row validation : a[8][2] : 5
Row validation : a[8][3] : 2
Row validation : a[8][4] : 8
Row validation : a[8][5] : 6
Row validation : a[8][6] : 1
Row validation : a[8][7] : 7
Row validation : a[8][8] : 9
Col validation : a[0][3] : 6
Col validation : a[1][3] : 1
Col validation : a[2][3] : 3
Col validation : a[3][3] : 7
Col validation : a[4][3] : 8
Col validation : a[5][3] : 9
Col validation : a[6][3] : 5
Col validation : a[7][3] : 4
Col validation : a[8][3] : 2
Square validation : a[0][0] : 5
Square validation : a[0][1] : 3
Square validation : a[0][2] : 4
Square validation : a[1][0] : 6
Square validation : a[1][1] : 7
Square validation : a[1][2] : 2
Square validation : a[2][0] : 1
Square validation : a[2][1] : 9
Square validation : a[2][2] : 8
Row validation : a[8][0] : 3
Row validation : a[8][1] : 4
Row validation : a[8][2] : 5
Row validation : a[8][3] : 2
Row validation : a[8][4] : 8
Row validation : a[8][5] : 6
Row validation : a[8][6] : 1
Row validation : a[8][7] : 7
Row validation : a[8][8] : 9
Col validation : a[0][4] : 7
Col validation : a[1][4] : 9
Col validation : a[2][4] : 4
Col validation : a[3][4] : 6
Col validation : a[4][4] : 5
Col validation : a[5][4] : 2
Col validation : a[6][4] : 3
Col validation : a[7][4] : 1
Col validation : a[8][4] : 8
Square validation : a[0][0] : 5
Square validation : a[0][1] : 3
Square validation : a[0][2] : 4
Square validation : a[1][0] : 6
Square validation : a[1][1] : 7
Square validation : a[1][2] : 2
Square validation : a[2][0] : 1
Square validation : a[2][1] : 9
Square validation : a[2][2] : 8
Row validation : a[8][0] : 3
Row validation : a[8][1] : 4
Row validation : a[8][2] : 5
Row validation : a[8][3] : 2
Row validation : a[8][4] : 8
Row validation : a[8][5] : 6
Row validation : a[8][6] : 1
Row validation : a[8][7] : 7
Row validation : a[8][8] : 9
Col validation : a[0][5] : 8
Col validation : a[1][5] : 5
Col validation : a[2][5] : 2
Col validation : a[3][5] : 1
Col validation : a[4][5] : 3
Col validation : a[5][5] : 4
Col validation : a[6][5] : 7
Col validation : a[7][5] : 9
Col validation : a[8][5] : 6
Square validation : a[0][0] : 5
Square validation : a[0][1] : 3
Square validation : a[0][2] : 4
Square validation : a[1][0] : 6
Square validation : a[1][1] : 7
Square validation : a[1][2] : 2
Square validation : a[2][0] : 1
Square validation : a[2][1] : 9
Square validation : a[2][2] : 8
Row validation : a[8][0] : 3
Row validation : a[8][1] : 4
Row validation : a[8][2] : 5
Row validation : a[8][3] : 2
Row validation : a[8][4] : 8
Row validation : a[8][5] : 6
Row validation : a[8][6] : 1
Row validation : a[8][7] : 7
Row validation : a[8][8] : 9
Col validation : a[0][6] : 9
Col validation : a[1][6] : 3
Col validation : a[2][6] : 5
Col validation : a[3][6] : 4
Col validation : a[4][6] : 7
Col validation : a[5][6] : 8
Col validation : a[6][6] : 2
Col validation : a[7][6] : 6
Col validation : a[8][6] : 1
Square validation : a[0][0] : 5
Square validation : a[0][1] : 3
Square validation : a[0][2] : 4
Square validation : a[1][0] : 6
Square validation : a[1][1] : 7
Square validation : a[1][2] : 2
Square validation : a[2][0] : 1
Square validation : a[2][1] : 9
Square validation : a[2][2] : 8
Row validation : a[8][0] : 3
Row validation : a[8][1] : 4
Row validation : a[8][2] : 5
Row validation : a[8][3] : 2
Row validation : a[8][4] : 8
Row validation : a[8][5] : 6
Row validation : a[8][6] : 1
Row validation : a[8][7] : 7
Row validation : a[8][8] : 9
Col validation : a[0][7] : 1
Col validation : a[1][7] : 4
Col validation : a[2][7] : 6
Col validation : a[3][7] : 2
Col validation : a[4][7] : 9
Col validation : a[5][7] : 5
Col validation : a[6][7] : 8
Col validation : a[7][7] : 3
Col validation : a[8][7] : 7
Square validation : a[0][0] : 5
Square validation : a[0][1] : 3
Square validation : a[0][2] : 4
Square validation : a[1][0] : 6
Square validation : a[1][1] : 7
Square validation : a[1][2] : 2
Square validation : a[2][0] : 1
Square validation : a[2][1] : 9
Square validation : a[2][2] : 8
Row validation : a[8][0] : 3
Row validation : a[8][1] : 4
Row validation : a[8][2] : 5
Row validation : a[8][3] : 2
Row validation : a[8][4] : 8
Row validation : a[8][5] : 6
Row validation : a[8][6] : 1
Row validation : a[8][7] : 7
Row validation : a[8][8] : 9
Col validation : a[0][8] : 2
Col validation : a[1][8] : 8
Col validation : a[2][8] : 7
Col validation : a[3][8] : 3
Col validation : a[4][8] : 1
Col validation : a[5][8] : 6
Col validation : a[6][8] : 4
Col validation : a[7][8] : 5
Col validation : a[8][8] : 9
Square validation : a[0][0] : 5
Square validation : a[0][1] : 3
Square validation : a[0][2] : 4
Square validation : a[1][0] : 6
Square validation : a[1][1] : 7
Square validation : a[1][2] : 2
Square validation : a[2][0] : 1
Square validation : a[2][1] : 9
Square validation : a[2][2] : 8
src/test/resources/valid_grid_2.txt
Below is the input grid : 
[[5, 3, 4, 6, 7, 8, 9, 1, 2], [6, 7, ., 1, 9, 5, 3, 4, 8], [1, 9, 8, 3, 4, 2, 5, ., 7], [8, 5, 9, 7, 6, 1, 4, 2, 3], [4, ., 6, 8, 5, 3, 7, 9, 1], [7, 1, 3, ., 2, 4, 8, 5, 6], [9, 6, 1, 5, 3, 7, 2, 8, 4], [2, 8, 7, 4, 1, 9, 6, 3, 5], [3, 4, 5, 2, 8, 6, ., 7, 9]]



Sudoku Validation Process started....!
Row validation : a[0][0] : 5
Row validation : a[0][1] : 3
Row validation : a[0][2] : 4
Row validation : a[0][3] : 6
Row validation : a[0][4] : 7
Row validation : a[0][5] : 8
Row validation : a[0][6] : 9
Row validation : a[0][7] : 1
Row validation : a[0][8] : 2
Col validation : a[0][0] : 5
Col validation : a[1][0] : 6
Col validation : a[2][0] : 1
Col validation : a[3][0] : 8
Col validation : a[4][0] : 4
Col validation : a[5][0] : 7
Col validation : a[6][0] : 9
Col validation : a[7][0] : 2
Col validation : a[8][0] : 3
Square validation : a[0][0] : 5
Square validation : a[0][1] : 3
Square validation : a[0][2] : 4
Square validation : a[1][0] : 6
Square validation : a[1][1] : 7
Square validation : a[1][2] : .
Square validation : a[2][0] : 1
Square validation : a[2][1] : 9
Square validation : a[2][2] : 8
Row validation : a[0][0] : 5
Row validation : a[0][1] : 3
Row validation : a[0][2] : 4
Row validation : a[0][3] : 6
Row validation : a[0][4] : 7
Row validation : a[0][5] : 8
Row validation : a[0][6] : 9
Row validation : a[0][7] : 1
Row validation : a[0][8] : 2
Col validation : a[0][1] : 3
Col validation : a[1][1] : 7
Col validation : a[2][1] : 9
Col validation : a[3][1] : 5
Col validation : a[4][1] : .
Col validation : a[5][1] : 1
Col validation : a[6][1] : 6
Col validation : a[7][1] : 8
Col validation : a[8][1] : 4
Square validation : a[0][0] : 5
Square validation : a[0][1] : 3
Square validation : a[0][2] : 4
Square validation : a[1][0] : 6
Square validation : a[1][1] : 7
Square validation : a[1][2] : .
Square validation : a[2][0] : 1
Square validation : a[2][1] : 9
Square validation : a[2][2] : 8
Row validation : a[0][0] : 5
Row validation : a[0][1] : 3
Row validation : a[0][2] : 4
Row validation : a[0][3] : 6
Row validation : a[0][4] : 7
Row validation : a[0][5] : 8
Row validation : a[0][6] : 9
Row validation : a[0][7] : 1
Row validation : a[0][8] : 2
Col validation : a[0][2] : 4
Col validation : a[1][2] : .
Col validation : a[2][2] : 8
Col validation : a[3][2] : 9
Col validation : a[4][2] : 6
Col validation : a[5][2] : 3
Col validation : a[6][2] : 1
Col validation : a[7][2] : 7
Col validation : a[8][2] : 5
Square validation : a[0][0] : 5
Square validation : a[0][1] : 3
Square validation : a[0][2] : 4
Square validation : a[1][0] : 6
Square validation : a[1][1] : 7
Square validation : a[1][2] : .
Square validation : a[2][0] : 1
Square validation : a[2][1] : 9
Square validation : a[2][2] : 8
Row validation : a[0][0] : 5
Row validation : a[0][1] : 3
Row validation : a[0][2] : 4
Row validation : a[0][3] : 6
Row validation : a[0][4] : 7
Row validation : a[0][5] : 8
Row validation : a[0][6] : 9
Row validation : a[0][7] : 1
Row validation : a[0][8] : 2
Col validation : a[0][3] : 6
Col validation : a[1][3] : 1
Col validation : a[2][3] : 3
Col validation : a[3][3] : 7
Col validation : a[4][3] : 8
Col validation : a[5][3] : .
Col validation : a[6][3] : 5
Col validation : a[7][3] : 4
Col validation : a[8][3] : 2
Square validation : a[0][0] : 5
Square validation : a[0][1] : 3
Square validation : a[0][2] : 4
Square validation : a[1][0] : 6
Square validation : a[1][1] : 7
Square validation : a[1][2] : .
Square validation : a[2][0] : 1
Square validation : a[2][1] : 9
Square validation : a[2][2] : 8
Row validation : a[0][0] : 5
Row validation : a[0][1] : 3
Row validation : a[0][2] : 4
Row validation : a[0][3] : 6
Row validation : a[0][4] : 7
Row validation : a[0][5] : 8
Row validation : a[0][6] : 9
Row validation : a[0][7] : 1
Row validation : a[0][8] : 2
Col validation : a[0][4] : 7
Col validation : a[1][4] : 9
Col validation : a[2][4] : 4
Col validation : a[3][4] : 6
Col validation : a[4][4] : 5
Col validation : a[5][4] : 2
Col validation : a[6][4] : 3
Col validation : a[7][4] : 1
Col validation : a[8][4] : 8
Square validation : a[0][0] : 5
Square validation : a[0][1] : 3
Square validation : a[0][2] : 4
Square validation : a[1][0] : 6
Square validation : a[1][1] : 7
Square validation : a[1][2] : .
Square validation : a[2][0] : 1
Square validation : a[2][1] : 9
Square validation : a[2][2] : 8
Row validation : a[0][0] : 5
Row validation : a[0][1] : 3
Row validation : a[0][2] : 4
Row validation : a[0][3] : 6
Row validation : a[0][4] : 7
Row validation : a[0][5] : 8
Row validation : a[0][6] : 9
Row validation : a[0][7] : 1
Row validation : a[0][8] : 2
Col validation : a[0][5] : 8
Col validation : a[1][5] : 5
Col validation : a[2][5] : 2
Col validation : a[3][5] : 1
Col validation : a[4][5] : 3
Col validation : a[5][5] : 4
Col validation : a[6][5] : 7
Col validation : a[7][5] : 9
Col validation : a[8][5] : 6
Square validation : a[0][0] : 5
Square validation : a[0][1] : 3
Square validation : a[0][2] : 4
Square validation : a[1][0] : 6
Square validation : a[1][1] : 7
Square validation : a[1][2] : .
Square validation : a[2][0] : 1
Square validation : a[2][1] : 9
Square validation : a[2][2] : 8
Row validation : a[0][0] : 5
Row validation : a[0][1] : 3
Row validation : a[0][2] : 4
Row validation : a[0][3] : 6
Row validation : a[0][4] : 7
Row validation : a[0][5] : 8
Row validation : a[0][6] : 9
Row validation : a[0][7] : 1
Row validation : a[0][8] : 2
Col validation : a[0][6] : 9
Col validation : a[1][6] : 3
Col validation : a[2][6] : 5
Col validation : a[3][6] : 4
Col validation : a[4][6] : 7
Col validation : a[5][6] : 8
Col validation : a[6][6] : 2
Col validation : a[7][6] : 6
Col validation : a[8][6] : .
Square validation : a[0][0] : 5
Square validation : a[0][1] : 3
Square validation : a[0][2] : 4
Square validation : a[1][0] : 6
Square validation : a[1][1] : 7
Square validation : a[1][2] : .
Square validation : a[2][0] : 1
Square validation : a[2][1] : 9
Square validation : a[2][2] : 8
Row validation : a[0][0] : 5
Row validation : a[0][1] : 3
Row validation : a[0][2] : 4
Row validation : a[0][3] : 6
Row validation : a[0][4] : 7
Row validation : a[0][5] : 8
Row validation : a[0][6] : 9
Row validation : a[0][7] : 1
Row validation : a[0][8] : 2
Col validation : a[0][7] : 1
Col validation : a[1][7] : 4
Col validation : a[2][7] : .
Col validation : a[3][7] : 2
Col validation : a[4][7] : 9
Col validation : a[5][7] : 5
Col validation : a[6][7] : 8
Col validation : a[7][7] : 3
Col validation : a[8][7] : 7
Square validation : a[0][0] : 5
Square validation : a[0][1] : 3
Square validation : a[0][2] : 4
Square validation : a[1][0] : 6
Square validation : a[1][1] : 7
Square validation : a[1][2] : .
Square validation : a[2][0] : 1
Square validation : a[2][1] : 9
Square validation : a[2][2] : 8
Row validation : a[0][0] : 5
Row validation : a[0][1] : 3
Row validation : a[0][2] : 4
Row validation : a[0][3] : 6
Row validation : a[0][4] : 7
Row validation : a[0][5] : 8
Row validation : a[0][6] : 9
Row validation : a[0][7] : 1
Row validation : a[0][8] : 2
Col validation : a[0][8] : 2
Col validation : a[1][8] : 8
Col validation : a[2][8] : 7
Col validation : a[3][8] : 3
Col validation : a[4][8] : 1
Col validation : a[5][8] : 6
Col validation : a[6][8] : 4
Col validation : a[7][8] : 5
Col validation : a[8][8] : 9
Square validation : a[0][0] : 5
Square validation : a[0][1] : 3
Square validation : a[0][2] : 4
Square validation : a[1][0] : 6
Square validation : a[1][1] : 7
Square validation : a[1][2] : .
Square validation : a[2][0] : 1
Square validation : a[2][1] : 9
Square validation : a[2][2] : 8
Row validation : a[1][0] : 6
Row validation : a[1][1] : 7
Row validation : a[1][2] : .
Row validation : a[1][3] : 1
Row validation : a[1][4] : 9
Row validation : a[1][5] : 5
Row validation : a[1][6] : 3
Row validation : a[1][7] : 4
Row validation : a[1][8] : 8
Col validation : a[0][0] : 5
Col validation : a[1][0] : 6
Col validation : a[2][0] : 1
Col validation : a[3][0] : 8
Col validation : a[4][0] : 4
Col validation : a[5][0] : 7
Col validation : a[6][0] : 9
Col validation : a[7][0] : 2
Col validation : a[8][0] : 3
Square validation : a[0][0] : 5
Square validation : a[0][1] : 3
Square validation : a[0][2] : 4
Square validation : a[1][0] : 6
Square validation : a[1][1] : 7
Square validation : a[1][2] : .
Square validation : a[2][0] : 1
Square validation : a[2][1] : 9
Square validation : a[2][2] : 8
Row validation : a[1][0] : 6
Row validation : a[1][1] : 7
Row validation : a[1][2] : .
Row validation : a[1][3] : 1
Row validation : a[1][4] : 9
Row validation : a[1][5] : 5
Row validation : a[1][6] : 3
Row validation : a[1][7] : 4
Row validation : a[1][8] : 8
Col validation : a[0][1] : 3
Col validation : a[1][1] : 7
Col validation : a[2][1] : 9
Col validation : a[3][1] : 5
Col validation : a[4][1] : .
Col validation : a[5][1] : 1
Col validation : a[6][1] : 6
Col validation : a[7][1] : 8
Col validation : a[8][1] : 4
Square validation : a[0][0] : 5
Square validation : a[0][1] : 3
Square validation : a[0][2] : 4
Square validation : a[1][0] : 6
Square validation : a[1][1] : 7
Square validation : a[1][2] : .
Square validation : a[2][0] : 1
Square validation : a[2][1] : 9
Square validation : a[2][2] : 8
Row validation : a[1][0] : 6
Row validation : a[1][1] : 7
Row validation : a[1][2] : .
Row validation : a[1][3] : 1
Row validation : a[1][4] : 9
Row validation : a[1][5] : 5
Row validation : a[1][6] : 3
Row validation : a[1][7] : 4
Row validation : a[1][8] : 8
Col validation : a[0][2] : 4
Col validation : a[1][2] : .
Col validation : a[2][2] : 8
Col validation : a[3][2] : 9
Col validation : a[4][2] : 6
Col validation : a[5][2] : 3
Col validation : a[6][2] : 1
Col validation : a[7][2] : 7
Col validation : a[8][2] : 5
Square validation : a[0][0] : 5
Square validation : a[0][1] : 3
Square validation : a[0][2] : 4
Square validation : a[1][0] : 6
Square validation : a[1][1] : 7
Square validation : a[1][2] : .
Square validation : a[2][0] : 1
Square validation : a[2][1] : 9
Square validation : a[2][2] : 8
Row validation : a[1][0] : 6
Row validation : a[1][1] : 7
Row validation : a[1][2] : .
Row validation : a[1][3] : 1
Row validation : a[1][4] : 9
Row validation : a[1][5] : 5
Row validation : a[1][6] : 3
Row validation : a[1][7] : 4
Row validation : a[1][8] : 8
Col validation : a[0][3] : 6
Col validation : a[1][3] : 1
Col validation : a[2][3] : 3
Col validation : a[3][3] : 7
Col validation : a[4][3] : 8
Col validation : a[5][3] : .
Col validation : a[6][3] : 5
Col validation : a[7][3] : 4
Col validation : a[8][3] : 2
Square validation : a[0][0] : 5
Square validation : a[0][1] : 3
Square validation : a[0][2] : 4
Square validation : a[1][0] : 6
Square validation : a[1][1] : 7
Square validation : a[1][2] : .
Square validation : a[2][0] : 1
Square validation : a[2][1] : 9
Square validation : a[2][2] : 8
Row validation : a[1][0] : 6
Row validation : a[1][1] : 7
Row validation : a[1][2] : .
Row validation : a[1][3] : 1
Row validation : a[1][4] : 9
Row validation : a[1][5] : 5
Row validation : a[1][6] : 3
Row validation : a[1][7] : 4
Row validation : a[1][8] : 8
Col validation : a[0][4] : 7
Col validation : a[1][4] : 9
Col validation : a[2][4] : 4
Col validation : a[3][4] : 6
Col validation : a[4][4] : 5
Col validation : a[5][4] : 2
Col validation : a[6][4] : 3
Col validation : a[7][4] : 1
Col validation : a[8][4] : 8
Square validation : a[0][0] : 5
Square validation : a[0][1] : 3
Square validation : a[0][2] : 4
Square validation : a[1][0] : 6
Square validation : a[1][1] : 7
Square validation : a[1][2] : .
Square validation : a[2][0] : 1
Square validation : a[2][1] : 9
Square validation : a[2][2] : 8
Row validation : a[1][0] : 6
Row validation : a[1][1] : 7
Row validation : a[1][2] : .
Row validation : a[1][3] : 1
Row validation : a[1][4] : 9
Row validation : a[1][5] : 5
Row validation : a[1][6] : 3
Row validation : a[1][7] : 4
Row validation : a[1][8] : 8
Col validation : a[0][5] : 8
Col validation : a[1][5] : 5
Col validation : a[2][5] : 2
Col validation : a[3][5] : 1
Col validation : a[4][5] : 3
Col validation : a[5][5] : 4
Col validation : a[6][5] : 7
Col validation : a[7][5] : 9
Col validation : a[8][5] : 6
Square validation : a[0][0] : 5
Square validation : a[0][1] : 3
Square validation : a[0][2] : 4
Square validation : a[1][0] : 6
Square validation : a[1][1] : 7
Square validation : a[1][2] : .
Square validation : a[2][0] : 1
Square validation : a[2][1] : 9
Square validation : a[2][2] : 8
Row validation : a[1][0] : 6
Row validation : a[1][1] : 7
Row validation : a[1][2] : .
Row validation : a[1][3] : 1
Row validation : a[1][4] : 9
Row validation : a[1][5] : 5
Row validation : a[1][6] : 3
Row validation : a[1][7] : 4
Row validation : a[1][8] : 8
Col validation : a[0][6] : 9
Col validation : a[1][6] : 3
Col validation : a[2][6] : 5
Col validation : a[3][6] : 4
Col validation : a[4][6] : 7
Col validation : a[5][6] : 8
Col validation : a[6][6] : 2
Col validation : a[7][6] : 6
Col validation : a[8][6] : .
Square validation : a[0][0] : 5
Square validation : a[0][1] : 3
Square validation : a[0][2] : 4
Square validation : a[1][0] : 6
Square validation : a[1][1] : 7
Square validation : a[1][2] : .
Square validation : a[2][0] : 1
Square validation : a[2][1] : 9
Square validation : a[2][2] : 8
Row validation : a[1][0] : 6
Row validation : a[1][1] : 7
Row validation : a[1][2] : .
Row validation : a[1][3] : 1
Row validation : a[1][4] : 9
Row validation : a[1][5] : 5
Row validation : a[1][6] : 3
Row validation : a[1][7] : 4
Row validation : a[1][8] : 8
Col validation : a[0][7] : 1
Col validation : a[1][7] : 4
Col validation : a[2][7] : .
Col validation : a[3][7] : 2
Col validation : a[4][7] : 9
Col validation : a[5][7] : 5
Col validation : a[6][7] : 8
Col validation : a[7][7] : 3
Col validation : a[8][7] : 7
Square validation : a[0][0] : 5
Square validation : a[0][1] : 3
Square validation : a[0][2] : 4
Square validation : a[1][0] : 6
Square validation : a[1][1] : 7
Square validation : a[1][2] : .
Square validation : a[2][0] : 1
Square validation : a[2][1] : 9
Square validation : a[2][2] : 8
Row validation : a[1][0] : 6
Row validation : a[1][1] : 7
Row validation : a[1][2] : .
Row validation : a[1][3] : 1
Row validation : a[1][4] : 9
Row validation : a[1][5] : 5
Row validation : a[1][6] : 3
Row validation : a[1][7] : 4
Row validation : a[1][8] : 8
Col validation : a[0][8] : 2
Col validation : a[1][8] : 8
Col validation : a[2][8] : 7
Col validation : a[3][8] : 3
Col validation : a[4][8] : 1
Col validation : a[5][8] : 6
Col validation : a[6][8] : 4
Col validation : a[7][8] : 5
Col validation : a[8][8] : 9
Square validation : a[0][0] : 5
Square validation : a[0][1] : 3
Square validation : a[0][2] : 4
Square validation : a[1][0] : 6
Square validation : a[1][1] : 7
Square validation : a[1][2] : .
Square validation : a[2][0] : 1
Square validation : a[2][1] : 9
Square validation : a[2][2] : 8
Row validation : a[2][0] : 1
Row validation : a[2][1] : 9
Row validation : a[2][2] : 8
Row validation : a[2][3] : 3
Row validation : a[2][4] : 4
Row validation : a[2][5] : 2
Row validation : a[2][6] : 5
Row validation : a[2][7] : .
Row validation : a[2][8] : 7
Col validation : a[0][0] : 5
Col validation : a[1][0] : 6
Col validation : a[2][0] : 1
Col validation : a[3][0] : 8
Col validation : a[4][0] : 4
Col validation : a[5][0] : 7
Col validation : a[6][0] : 9
Col validation : a[7][0] : 2
Col validation : a[8][0] : 3
Square validation : a[0][0] : 5
Square validation : a[0][1] : 3
Square validation : a[0][2] : 4
Square validation : a[1][0] : 6
Square validation : a[1][1] : 7
Square validation : a[1][2] : .
Square validation : a[2][0] : 1
Square validation : a[2][1] : 9
Square validation : a[2][2] : 8
Row validation : a[2][0] : 1
Row validation : a[2][1] : 9
Row validation : a[2][2] : 8
Row validation : a[2][3] : 3
Row validation : a[2][4] : 4
Row validation : a[2][5] : 2
Row validation : a[2][6] : 5
Row validation : a[2][7] : .
Row validation : a[2][8] : 7
Col validation : a[0][1] : 3
Col validation : a[1][1] : 7
Col validation : a[2][1] : 9
Col validation : a[3][1] : 5
Col validation : a[4][1] : .
Col validation : a[5][1] : 1
Col validation : a[6][1] : 6
Col validation : a[7][1] : 8
Col validation : a[8][1] : 4
Square validation : a[0][0] : 5
Square validation : a[0][1] : 3
Square validation : a[0][2] : 4
Square validation : a[1][0] : 6
Square validation : a[1][1] : 7
Square validation : a[1][2] : .
Square validation : a[2][0] : 1
Square validation : a[2][1] : 9
Square validation : a[2][2] : 8
Row validation : a[2][0] : 1
Row validation : a[2][1] : 9
Row validation : a[2][2] : 8
Row validation : a[2][3] : 3
Row validation : a[2][4] : 4
Row validation : a[2][5] : 2
Row validation : a[2][6] : 5
Row validation : a[2][7] : .
Row validation : a[2][8] : 7
Col validation : a[0][2] : 4
Col validation : a[1][2] : .
Col validation : a[2][2] : 8
Col validation : a[3][2] : 9
Col validation : a[4][2] : 6
Col validation : a[5][2] : 3
Col validation : a[6][2] : 1
Col validation : a[7][2] : 7
Col validation : a[8][2] : 5
Square validation : a[0][0] : 5
Square validation : a[0][1] : 3
Square validation : a[0][2] : 4
Square validation : a[1][0] : 6
Square validation : a[1][1] : 7
Square validation : a[1][2] : .
Square validation : a[2][0] : 1
Square validation : a[2][1] : 9
Square validation : a[2][2] : 8
Row validation : a[2][0] : 1
Row validation : a[2][1] : 9
Row validation : a[2][2] : 8
Row validation : a[2][3] : 3
Row validation : a[2][4] : 4
Row validation : a[2][5] : 2
Row validation : a[2][6] : 5
Row validation : a[2][7] : .
Row validation : a[2][8] : 7
Col validation : a[0][3] : 6
Col validation : a[1][3] : 1
Col validation : a[2][3] : 3
Col validation : a[3][3] : 7
Col validation : a[4][3] : 8
Col validation : a[5][3] : .
Col validation : a[6][3] : 5
Col validation : a[7][3] : 4
Col validation : a[8][3] : 2
Square validation : a[0][0] : 5
Square validation : a[0][1] : 3
Square validation : a[0][2] : 4
Square validation : a[1][0] : 6
Square validation : a[1][1] : 7
Square validation : a[1][2] : .
Square validation : a[2][0] : 1
Square validation : a[2][1] : 9
Square validation : a[2][2] : 8
Row validation : a[2][0] : 1
Row validation : a[2][1] : 9
Row validation : a[2][2] : 8
Row validation : a[2][3] : 3
Row validation : a[2][4] : 4
Row validation : a[2][5] : 2
Row validation : a[2][6] : 5
Row validation : a[2][7] : .
Row validation : a[2][8] : 7
Col validation : a[0][4] : 7
Col validation : a[1][4] : 9
Col validation : a[2][4] : 4
Col validation : a[3][4] : 6
Col validation : a[4][4] : 5
Col validation : a[5][4] : 2
Col validation : a[6][4] : 3
Col validation : a[7][4] : 1
Col validation : a[8][4] : 8
Square validation : a[0][0] : 5
Square validation : a[0][1] : 3
Square validation : a[0][2] : 4
Square validation : a[1][0] : 6
Square validation : a[1][1] : 7
Square validation : a[1][2] : .
Square validation : a[2][0] : 1
Square validation : a[2][1] : 9
Square validation : a[2][2] : 8
Row validation : a[2][0] : 1
Row validation : a[2][1] : 9
Row validation : a[2][2] : 8
Row validation : a[2][3] : 3
Row validation : a[2][4] : 4
Row validation : a[2][5] : 2
Row validation : a[2][6] : 5
Row validation : a[2][7] : .
Row validation : a[2][8] : 7
Col validation : a[0][5] : 8
Col validation : a[1][5] : 5
Col validation : a[2][5] : 2
Col validation : a[3][5] : 1
Col validation : a[4][5] : 3
Col validation : a[5][5] : 4
Col validation : a[6][5] : 7
Col validation : a[7][5] : 9
Col validation : a[8][5] : 6
Square validation : a[0][0] : 5
Square validation : a[0][1] : 3
Square validation : a[0][2] : 4
Square validation : a[1][0] : 6
Square validation : a[1][1] : 7
Square validation : a[1][2] : .
Square validation : a[2][0] : 1
Square validation : a[2][1] : 9
Square validation : a[2][2] : 8
Row validation : a[2][0] : 1
Row validation : a[2][1] : 9
Row validation : a[2][2] : 8
Row validation : a[2][3] : 3
Row validation : a[2][4] : 4
Row validation : a[2][5] : 2
Row validation : a[2][6] : 5
Row validation : a[2][7] : .
Row validation : a[2][8] : 7
Col validation : a[0][6] : 9
Col validation : a[1][6] : 3
Col validation : a[2][6] : 5
Col validation : a[3][6] : 4
Col validation : a[4][6] : 7
Col validation : a[5][6] : 8
Col validation : a[6][6] : 2
Col validation : a[7][6] : 6
Col validation : a[8][6] : .
Square validation : a[0][0] : 5
Square validation : a[0][1] : 3
Square validation : a[0][2] : 4
Square validation : a[1][0] : 6
Square validation : a[1][1] : 7
Square validation : a[1][2] : .
Square validation : a[2][0] : 1
Square validation : a[2][1] : 9
Square validation : a[2][2] : 8
Row validation : a[2][0] : 1
Row validation : a[2][1] : 9
Row validation : a[2][2] : 8
Row validation : a[2][3] : 3
Row validation : a[2][4] : 4
Row validation : a[2][5] : 2
Row validation : a[2][6] : 5
Row validation : a[2][7] : .
Row validation : a[2][8] : 7
Col validation : a[0][7] : 1
Col validation : a[1][7] : 4
Col validation : a[2][7] : .
Col validation : a[3][7] : 2
Col validation : a[4][7] : 9
Col validation : a[5][7] : 5
Col validation : a[6][7] : 8
Col validation : a[7][7] : 3
Col validation : a[8][7] : 7
Square validation : a[0][0] : 5
Square validation : a[0][1] : 3
Square validation : a[0][2] : 4
Square validation : a[1][0] : 6
Square validation : a[1][1] : 7
Square validation : a[1][2] : .
Square validation : a[2][0] : 1
Square validation : a[2][1] : 9
Square validation : a[2][2] : 8
Row validation : a[2][0] : 1
Row validation : a[2][1] : 9
Row validation : a[2][2] : 8
Row validation : a[2][3] : 3
Row validation : a[2][4] : 4
Row validation : a[2][5] : 2
Row validation : a[2][6] : 5
Row validation : a[2][7] : .
Row validation : a[2][8] : 7
Col validation : a[0][8] : 2
Col validation : a[1][8] : 8
Col validation : a[2][8] : 7
Col validation : a[3][8] : 3
Col validation : a[4][8] : 1
Col validation : a[5][8] : 6
Col validation : a[6][8] : 4
Col validation : a[7][8] : 5
Col validation : a[8][8] : 9
Square validation : a[0][0] : 5
Square validation : a[0][1] : 3
Square validation : a[0][2] : 4
Square validation : a[1][0] : 6
Square validation : a[1][1] : 7
Square validation : a[1][2] : .
Square validation : a[2][0] : 1
Square validation : a[2][1] : 9
Square validation : a[2][2] : 8
Row validation : a[3][0] : 8
Row validation : a[3][1] : 5
Row validation : a[3][2] : 9
Row validation : a[3][3] : 7
Row validation : a[3][4] : 6
Row validation : a[3][5] : 1
Row validation : a[3][6] : 4
Row validation : a[3][7] : 2
Row validation : a[3][8] : 3
Col validation : a[0][0] : 5
Col validation : a[1][0] : 6
Col validation : a[2][0] : 1
Col validation : a[3][0] : 8
Col validation : a[4][0] : 4
Col validation : a[5][0] : 7
Col validation : a[6][0] : 9
Col validation : a[7][0] : 2
Col validation : a[8][0] : 3
Square validation : a[0][0] : 5
Square validation : a[0][1] : 3
Square validation : a[0][2] : 4
Square validation : a[1][0] : 6
Square validation : a[1][1] : 7
Square validation : a[1][2] : .
Square validation : a[2][0] : 1
Square validation : a[2][1] : 9
Square validation : a[2][2] : 8
Row validation : a[3][0] : 8
Row validation : a[3][1] : 5
Row validation : a[3][2] : 9
Row validation : a[3][3] : 7
Row validation : a[3][4] : 6
Row validation : a[3][5] : 1
Row validation : a[3][6] : 4
Row validation : a[3][7] : 2
Row validation : a[3][8] : 3
Col validation : a[0][1] : 3
Col validation : a[1][1] : 7
Col validation : a[2][1] : 9
Col validation : a[3][1] : 5
Col validation : a[4][1] : .
Col validation : a[5][1] : 1
Col validation : a[6][1] : 6
Col validation : a[7][1] : 8
Col validation : a[8][1] : 4
Square validation : a[0][0] : 5
Square validation : a[0][1] : 3
Square validation : a[0][2] : 4
Square validation : a[1][0] : 6
Square validation : a[1][1] : 7
Square validation : a[1][2] : .
Square validation : a[2][0] : 1
Square validation : a[2][1] : 9
Square validation : a[2][2] : 8
Row validation : a[3][0] : 8
Row validation : a[3][1] : 5
Row validation : a[3][2] : 9
Row validation : a[3][3] : 7
Row validation : a[3][4] : 6
Row validation : a[3][5] : 1
Row validation : a[3][6] : 4
Row validation : a[3][7] : 2
Row validation : a[3][8] : 3
Col validation : a[0][2] : 4
Col validation : a[1][2] : .
Col validation : a[2][2] : 8
Col validation : a[3][2] : 9
Col validation : a[4][2] : 6
Col validation : a[5][2] : 3
Col validation : a[6][2] : 1
Col validation : a[7][2] : 7
Col validation : a[8][2] : 5
Square validation : a[0][0] : 5
Square validation : a[0][1] : 3
Square validation : a[0][2] : 4
Square validation : a[1][0] : 6
Square validation : a[1][1] : 7
Square validation : a[1][2] : .
Square validation : a[2][0] : 1
Square validation : a[2][1] : 9
Square validation : a[2][2] : 8
Row validation : a[3][0] : 8
Row validation : a[3][1] : 5
Row validation : a[3][2] : 9
Row validation : a[3][3] : 7
Row validation : a[3][4] : 6
Row validation : a[3][5] : 1
Row validation : a[3][6] : 4
Row validation : a[3][7] : 2
Row validation : a[3][8] : 3
Col validation : a[0][3] : 6
Col validation : a[1][3] : 1
Col validation : a[2][3] : 3
Col validation : a[3][3] : 7
Col validation : a[4][3] : 8
Col validation : a[5][3] : .
Col validation : a[6][3] : 5
Col validation : a[7][3] : 4
Col validation : a[8][3] : 2
Square validation : a[0][0] : 5
Square validation : a[0][1] : 3
Square validation : a[0][2] : 4
Square validation : a[1][0] : 6
Square validation : a[1][1] : 7
Square validation : a[1][2] : .
Square validation : a[2][0] : 1
Square validation : a[2][1] : 9
Square validation : a[2][2] : 8
Row validation : a[3][0] : 8
Row validation : a[3][1] : 5
Row validation : a[3][2] : 9
Row validation : a[3][3] : 7
Row validation : a[3][4] : 6
Row validation : a[3][5] : 1
Row validation : a[3][6] : 4
Row validation : a[3][7] : 2
Row validation : a[3][8] : 3
Col validation : a[0][4] : 7
Col validation : a[1][4] : 9
Col validation : a[2][4] : 4
Col validation : a[3][4] : 6
Col validation : a[4][4] : 5
Col validation : a[5][4] : 2
Col validation : a[6][4] : 3
Col validation : a[7][4] : 1
Col validation : a[8][4] : 8
Square validation : a[0][0] : 5
Square validation : a[0][1] : 3
Square validation : a[0][2] : 4
Square validation : a[1][0] : 6
Square validation : a[1][1] : 7
Square validation : a[1][2] : .
Square validation : a[2][0] : 1
Square validation : a[2][1] : 9
Square validation : a[2][2] : 8
Row validation : a[3][0] : 8
Row validation : a[3][1] : 5
Row validation : a[3][2] : 9
Row validation : a[3][3] : 7
Row validation : a[3][4] : 6
Row validation : a[3][5] : 1
Row validation : a[3][6] : 4
Row validation : a[3][7] : 2
Row validation : a[3][8] : 3
Col validation : a[0][5] : 8
Col validation : a[1][5] : 5
Col validation : a[2][5] : 2
Col validation : a[3][5] : 1
Col validation : a[4][5] : 3
Col validation : a[5][5] : 4
Col validation : a[6][5] : 7
Col validation : a[7][5] : 9
Col validation : a[8][5] : 6
Square validation : a[0][0] : 5
Square validation : a[0][1] : 3
Square validation : a[0][2] : 4
Square validation : a[1][0] : 6
Square validation : a[1][1] : 7
Square validation : a[1][2] : .
Square validation : a[2][0] : 1
Square validation : a[2][1] : 9
Square validation : a[2][2] : 8
Row validation : a[3][0] : 8
Row validation : a[3][1] : 5
Row validation : a[3][2] : 9
Row validation : a[3][3] : 7
Row validation : a[3][4] : 6
Row validation : a[3][5] : 1
Row validation : a[3][6] : 4
Row validation : a[3][7] : 2
Row validation : a[3][8] : 3
Col validation : a[0][6] : 9
Col validation : a[1][6] : 3
Col validation : a[2][6] : 5
Col validation : a[3][6] : 4
Col validation : a[4][6] : 7
Col validation : a[5][6] : 8
Col validation : a[6][6] : 2
Col validation : a[7][6] : 6
Col validation : a[8][6] : .
Square validation : a[0][0] : 5
Square validation : a[0][1] : 3
Square validation : a[0][2] : 4
Square validation : a[1][0] : 6
Square validation : a[1][1] : 7
Square validation : a[1][2] : .
Square validation : a[2][0] : 1
Square validation : a[2][1] : 9
Square validation : a[2][2] : 8
Row validation : a[3][0] : 8
Row validation : a[3][1] : 5
Row validation : a[3][2] : 9
Row validation : a[3][3] : 7
Row validation : a[3][4] : 6
Row validation : a[3][5] : 1
Row validation : a[3][6] : 4
Row validation : a[3][7] : 2
Row validation : a[3][8] : 3
Col validation : a[0][7] : 1
Col validation : a[1][7] : 4
Col validation : a[2][7] : .
Col validation : a[3][7] : 2
Col validation : a[4][7] : 9
Col validation : a[5][7] : 5
Col validation : a[6][7] : 8
Col validation : a[7][7] : 3
Col validation : a[8][7] : 7
Square validation : a[0][0] : 5
Square validation : a[0][1] : 3
Square validation : a[0][2] : 4
Square validation : a[1][0] : 6
Square validation : a[1][1] : 7
Square validation : a[1][2] : .
Square validation : a[2][0] : 1
Square validation : a[2][1] : 9
Square validation : a[2][2] : 8
Row validation : a[3][0] : 8
Row validation : a[3][1] : 5
Row validation : a[3][2] : 9
Row validation : a[3][3] : 7
Row validation : a[3][4] : 6
Row validation : a[3][5] : 1
Row validation : a[3][6] : 4
Row validation : a[3][7] : 2
Row validation : a[3][8] : 3
Col validation : a[0][8] : 2
Col validation : a[1][8] : 8
Col validation : a[2][8] : 7
Col validation : a[3][8] : 3
Col validation : a[4][8] : 1
Col validation : a[5][8] : 6
Col validation : a[6][8] : 4
Col validation : a[7][8] : 5
Col validation : a[8][8] : 9
Square validation : a[0][0] : 5
Square validation : a[0][1] : 3
Square validation : a[0][2] : 4
Square validation : a[1][0] : 6
Square validation : a[1][1] : 7
Square validation : a[1][2] : .
Square validation : a[2][0] : 1
Square validation : a[2][1] : 9
Square validation : a[2][2] : 8
Row validation : a[4][0] : 4
Row validation : a[4][1] : .
Row validation : a[4][2] : 6
Row validation : a[4][3] : 8
Row validation : a[4][4] : 5
Row validation : a[4][5] : 3
Row validation : a[4][6] : 7
Row validation : a[4][7] : 9
Row validation : a[4][8] : 1
Col validation : a[0][0] : 5
Col validation : a[1][0] : 6
Col validation : a[2][0] : 1
Col validation : a[3][0] : 8
Col validation : a[4][0] : 4
Col validation : a[5][0] : 7
Col validation : a[6][0] : 9
Col validation : a[7][0] : 2
Col validation : a[8][0] : 3
Square validation : a[0][0] : 5
Square validation : a[0][1] : 3
Square validation : a[0][2] : 4
Square validation : a[1][0] : 6
Square validation : a[1][1] : 7
Square validation : a[1][2] : .
Square validation : a[2][0] : 1
Square validation : a[2][1] : 9
Square validation : a[2][2] : 8
Row validation : a[4][0] : 4
Row validation : a[4][1] : .
Row validation : a[4][2] : 6
Row validation : a[4][3] : 8
Row validation : a[4][4] : 5
Row validation : a[4][5] : 3
Row validation : a[4][6] : 7
Row validation : a[4][7] : 9
Row validation : a[4][8] : 1
Col validation : a[0][1] : 3
Col validation : a[1][1] : 7
Col validation : a[2][1] : 9
Col validation : a[3][1] : 5
Col validation : a[4][1] : .
Col validation : a[5][1] : 1
Col validation : a[6][1] : 6
Col validation : a[7][1] : 8
Col validation : a[8][1] : 4
Square validation : a[0][0] : 5
Square validation : a[0][1] : 3
Square validation : a[0][2] : 4
Square validation : a[1][0] : 6
Square validation : a[1][1] : 7
Square validation : a[1][2] : .
Square validation : a[2][0] : 1
Square validation : a[2][1] : 9
Square validation : a[2][2] : 8
Row validation : a[4][0] : 4
Row validation : a[4][1] : .
Row validation : a[4][2] : 6
Row validation : a[4][3] : 8
Row validation : a[4][4] : 5
Row validation : a[4][5] : 3
Row validation : a[4][6] : 7
Row validation : a[4][7] : 9
Row validation : a[4][8] : 1
Col validation : a[0][2] : 4
Col validation : a[1][2] : .
Col validation : a[2][2] : 8
Col validation : a[3][2] : 9
Col validation : a[4][2] : 6
Col validation : a[5][2] : 3
Col validation : a[6][2] : 1
Col validation : a[7][2] : 7
Col validation : a[8][2] : 5
Square validation : a[0][0] : 5
Square validation : a[0][1] : 3
Square validation : a[0][2] : 4
Square validation : a[1][0] : 6
Square validation : a[1][1] : 7
Square validation : a[1][2] : .
Square validation : a[2][0] : 1
Square validation : a[2][1] : 9
Square validation : a[2][2] : 8
Row validation : a[4][0] : 4
Row validation : a[4][1] : .
Row validation : a[4][2] : 6
Row validation : a[4][3] : 8
Row validation : a[4][4] : 5
Row validation : a[4][5] : 3
Row validation : a[4][6] : 7
Row validation : a[4][7] : 9
Row validation : a[4][8] : 1
Col validation : a[0][3] : 6
Col validation : a[1][3] : 1
Col validation : a[2][3] : 3
Col validation : a[3][3] : 7
Col validation : a[4][3] : 8
Col validation : a[5][3] : .
Col validation : a[6][3] : 5
Col validation : a[7][3] : 4
Col validation : a[8][3] : 2
Square validation : a[0][0] : 5
Square validation : a[0][1] : 3
Square validation : a[0][2] : 4
Square validation : a[1][0] : 6
Square validation : a[1][1] : 7
Square validation : a[1][2] : .
Square validation : a[2][0] : 1
Square validation : a[2][1] : 9
Square validation : a[2][2] : 8
Row validation : a[4][0] : 4
Row validation : a[4][1] : .
Row validation : a[4][2] : 6
Row validation : a[4][3] : 8
Row validation : a[4][4] : 5
Row validation : a[4][5] : 3
Row validation : a[4][6] : 7
Row validation : a[4][7] : 9
Row validation : a[4][8] : 1
Col validation : a[0][4] : 7
Col validation : a[1][4] : 9
Col validation : a[2][4] : 4
Col validation : a[3][4] : 6
Col validation : a[4][4] : 5
Col validation : a[5][4] : 2
Col validation : a[6][4] : 3
Col validation : a[7][4] : 1
Col validation : a[8][4] : 8
Square validation : a[0][0] : 5
Square validation : a[0][1] : 3
Square validation : a[0][2] : 4
Square validation : a[1][0] : 6
Square validation : a[1][1] : 7
Square validation : a[1][2] : .
Square validation : a[2][0] : 1
Square validation : a[2][1] : 9
Square validation : a[2][2] : 8
Row validation : a[4][0] : 4
Row validation : a[4][1] : .
Row validation : a[4][2] : 6
Row validation : a[4][3] : 8
Row validation : a[4][4] : 5
Row validation : a[4][5] : 3
Row validation : a[4][6] : 7
Row validation : a[4][7] : 9
Row validation : a[4][8] : 1
Col validation : a[0][5] : 8
Col validation : a[1][5] : 5
Col validation : a[2][5] : 2
Col validation : a[3][5] : 1
Col validation : a[4][5] : 3
Col validation : a[5][5] : 4
Col validation : a[6][5] : 7
Col validation : a[7][5] : 9
Col validation : a[8][5] : 6
Square validation : a[0][0] : 5
Square validation : a[0][1] : 3
Square validation : a[0][2] : 4
Square validation : a[1][0] : 6
Square validation : a[1][1] : 7
Square validation : a[1][2] : .
Square validation : a[2][0] : 1
Square validation : a[2][1] : 9
Square validation : a[2][2] : 8
Row validation : a[4][0] : 4
Row validation : a[4][1] : .
Row validation : a[4][2] : 6
Row validation : a[4][3] : 8
Row validation : a[4][4] : 5
Row validation : a[4][5] : 3
Row validation : a[4][6] : 7
Row validation : a[4][7] : 9
Row validation : a[4][8] : 1
Col validation : a[0][6] : 9
Col validation : a[1][6] : 3
Col validation : a[2][6] : 5
Col validation : a[3][6] : 4
Col validation : a[4][6] : 7
Col validation : a[5][6] : 8
Col validation : a[6][6] : 2
Col validation : a[7][6] : 6
Col validation : a[8][6] : .
Square validation : a[0][0] : 5
Square validation : a[0][1] : 3
Square validation : a[0][2] : 4
Square validation : a[1][0] : 6
Square validation : a[1][1] : 7
Square validation : a[1][2] : .
Square validation : a[2][0] : 1
Square validation : a[2][1] : 9
Square validation : a[2][2] : 8
Row validation : a[4][0] : 4
Row validation : a[4][1] : .
Row validation : a[4][2] : 6
Row validation : a[4][3] : 8
Row validation : a[4][4] : 5
Row validation : a[4][5] : 3
Row validation : a[4][6] : 7
Row validation : a[4][7] : 9
Row validation : a[4][8] : 1
Col validation : a[0][7] : 1
Col validation : a[1][7] : 4
Col validation : a[2][7] : .
Col validation : a[3][7] : 2
Col validation : a[4][7] : 9
Col validation : a[5][7] : 5
Col validation : a[6][7] : 8
Col validation : a[7][7] : 3
Col validation : a[8][7] : 7
Square validation : a[0][0] : 5
Square validation : a[0][1] : 3
Square validation : a[0][2] : 4
Square validation : a[1][0] : 6
Square validation : a[1][1] : 7
Square validation : a[1][2] : .
Square validation : a[2][0] : 1
Square validation : a[2][1] : 9
Square validation : a[2][2] : 8
Row validation : a[4][0] : 4
Row validation : a[4][1] : .
Row validation : a[4][2] : 6
Row validation : a[4][3] : 8
Row validation : a[4][4] : 5
Row validation : a[4][5] : 3
Row validation : a[4][6] : 7
Row validation : a[4][7] : 9
Row validation : a[4][8] : 1
Col validation : a[0][8] : 2
Col validation : a[1][8] : 8
Col validation : a[2][8] : 7
Col validation : a[3][8] : 3
Col validation : a[4][8] : 1
Col validation : a[5][8] : 6
Col validation : a[6][8] : 4
Col validation : a[7][8] : 5
Col validation : a[8][8] : 9
Square validation : a[0][0] : 5
Square validation : a[0][1] : 3
Square validation : a[0][2] : 4
Square validation : a[1][0] : 6
Square validation : a[1][1] : 7
Square validation : a[1][2] : .
Square validation : a[2][0] : 1
Square validation : a[2][1] : 9
Square validation : a[2][2] : 8
Row validation : a[5][0] : 7
Row validation : a[5][1] : 1
Row validation : a[5][2] : 3
Row validation : a[5][3] : .
Row validation : a[5][4] : 2
Row validation : a[5][5] : 4
Row validation : a[5][6] : 8
Row validation : a[5][7] : 5
Row validation : a[5][8] : 6
Col validation : a[0][0] : 5
Col validation : a[1][0] : 6
Col validation : a[2][0] : 1
Col validation : a[3][0] : 8
Col validation : a[4][0] : 4
Col validation : a[5][0] : 7
Col validation : a[6][0] : 9
Col validation : a[7][0] : 2
Col validation : a[8][0] : 3
Square validation : a[0][0] : 5
Square validation : a[0][1] : 3
Square validation : a[0][2] : 4
Square validation : a[1][0] : 6
Square validation : a[1][1] : 7
Square validation : a[1][2] : .
Square validation : a[2][0] : 1
Square validation : a[2][1] : 9
Square validation : a[2][2] : 8
Row validation : a[5][0] : 7
Row validation : a[5][1] : 1
Row validation : a[5][2] : 3
Row validation : a[5][3] : .
Row validation : a[5][4] : 2
Row validation : a[5][5] : 4
Row validation : a[5][6] : 8
Row validation : a[5][7] : 5
Row validation : a[5][8] : 6
Col validation : a[0][1] : 3
Col validation : a[1][1] : 7
Col validation : a[2][1] : 9
Col validation : a[3][1] : 5
Col validation : a[4][1] : .
Col validation : a[5][1] : 1
Col validation : a[6][1] : 6
Col validation : a[7][1] : 8
Col validation : a[8][1] : 4
Square validation : a[0][0] : 5
Square validation : a[0][1] : 3
Square validation : a[0][2] : 4
Square validation : a[1][0] : 6
Square validation : a[1][1] : 7
Square validation : a[1][2] : .
Square validation : a[2][0] : 1
Square validation : a[2][1] : 9
Square validation : a[2][2] : 8
Row validation : a[5][0] : 7
Row validation : a[5][1] : 1
Row validation : a[5][2] : 3
Row validation : a[5][3] : .
Row validation : a[5][4] : 2
Row validation : a[5][5] : 4
Row validation : a[5][6] : 8
Row validation : a[5][7] : 5
Row validation : a[5][8] : 6
Col validation : a[0][2] : 4
Col validation : a[1][2] : .
Col validation : a[2][2] : 8
Col validation : a[3][2] : 9
Col validation : a[4][2] : 6
Col validation : a[5][2] : 3
Col validation : a[6][2] : 1
Col validation : a[7][2] : 7
Col validation : a[8][2] : 5
Square validation : a[0][0] : 5
Square validation : a[0][1] : 3
Square validation : a[0][2] : 4
Square validation : a[1][0] : 6
Square validation : a[1][1] : 7
Square validation : a[1][2] : .
Square validation : a[2][0] : 1
Square validation : a[2][1] : 9
Square validation : a[2][2] : 8
Row validation : a[5][0] : 7
Row validation : a[5][1] : 1
Row validation : a[5][2] : 3
Row validation : a[5][3] : .
Row validation : a[5][4] : 2
Row validation : a[5][5] : 4
Row validation : a[5][6] : 8
Row validation : a[5][7] : 5
Row validation : a[5][8] : 6
Col validation : a[0][3] : 6
Col validation : a[1][3] : 1
Col validation : a[2][3] : 3
Col validation : a[3][3] : 7
Col validation : a[4][3] : 8
Col validation : a[5][3] : .
Col validation : a[6][3] : 5
Col validation : a[7][3] : 4
Col validation : a[8][3] : 2
Square validation : a[0][0] : 5
Square validation : a[0][1] : 3
Square validation : a[0][2] : 4
Square validation : a[1][0] : 6
Square validation : a[1][1] : 7
Square validation : a[1][2] : .
Square validation : a[2][0] : 1
Square validation : a[2][1] : 9
Square validation : a[2][2] : 8
Row validation : a[5][0] : 7
Row validation : a[5][1] : 1
Row validation : a[5][2] : 3
Row validation : a[5][3] : .
Row validation : a[5][4] : 2
Row validation : a[5][5] : 4
Row validation : a[5][6] : 8
Row validation : a[5][7] : 5
Row validation : a[5][8] : 6
Col validation : a[0][4] : 7
Col validation : a[1][4] : 9
Col validation : a[2][4] : 4
Col validation : a[3][4] : 6
Col validation : a[4][4] : 5
Col validation : a[5][4] : 2
Col validation : a[6][4] : 3
Col validation : a[7][4] : 1
Col validation : a[8][4] : 8
Square validation : a[0][0] : 5
Square validation : a[0][1] : 3
Square validation : a[0][2] : 4
Square validation : a[1][0] : 6
Square validation : a[1][1] : 7
Square validation : a[1][2] : .
Square validation : a[2][0] : 1
Square validation : a[2][1] : 9
Square validation : a[2][2] : 8
Row validation : a[5][0] : 7
Row validation : a[5][1] : 1
Row validation : a[5][2] : 3
Row validation : a[5][3] : .
Row validation : a[5][4] : 2
Row validation : a[5][5] : 4
Row validation : a[5][6] : 8
Row validation : a[5][7] : 5
Row validation : a[5][8] : 6
Col validation : a[0][5] : 8
Col validation : a[1][5] : 5
Col validation : a[2][5] : 2
Col validation : a[3][5] : 1
Col validation : a[4][5] : 3
Col validation : a[5][5] : 4
Col validation : a[6][5] : 7
Col validation : a[7][5] : 9
Col validation : a[8][5] : 6
Square validation : a[0][0] : 5
Square validation : a[0][1] : 3
Square validation : a[0][2] : 4
Square validation : a[1][0] : 6
Square validation : a[1][1] : 7
Square validation : a[1][2] : .
Square validation : a[2][0] : 1
Square validation : a[2][1] : 9
Square validation : a[2][2] : 8
Row validation : a[5][0] : 7
Row validation : a[5][1] : 1
Row validation : a[5][2] : 3
Row validation : a[5][3] : .
Row validation : a[5][4] : 2
Row validation : a[5][5] : 4
Row validation : a[5][6] : 8
Row validation : a[5][7] : 5
Row validation : a[5][8] : 6
Col validation : a[0][6] : 9
Col validation : a[1][6] : 3
Col validation : a[2][6] : 5
Col validation : a[3][6] : 4
Col validation : a[4][6] : 7
Col validation : a[5][6] : 8
Col validation : a[6][6] : 2
Col validation : a[7][6] : 6
Col validation : a[8][6] : .
Square validation : a[0][0] : 5
Square validation : a[0][1] : 3
Square validation : a[0][2] : 4
Square validation : a[1][0] : 6
Square validation : a[1][1] : 7
Square validation : a[1][2] : .
Square validation : a[2][0] : 1
Square validation : a[2][1] : 9
Square validation : a[2][2] : 8
Row validation : a[5][0] : 7
Row validation : a[5][1] : 1
Row validation : a[5][2] : 3
Row validation : a[5][3] : .
Row validation : a[5][4] : 2
Row validation : a[5][5] : 4
Row validation : a[5][6] : 8
Row validation : a[5][7] : 5
Row validation : a[5][8] : 6
Col validation : a[0][7] : 1
Col validation : a[1][7] : 4
Col validation : a[2][7] : .
Col validation : a[3][7] : 2
Col validation : a[4][7] : 9
Col validation : a[5][7] : 5
Col validation : a[6][7] : 8
Col validation : a[7][7] : 3
Col validation : a[8][7] : 7
Square validation : a[0][0] : 5
Square validation : a[0][1] : 3
Square validation : a[0][2] : 4
Square validation : a[1][0] : 6
Square validation : a[1][1] : 7
Square validation : a[1][2] : .
Square validation : a[2][0] : 1
Square validation : a[2][1] : 9
Square validation : a[2][2] : 8
Row validation : a[5][0] : 7
Row validation : a[5][1] : 1
Row validation : a[5][2] : 3
Row validation : a[5][3] : .
Row validation : a[5][4] : 2
Row validation : a[5][5] : 4
Row validation : a[5][6] : 8
Row validation : a[5][7] : 5
Row validation : a[5][8] : 6
Col validation : a[0][8] : 2
Col validation : a[1][8] : 8
Col validation : a[2][8] : 7
Col validation : a[3][8] : 3
Col validation : a[4][8] : 1
Col validation : a[5][8] : 6
Col validation : a[6][8] : 4
Col validation : a[7][8] : 5
Col validation : a[8][8] : 9
Square validation : a[0][0] : 5
Square validation : a[0][1] : 3
Square validation : a[0][2] : 4
Square validation : a[1][0] : 6
Square validation : a[1][1] : 7
Square validation : a[1][2] : .
Square validation : a[2][0] : 1
Square validation : a[2][1] : 9
Square validation : a[2][2] : 8
Row validation : a[6][0] : 9
Row validation : a[6][1] : 6
Row validation : a[6][2] : 1
Row validation : a[6][3] : 5
Row validation : a[6][4] : 3
Row validation : a[6][5] : 7
Row validation : a[6][6] : 2
Row validation : a[6][7] : 8
Row validation : a[6][8] : 4
Col validation : a[0][0] : 5
Col validation : a[1][0] : 6
Col validation : a[2][0] : 1
Col validation : a[3][0] : 8
Col validation : a[4][0] : 4
Col validation : a[5][0] : 7
Col validation : a[6][0] : 9
Col validation : a[7][0] : 2
Col validation : a[8][0] : 3
Square validation : a[0][0] : 5
Square validation : a[0][1] : 3
Square validation : a[0][2] : 4
Square validation : a[1][0] : 6
Square validation : a[1][1] : 7
Square validation : a[1][2] : .
Square validation : a[2][0] : 1
Square validation : a[2][1] : 9
Square validation : a[2][2] : 8
Row validation : a[6][0] : 9
Row validation : a[6][1] : 6
Row validation : a[6][2] : 1
Row validation : a[6][3] : 5
Row validation : a[6][4] : 3
Row validation : a[6][5] : 7
Row validation : a[6][6] : 2
Row validation : a[6][7] : 8
Row validation : a[6][8] : 4
Col validation : a[0][1] : 3
Col validation : a[1][1] : 7
Col validation : a[2][1] : 9
Col validation : a[3][1] : 5
Col validation : a[4][1] : .
Col validation : a[5][1] : 1
Col validation : a[6][1] : 6
Col validation : a[7][1] : 8
Col validation : a[8][1] : 4
Square validation : a[0][0] : 5
Square validation : a[0][1] : 3
Square validation : a[0][2] : 4
Square validation : a[1][0] : 6
Square validation : a[1][1] : 7
Square validation : a[1][2] : .
Square validation : a[2][0] : 1
Square validation : a[2][1] : 9
Square validation : a[2][2] : 8
Row validation : a[6][0] : 9
Row validation : a[6][1] : 6
Row validation : a[6][2] : 1
Row validation : a[6][3] : 5
Row validation : a[6][4] : 3
Row validation : a[6][5] : 7
Row validation : a[6][6] : 2
Row validation : a[6][7] : 8
Row validation : a[6][8] : 4
Col validation : a[0][2] : 4
Col validation : a[1][2] : .
Col validation : a[2][2] : 8
Col validation : a[3][2] : 9
Col validation : a[4][2] : 6
Col validation : a[5][2] : 3
Col validation : a[6][2] : 1
Col validation : a[7][2] : 7
Col validation : a[8][2] : 5
Square validation : a[0][0] : 5
Square validation : a[0][1] : 3
Square validation : a[0][2] : 4
Square validation : a[1][0] : 6
Square validation : a[1][1] : 7
Square validation : a[1][2] : .
Square validation : a[2][0] : 1
Square validation : a[2][1] : 9
Square validation : a[2][2] : 8
Row validation : a[6][0] : 9
Row validation : a[6][1] : 6
Row validation : a[6][2] : 1
Row validation : a[6][3] : 5
Row validation : a[6][4] : 3
Row validation : a[6][5] : 7
Row validation : a[6][6] : 2
Row validation : a[6][7] : 8
Row validation : a[6][8] : 4
Col validation : a[0][3] : 6
Col validation : a[1][3] : 1
Col validation : a[2][3] : 3
Col validation : a[3][3] : 7
Col validation : a[4][3] : 8
Col validation : a[5][3] : .
Col validation : a[6][3] : 5
Col validation : a[7][3] : 4
Col validation : a[8][3] : 2
Square validation : a[0][0] : 5
Square validation : a[0][1] : 3
Square validation : a[0][2] : 4
Square validation : a[1][0] : 6
Square validation : a[1][1] : 7
Square validation : a[1][2] : .
Square validation : a[2][0] : 1
Square validation : a[2][1] : 9
Square validation : a[2][2] : 8
Row validation : a[6][0] : 9
Row validation : a[6][1] : 6
Row validation : a[6][2] : 1
Row validation : a[6][3] : 5
Row validation : a[6][4] : 3
Row validation : a[6][5] : 7
Row validation : a[6][6] : 2
Row validation : a[6][7] : 8
Row validation : a[6][8] : 4
Col validation : a[0][4] : 7
Col validation : a[1][4] : 9
Col validation : a[2][4] : 4
Col validation : a[3][4] : 6
Col validation : a[4][4] : 5
Col validation : a[5][4] : 2
Col validation : a[6][4] : 3
Col validation : a[7][4] : 1
Col validation : a[8][4] : 8
Square validation : a[0][0] : 5
Square validation : a[0][1] : 3
Square validation : a[0][2] : 4
Square validation : a[1][0] : 6
Square validation : a[1][1] : 7
Square validation : a[1][2] : .
Square validation : a[2][0] : 1
Square validation : a[2][1] : 9
Square validation : a[2][2] : 8
Row validation : a[6][0] : 9
Row validation : a[6][1] : 6
Row validation : a[6][2] : 1
Row validation : a[6][3] : 5
Row validation : a[6][4] : 3
Row validation : a[6][5] : 7
Row validation : a[6][6] : 2
Row validation : a[6][7] : 8
Row validation : a[6][8] : 4
Col validation : a[0][5] : 8
Col validation : a[1][5] : 5
Col validation : a[2][5] : 2
Col validation : a[3][5] : 1
Col validation : a[4][5] : 3
Col validation : a[5][5] : 4
Col validation : a[6][5] : 7
Col validation : a[7][5] : 9
Col validation : a[8][5] : 6
Square validation : a[0][0] : 5
Square validation : a[0][1] : 3
Square validation : a[0][2] : 4
Square validation : a[1][0] : 6
Square validation : a[1][1] : 7
Square validation : a[1][2] : .
Square validation : a[2][0] : 1
Square validation : a[2][1] : 9
Square validation : a[2][2] : 8
Row validation : a[6][0] : 9
Row validation : a[6][1] : 6
Row validation : a[6][2] : 1
Row validation : a[6][3] : 5
Row validation : a[6][4] : 3
Row validation : a[6][5] : 7
Row validation : a[6][6] : 2
Row validation : a[6][7] : 8
Row validation : a[6][8] : 4
Col validation : a[0][6] : 9
Col validation : a[1][6] : 3
Col validation : a[2][6] : 5
Col validation : a[3][6] : 4
Col validation : a[4][6] : 7
Col validation : a[5][6] : 8
Col validation : a[6][6] : 2
Col validation : a[7][6] : 6
Col validation : a[8][6] : .
Square validation : a[0][0] : 5
Square validation : a[0][1] : 3
Square validation : a[0][2] : 4
Square validation : a[1][0] : 6
Square validation : a[1][1] : 7
Square validation : a[1][2] : .
Square validation : a[2][0] : 1
Square validation : a[2][1] : 9
Square validation : a[2][2] : 8
Row validation : a[6][0] : 9
Row validation : a[6][1] : 6
Row validation : a[6][2] : 1
Row validation : a[6][3] : 5
Row validation : a[6][4] : 3
Row validation : a[6][5] : 7
Row validation : a[6][6] : 2
Row validation : a[6][7] : 8
Row validation : a[6][8] : 4
Col validation : a[0][7] : 1
Col validation : a[1][7] : 4
Col validation : a[2][7] : .
Col validation : a[3][7] : 2
Col validation : a[4][7] : 9
Col validation : a[5][7] : 5
Col validation : a[6][7] : 8
Col validation : a[7][7] : 3
Col validation : a[8][7] : 7
Square validation : a[0][0] : 5
Square validation : a[0][1] : 3
Square validation : a[0][2] : 4
Square validation : a[1][0] : 6
Square validation : a[1][1] : 7
Square validation : a[1][2] : .
Square validation : a[2][0] : 1
Square validation : a[2][1] : 9
Square validation : a[2][2] : 8
Row validation : a[6][0] : 9
Row validation : a[6][1] : 6
Row validation : a[6][2] : 1
Row validation : a[6][3] : 5
Row validation : a[6][4] : 3
Row validation : a[6][5] : 7
Row validation : a[6][6] : 2
Row validation : a[6][7] : 8
Row validation : a[6][8] : 4
Col validation : a[0][8] : 2
Col validation : a[1][8] : 8
Col validation : a[2][8] : 7
Col validation : a[3][8] : 3
Col validation : a[4][8] : 1
Col validation : a[5][8] : 6
Col validation : a[6][8] : 4
Col validation : a[7][8] : 5
Col validation : a[8][8] : 9
Square validation : a[0][0] : 5
Square validation : a[0][1] : 3
Square validation : a[0][2] : 4
Square validation : a[1][0] : 6
Square validation : a[1][1] : 7
Square validation : a[1][2] : .
Square validation : a[2][0] : 1
Square validation : a[2][1] : 9
Square validation : a[2][2] : 8
Row validation : a[7][0] : 2
Row validation : a[7][1] : 8
Row validation : a[7][2] : 7
Row validation : a[7][3] : 4
Row validation : a[7][4] : 1
Row validation : a[7][5] : 9
Row validation : a[7][6] : 6
Row validation : a[7][7] : 3
Row validation : a[7][8] : 5
Col validation : a[0][0] : 5
Col validation : a[1][0] : 6
Col validation : a[2][0] : 1
Col validation : a[3][0] : 8
Col validation : a[4][0] : 4
Col validation : a[5][0] : 7
Col validation : a[6][0] : 9
Col validation : a[7][0] : 2
Col validation : a[8][0] : 3
Square validation : a[0][0] : 5
Square validation : a[0][1] : 3
Square validation : a[0][2] : 4
Square validation : a[1][0] : 6
Square validation : a[1][1] : 7
Square validation : a[1][2] : .
Square validation : a[2][0] : 1
Square validation : a[2][1] : 9
Square validation : a[2][2] : 8
Row validation : a[7][0] : 2
Row validation : a[7][1] : 8
Row validation : a[7][2] : 7
Row validation : a[7][3] : 4
Row validation : a[7][4] : 1
Row validation : a[7][5] : 9
Row validation : a[7][6] : 6
Row validation : a[7][7] : 3
Row validation : a[7][8] : 5
Col validation : a[0][1] : 3
Col validation : a[1][1] : 7
Col validation : a[2][1] : 9
Col validation : a[3][1] : 5
Col validation : a[4][1] : .
Col validation : a[5][1] : 1
Col validation : a[6][1] : 6
Col validation : a[7][1] : 8
Col validation : a[8][1] : 4
Square validation : a[0][0] : 5
Square validation : a[0][1] : 3
Square validation : a[0][2] : 4
Square validation : a[1][0] : 6
Square validation : a[1][1] : 7
Square validation : a[1][2] : .
Square validation : a[2][0] : 1
Square validation : a[2][1] : 9
Square validation : a[2][2] : 8
Row validation : a[7][0] : 2
Row validation : a[7][1] : 8
Row validation : a[7][2] : 7
Row validation : a[7][3] : 4
Row validation : a[7][4] : 1
Row validation : a[7][5] : 9
Row validation : a[7][6] : 6
Row validation : a[7][7] : 3
Row validation : a[7][8] : 5
Col validation : a[0][2] : 4
Col validation : a[1][2] : .
Col validation : a[2][2] : 8
Col validation : a[3][2] : 9
Col validation : a[4][2] : 6
Col validation : a[5][2] : 3
Col validation : a[6][2] : 1
Col validation : a[7][2] : 7
Col validation : a[8][2] : 5
Square validation : a[0][0] : 5
Square validation : a[0][1] : 3
Square validation : a[0][2] : 4
Square validation : a[1][0] : 6
Square validation : a[1][1] : 7
Square validation : a[1][2] : .
Square validation : a[2][0] : 1
Square validation : a[2][1] : 9
Square validation : a[2][2] : 8
Row validation : a[7][0] : 2
Row validation : a[7][1] : 8
Row validation : a[7][2] : 7
Row validation : a[7][3] : 4
Row validation : a[7][4] : 1
Row validation : a[7][5] : 9
Row validation : a[7][6] : 6
Row validation : a[7][7] : 3
Row validation : a[7][8] : 5
Col validation : a[0][3] : 6
Col validation : a[1][3] : 1
Col validation : a[2][3] : 3
Col validation : a[3][3] : 7
Col validation : a[4][3] : 8
Col validation : a[5][3] : .
Col validation : a[6][3] : 5
Col validation : a[7][3] : 4
Col validation : a[8][3] : 2
Square validation : a[0][0] : 5
Square validation : a[0][1] : 3
Square validation : a[0][2] : 4
Square validation : a[1][0] : 6
Square validation : a[1][1] : 7
Square validation : a[1][2] : .
Square validation : a[2][0] : 1
Square validation : a[2][1] : 9
Square validation : a[2][2] : 8
Row validation : a[7][0] : 2
Row validation : a[7][1] : 8
Row validation : a[7][2] : 7
Row validation : a[7][3] : 4
Row validation : a[7][4] : 1
Row validation : a[7][5] : 9
Row validation : a[7][6] : 6
Row validation : a[7][7] : 3
Row validation : a[7][8] : 5
Col validation : a[0][4] : 7
Col validation : a[1][4] : 9
Col validation : a[2][4] : 4
Col validation : a[3][4] : 6
Col validation : a[4][4] : 5
Col validation : a[5][4] : 2
Col validation : a[6][4] : 3
Col validation : a[7][4] : 1
Col validation : a[8][4] : 8
Square validation : a[0][0] : 5
Square validation : a[0][1] : 3
Square validation : a[0][2] : 4
Square validation : a[1][0] : 6
Square validation : a[1][1] : 7
Square validation : a[1][2] : .
Square validation : a[2][0] : 1
Square validation : a[2][1] : 9
Square validation : a[2][2] : 8
Row validation : a[7][0] : 2
Row validation : a[7][1] : 8
Row validation : a[7][2] : 7
Row validation : a[7][3] : 4
Row validation : a[7][4] : 1
Row validation : a[7][5] : 9
Row validation : a[7][6] : 6
Row validation : a[7][7] : 3
Row validation : a[7][8] : 5
Col validation : a[0][5] : 8
Col validation : a[1][5] : 5
Col validation : a[2][5] : 2
Col validation : a[3][5] : 1
Col validation : a[4][5] : 3
Col validation : a[5][5] : 4
Col validation : a[6][5] : 7
Col validation : a[7][5] : 9
Col validation : a[8][5] : 6
Square validation : a[0][0] : 5
Square validation : a[0][1] : 3
Square validation : a[0][2] : 4
Square validation : a[1][0] : 6
Square validation : a[1][1] : 7
Square validation : a[1][2] : .
Square validation : a[2][0] : 1
Square validation : a[2][1] : 9
Square validation : a[2][2] : 8
Row validation : a[7][0] : 2
Row validation : a[7][1] : 8
Row validation : a[7][2] : 7
Row validation : a[7][3] : 4
Row validation : a[7][4] : 1
Row validation : a[7][5] : 9
Row validation : a[7][6] : 6
Row validation : a[7][7] : 3
Row validation : a[7][8] : 5
Col validation : a[0][6] : 9
Col validation : a[1][6] : 3
Col validation : a[2][6] : 5
Col validation : a[3][6] : 4
Col validation : a[4][6] : 7
Col validation : a[5][6] : 8
Col validation : a[6][6] : 2
Col validation : a[7][6] : 6
Col validation : a[8][6] : .
Square validation : a[0][0] : 5
Square validation : a[0][1] : 3
Square validation : a[0][2] : 4
Square validation : a[1][0] : 6
Square validation : a[1][1] : 7
Square validation : a[1][2] : .
Square validation : a[2][0] : 1
Square validation : a[2][1] : 9
Square validation : a[2][2] : 8
Row validation : a[7][0] : 2
Row validation : a[7][1] : 8
Row validation : a[7][2] : 7
Row validation : a[7][3] : 4
Row validation : a[7][4] : 1
Row validation : a[7][5] : 9
Row validation : a[7][6] : 6
Row validation : a[7][7] : 3
Row validation : a[7][8] : 5
Col validation : a[0][7] : 1
Col validation : a[1][7] : 4
Col validation : a[2][7] : .
Col validation : a[3][7] : 2
Col validation : a[4][7] : 9
Col validation : a[5][7] : 5
Col validation : a[6][7] : 8
Col validation : a[7][7] : 3
Col validation : a[8][7] : 7
Square validation : a[0][0] : 5
Square validation : a[0][1] : 3
Square validation : a[0][2] : 4
Square validation : a[1][0] : 6
Square validation : a[1][1] : 7
Square validation : a[1][2] : .
Square validation : a[2][0] : 1
Square validation : a[2][1] : 9
Square validation : a[2][2] : 8
Row validation : a[7][0] : 2
Row validation : a[7][1] : 8
Row validation : a[7][2] : 7
Row validation : a[7][3] : 4
Row validation : a[7][4] : 1
Row validation : a[7][5] : 9
Row validation : a[7][6] : 6
Row validation : a[7][7] : 3
Row validation : a[7][8] : 5
Col validation : a[0][8] : 2
Col validation : a[1][8] : 8
Col validation : a[2][8] : 7
Col validation : a[3][8] : 3
Col validation : a[4][8] : 1
Col validation : a[5][8] : 6
Col validation : a[6][8] : 4
Col validation : a[7][8] : 5
Col validation : a[8][8] : 9
Square validation : a[0][0] : 5
Square validation : a[0][1] : 3
Square validation : a[0][2] : 4
Square validation : a[1][0] : 6
Square validation : a[1][1] : 7
Square validation : a[1][2] : .
Square validation : a[2][0] : 1
Square validation : a[2][1] : 9
Square validation : a[2][2] : 8
Row validation : a[8][0] : 3
Row validation : a[8][1] : 4
Row validation : a[8][2] : 5
Row validation : a[8][3] : 2
Row validation : a[8][4] : 8
Row validation : a[8][5] : 6
Row validation : a[8][6] : .
Row validation : a[8][7] : 7
Row validation : a[8][8] : 9
Col validation : a[0][0] : 5
Col validation : a[1][0] : 6
Col validation : a[2][0] : 1
Col validation : a[3][0] : 8
Col validation : a[4][0] : 4
Col validation : a[5][0] : 7
Col validation : a[6][0] : 9
Col validation : a[7][0] : 2
Col validation : a[8][0] : 3
Square validation : a[0][0] : 5
Square validation : a[0][1] : 3
Square validation : a[0][2] : 4
Square validation : a[1][0] : 6
Square validation : a[1][1] : 7
Square validation : a[1][2] : .
Square validation : a[2][0] : 1
Square validation : a[2][1] : 9
Square validation : a[2][2] : 8
Row validation : a[8][0] : 3
Row validation : a[8][1] : 4
Row validation : a[8][2] : 5
Row validation : a[8][3] : 2
Row validation : a[8][4] : 8
Row validation : a[8][5] : 6
Row validation : a[8][6] : .
Row validation : a[8][7] : 7
Row validation : a[8][8] : 9
Col validation : a[0][1] : 3
Col validation : a[1][1] : 7
Col validation : a[2][1] : 9
Col validation : a[3][1] : 5
Col validation : a[4][1] : .
Col validation : a[5][1] : 1
Col validation : a[6][1] : 6
Col validation : a[7][1] : 8
Col validation : a[8][1] : 4
Square validation : a[0][0] : 5
Square validation : a[0][1] : 3
Square validation : a[0][2] : 4
Square validation : a[1][0] : 6
Square validation : a[1][1] : 7
Square validation : a[1][2] : .
Square validation : a[2][0] : 1
Square validation : a[2][1] : 9
Square validation : a[2][2] : 8
Row validation : a[8][0] : 3
Row validation : a[8][1] : 4
Row validation : a[8][2] : 5
Row validation : a[8][3] : 2
Row validation : a[8][4] : 8
Row validation : a[8][5] : 6
Row validation : a[8][6] : .
Row validation : a[8][7] : 7
Row validation : a[8][8] : 9
Col validation : a[0][2] : 4
Col validation : a[1][2] : .
Col validation : a[2][2] : 8
Col validation : a[3][2] : 9
Col validation : a[4][2] : 6
Col validation : a[5][2] : 3
Col validation : a[6][2] : 1
Col validation : a[7][2] : 7
Col validation : a[8][2] : 5
Square validation : a[0][0] : 5
Square validation : a[0][1] : 3
Square validation : a[0][2] : 4
Square validation : a[1][0] : 6
Square validation : a[1][1] : 7
Square validation : a[1][2] : .
Square validation : a[2][0] : 1
Square validation : a[2][1] : 9
Square validation : a[2][2] : 8
Row validation : a[8][0] : 3
Row validation : a[8][1] : 4
Row validation : a[8][2] : 5
Row validation : a[8][3] : 2
Row validation : a[8][4] : 8
Row validation : a[8][5] : 6
Row validation : a[8][6] : .
Row validation : a[8][7] : 7
Row validation : a[8][8] : 9
Col validation : a[0][3] : 6
Col validation : a[1][3] : 1
Col validation : a[2][3] : 3
Col validation : a[3][3] : 7
Col validation : a[4][3] : 8
Col validation : a[5][3] : .
Col validation : a[6][3] : 5
Col validation : a[7][3] : 4
Col validation : a[8][3] : 2
Square validation : a[0][0] : 5
Square validation : a[0][1] : 3
Square validation : a[0][2] : 4
Square validation : a[1][0] : 6
Square validation : a[1][1] : 7
Square validation : a[1][2] : .
Square validation : a[2][0] : 1
Square validation : a[2][1] : 9
Square validation : a[2][2] : 8
Row validation : a[8][0] : 3
Row validation : a[8][1] : 4
Row validation : a[8][2] : 5
Row validation : a[8][3] : 2
Row validation : a[8][4] : 8
Row validation : a[8][5] : 6
Row validation : a[8][6] : .
Row validation : a[8][7] : 7
Row validation : a[8][8] : 9
Col validation : a[0][4] : 7
Col validation : a[1][4] : 9
Col validation : a[2][4] : 4
Col validation : a[3][4] : 6
Col validation : a[4][4] : 5
Col validation : a[5][4] : 2
Col validation : a[6][4] : 3
Col validation : a[7][4] : 1
Col validation : a[8][4] : 8
Square validation : a[0][0] : 5
Square validation : a[0][1] : 3
Square validation : a[0][2] : 4
Square validation : a[1][0] : 6
Square validation : a[1][1] : 7
Square validation : a[1][2] : .
Square validation : a[2][0] : 1
Square validation : a[2][1] : 9
Square validation : a[2][2] : 8
Row validation : a[8][0] : 3
Row validation : a[8][1] : 4
Row validation : a[8][2] : 5
Row validation : a[8][3] : 2
Row validation : a[8][4] : 8
Row validation : a[8][5] : 6
Row validation : a[8][6] : .
Row validation : a[8][7] : 7
Row validation : a[8][8] : 9
Col validation : a[0][5] : 8
Col validation : a[1][5] : 5
Col validation : a[2][5] : 2
Col validation : a[3][5] : 1
Col validation : a[4][5] : 3
Col validation : a[5][5] : 4
Col validation : a[6][5] : 7
Col validation : a[7][5] : 9
Col validation : a[8][5] : 6
Square validation : a[0][0] : 5
Square validation : a[0][1] : 3
Square validation : a[0][2] : 4
Square validation : a[1][0] : 6
Square validation : a[1][1] : 7
Square validation : a[1][2] : .
Square validation : a[2][0] : 1
Square validation : a[2][1] : 9
Square validation : a[2][2] : 8
Row validation : a[8][0] : 3
Row validation : a[8][1] : 4
Row validation : a[8][2] : 5
Row validation : a[8][3] : 2
Row validation : a[8][4] : 8
Row validation : a[8][5] : 6
Row validation : a[8][6] : .
Row validation : a[8][7] : 7
Row validation : a[8][8] : 9
Col validation : a[0][6] : 9
Col validation : a[1][6] : 3
Col validation : a[2][6] : 5
Col validation : a[3][6] : 4
Col validation : a[4][6] : 7
Col validation : a[5][6] : 8
Col validation : a[6][6] : 2
Col validation : a[7][6] : 6
Col validation : a[8][6] : .
Square validation : a[0][0] : 5
Square validation : a[0][1] : 3
Square validation : a[0][2] : 4
Square validation : a[1][0] : 6
Square validation : a[1][1] : 7
Square validation : a[1][2] : .
Square validation : a[2][0] : 1
Square validation : a[2][1] : 9
Square validation : a[2][2] : 8
Row validation : a[8][0] : 3
Row validation : a[8][1] : 4
Row validation : a[8][2] : 5
Row validation : a[8][3] : 2
Row validation : a[8][4] : 8
Row validation : a[8][5] : 6
Row validation : a[8][6] : .
Row validation : a[8][7] : 7
Row validation : a[8][8] : 9
Col validation : a[0][7] : 1
Col validation : a[1][7] : 4
Col validation : a[2][7] : .
Col validation : a[3][7] : 2
Col validation : a[4][7] : 9
Col validation : a[5][7] : 5
Col validation : a[6][7] : 8
Col validation : a[7][7] : 3
Col validation : a[8][7] : 7
Square validation : a[0][0] : 5
Square validation : a[0][1] : 3
Square validation : a[0][2] : 4
Square validation : a[1][0] : 6
Square validation : a[1][1] : 7
Square validation : a[1][2] : .
Square validation : a[2][0] : 1
Square validation : a[2][1] : 9
Square validation : a[2][2] : 8
Row validation : a[8][0] : 3
Row validation : a[8][1] : 4
Row validation : a[8][2] : 5
Row validation : a[8][3] : 2
Row validation : a[8][4] : 8
Row validation : a[8][5] : 6
Row validation : a[8][6] : .
Row validation : a[8][7] : 7
Row validation : a[8][8] : 9
Col validation : a[0][8] : 2
Col validation : a[1][8] : 8
Col validation : a[2][8] : 7
Col validation : a[3][8] : 3
Col validation : a[4][8] : 1
Col validation : a[5][8] : 6
Col validation : a[6][8] : 4
Col validation : a[7][8] : 5
Col validation : a[8][8] : 9
Square validation : a[0][0] : 5
Square validation : a[0][1] : 3
Square validation : a[0][2] : 4
Square validation : a[1][0] : 6
Square validation : a[1][1] : 7
Square validation : a[1][2] : .
Square validation : a[2][0] : 1
Square validation : a[2][1] : 9
Square validation : a[2][2] : 8
src/test/resources/valid_grid_3.txt
Below is the input grid : 
[[5, 3, 4, 6, 7, 8, 9, 1, 2], [6, 7, 2, 1, 9, 5, 3, 4, 8], [1, 9, 8, 3, 4, 2, 5, 6, 7], [8, 5, 9, 7, 6, 1, 4, 2, 3], [4, 2, 6, 8, 5, 3, 7, 9, 1], [7, 1, 3, 9, 2, 4, 8, 5, 6], [9, 6, 1, 5, 3, 7, 2, 8, 4], [2, 8, 7, 4, 1, 9, 6, 3, 5], [3, 4, 5, 2, 8, 6, 1, 7, 9]]



Sudoku Validation Process started....!
Row validation : a[0][0] : 5
Row validation : a[0][1] : 3
Row validation : a[0][2] : 4
Row validation : a[0][3] : 6
Row validation : a[0][4] : 7
Row validation : a[0][5] : 8
Row validation : a[0][6] : 9
Row validation : a[0][7] : 1
Row validation : a[0][8] : 2
Col validation : a[0][0] : 5
Col validation : a[1][0] : 6
Col validation : a[2][0] : 1
Col validation : a[3][0] : 8
Col validation : a[4][0] : 4
Col validation : a[5][0] : 7
Col validation : a[6][0] : 9
Col validation : a[7][0] : 2
Col validation : a[8][0] : 3
Square validation : a[0][0] : 5
Square validation : a[0][1] : 3
Square validation : a[0][2] : 4
Square validation : a[1][0] : 6
Square validation : a[1][1] : 7
Square validation : a[1][2] : 2
Square validation : a[2][0] : 1
Square validation : a[2][1] : 9
Square validation : a[2][2] : 8
Row validation : a[0][0] : 5
Row validation : a[0][1] : 3
Row validation : a[0][2] : 4
Row validation : a[0][3] : 6
Row validation : a[0][4] : 7
Row validation : a[0][5] : 8
Row validation : a[0][6] : 9
Row validation : a[0][7] : 1
Row validation : a[0][8] : 2
Col validation : a[0][1] : 3
Col validation : a[1][1] : 7
Col validation : a[2][1] : 9
Col validation : a[3][1] : 5
Col validation : a[4][1] : 2
Col validation : a[5][1] : 1
Col validation : a[6][1] : 6
Col validation : a[7][1] : 8
Col validation : a[8][1] : 4
Square validation : a[0][0] : 5
Square validation : a[0][1] : 3
Square validation : a[0][2] : 4
Square validation : a[1][0] : 6
Square validation : a[1][1] : 7
Square validation : a[1][2] : 2
Square validation : a[2][0] : 1
Square validation : a[2][1] : 9
Square validation : a[2][2] : 8
Row validation : a[0][0] : 5
Row validation : a[0][1] : 3
Row validation : a[0][2] : 4
Row validation : a[0][3] : 6
Row validation : a[0][4] : 7
Row validation : a[0][5] : 8
Row validation : a[0][6] : 9
Row validation : a[0][7] : 1
Row validation : a[0][8] : 2
Col validation : a[0][2] : 4
Col validation : a[1][2] : 2
Col validation : a[2][2] : 8
Col validation : a[3][2] : 9
Col validation : a[4][2] : 6
Col validation : a[5][2] : 3
Col validation : a[6][2] : 1
Col validation : a[7][2] : 7
Col validation : a[8][2] : 5
Square validation : a[0][0] : 5
Square validation : a[0][1] : 3
Square validation : a[0][2] : 4
Square validation : a[1][0] : 6
Square validation : a[1][1] : 7
Square validation : a[1][2] : 2
Square validation : a[2][0] : 1
Square validation : a[2][1] : 9
Square validation : a[2][2] : 8
Row validation : a[0][0] : 5
Row validation : a[0][1] : 3
Row validation : a[0][2] : 4
Row validation : a[0][3] : 6
Row validation : a[0][4] : 7
Row validation : a[0][5] : 8
Row validation : a[0][6] : 9
Row validation : a[0][7] : 1
Row validation : a[0][8] : 2
Col validation : a[0][3] : 6
Col validation : a[1][3] : 1
Col validation : a[2][3] : 3
Col validation : a[3][3] : 7
Col validation : a[4][3] : 8
Col validation : a[5][3] : 9
Col validation : a[6][3] : 5
Col validation : a[7][3] : 4
Col validation : a[8][3] : 2
Square validation : a[0][0] : 5
Square validation : a[0][1] : 3
Square validation : a[0][2] : 4
Square validation : a[1][0] : 6
Square validation : a[1][1] : 7
Square validation : a[1][2] : 2
Square validation : a[2][0] : 1
Square validation : a[2][1] : 9
Square validation : a[2][2] : 8
Row validation : a[0][0] : 5
Row validation : a[0][1] : 3
Row validation : a[0][2] : 4
Row validation : a[0][3] : 6
Row validation : a[0][4] : 7
Row validation : a[0][5] : 8
Row validation : a[0][6] : 9
Row validation : a[0][7] : 1
Row validation : a[0][8] : 2
Col validation : a[0][4] : 7
Col validation : a[1][4] : 9
Col validation : a[2][4] : 4
Col validation : a[3][4] : 6
Col validation : a[4][4] : 5
Col validation : a[5][4] : 2
Col validation : a[6][4] : 3
Col validation : a[7][4] : 1
Col validation : a[8][4] : 8
Square validation : a[0][0] : 5
Square validation : a[0][1] : 3
Square validation : a[0][2] : 4
Square validation : a[1][0] : 6
Square validation : a[1][1] : 7
Square validation : a[1][2] : 2
Square validation : a[2][0] : 1
Square validation : a[2][1] : 9
Square validation : a[2][2] : 8
Row validation : a[0][0] : 5
Row validation : a[0][1] : 3
Row validation : a[0][2] : 4
Row validation : a[0][3] : 6
Row validation : a[0][4] : 7
Row validation : a[0][5] : 8
Row validation : a[0][6] : 9
Row validation : a[0][7] : 1
Row validation : a[0][8] : 2
Col validation : a[0][5] : 8
Col validation : a[1][5] : 5
Col validation : a[2][5] : 2
Col validation : a[3][5] : 1
Col validation : a[4][5] : 3
Col validation : a[5][5] : 4
Col validation : a[6][5] : 7
Col validation : a[7][5] : 9
Col validation : a[8][5] : 6
Square validation : a[0][0] : 5
Square validation : a[0][1] : 3
Square validation : a[0][2] : 4
Square validation : a[1][0] : 6
Square validation : a[1][1] : 7
Square validation : a[1][2] : 2
Square validation : a[2][0] : 1
Square validation : a[2][1] : 9
Square validation : a[2][2] : 8
Row validation : a[0][0] : 5
Row validation : a[0][1] : 3
Row validation : a[0][2] : 4
Row validation : a[0][3] : 6
Row validation : a[0][4] : 7
Row validation : a[0][5] : 8
Row validation : a[0][6] : 9
Row validation : a[0][7] : 1
Row validation : a[0][8] : 2
Col validation : a[0][6] : 9
Col validation : a[1][6] : 3
Col validation : a[2][6] : 5
Col validation : a[3][6] : 4
Col validation : a[4][6] : 7
Col validation : a[5][6] : 8
Col validation : a[6][6] : 2
Col validation : a[7][6] : 6
Col validation : a[8][6] : 1
Square validation : a[0][0] : 5
Square validation : a[0][1] : 3
Square validation : a[0][2] : 4
Square validation : a[1][0] : 6
Square validation : a[1][1] : 7
Square validation : a[1][2] : 2
Square validation : a[2][0] : 1
Square validation : a[2][1] : 9
Square validation : a[2][2] : 8
Row validation : a[0][0] : 5
Row validation : a[0][1] : 3
Row validation : a[0][2] : 4
Row validation : a[0][3] : 6
Row validation : a[0][4] : 7
Row validation : a[0][5] : 8
Row validation : a[0][6] : 9
Row validation : a[0][7] : 1
Row validation : a[0][8] : 2
Col validation : a[0][7] : 1
Col validation : a[1][7] : 4
Col validation : a[2][7] : 6
Col validation : a[3][7] : 2
Col validation : a[4][7] : 9
Col validation : a[5][7] : 5
Col validation : a[6][7] : 8
Col validation : a[7][7] : 3
Col validation : a[8][7] : 7
Square validation : a[0][0] : 5
Square validation : a[0][1] : 3
Square validation : a[0][2] : 4
Square validation : a[1][0] : 6
Square validation : a[1][1] : 7
Square validation : a[1][2] : 2
Square validation : a[2][0] : 1
Square validation : a[2][1] : 9
Square validation : a[2][2] : 8
Row validation : a[0][0] : 5
Row validation : a[0][1] : 3
Row validation : a[0][2] : 4
Row validation : a[0][3] : 6
Row validation : a[0][4] : 7
Row validation : a[0][5] : 8
Row validation : a[0][6] : 9
Row validation : a[0][7] : 1
Row validation : a[0][8] : 2
Col validation : a[0][8] : 2
Col validation : a[1][8] : 8
Col validation : a[2][8] : 7
Col validation : a[3][8] : 3
Col validation : a[4][8] : 1
Col validation : a[5][8] : 6
Col validation : a[6][8] : 4
Col validation : a[7][8] : 5
Col validation : a[8][8] : 9
Square validation : a[0][0] : 5
Square validation : a[0][1] : 3
Square validation : a[0][2] : 4
Square validation : a[1][0] : 6
Square validation : a[1][1] : 7
Square validation : a[1][2] : 2
Square validation : a[2][0] : 1
Square validation : a[2][1] : 9
Square validation : a[2][2] : 8
Row validation : a[1][0] : 6
Row validation : a[1][1] : 7
Row validation : a[1][2] : 2
Row validation : a[1][3] : 1
Row validation : a[1][4] : 9
Row validation : a[1][5] : 5
Row validation : a[1][6] : 3
Row validation : a[1][7] : 4
Row validation : a[1][8] : 8
Col validation : a[0][0] : 5
Col validation : a[1][0] : 6
Col validation : a[2][0] : 1
Col validation : a[3][0] : 8
Col validation : a[4][0] : 4
Col validation : a[5][0] : 7
Col validation : a[6][0] : 9
Col validation : a[7][0] : 2
Col validation : a[8][0] : 3
Square validation : a[0][0] : 5
Square validation : a[0][1] : 3
Square validation : a[0][2] : 4
Square validation : a[1][0] : 6
Square validation : a[1][1] : 7
Square validation : a[1][2] : 2
Square validation : a[2][0] : 1
Square validation : a[2][1] : 9
Square validation : a[2][2] : 8
Row validation : a[1][0] : 6
Row validation : a[1][1] : 7
Row validation : a[1][2] : 2
Row validation : a[1][3] : 1
Row validation : a[1][4] : 9
Row validation : a[1][5] : 5
Row validation : a[1][6] : 3
Row validation : a[1][7] : 4
Row validation : a[1][8] : 8
Col validation : a[0][1] : 3
Col validation : a[1][1] : 7
Col validation : a[2][1] : 9
Col validation : a[3][1] : 5
Col validation : a[4][1] : 2
Col validation : a[5][1] : 1
Col validation : a[6][1] : 6
Col validation : a[7][1] : 8
Col validation : a[8][1] : 4
Square validation : a[0][0] : 5
Square validation : a[0][1] : 3
Square validation : a[0][2] : 4
Square validation : a[1][0] : 6
Square validation : a[1][1] : 7
Square validation : a[1][2] : 2
Square validation : a[2][0] : 1
Square validation : a[2][1] : 9
Square validation : a[2][2] : 8
Row validation : a[1][0] : 6
Row validation : a[1][1] : 7
Row validation : a[1][2] : 2
Row validation : a[1][3] : 1
Row validation : a[1][4] : 9
Row validation : a[1][5] : 5
Row validation : a[1][6] : 3
Row validation : a[1][7] : 4
Row validation : a[1][8] : 8
Col validation : a[0][2] : 4
Col validation : a[1][2] : 2
Col validation : a[2][2] : 8
Col validation : a[3][2] : 9
Col validation : a[4][2] : 6
Col validation : a[5][2] : 3
Col validation : a[6][2] : 1
Col validation : a[7][2] : 7
Col validation : a[8][2] : 5
Square validation : a[0][0] : 5
Square validation : a[0][1] : 3
Square validation : a[0][2] : 4
Square validation : a[1][0] : 6
Square validation : a[1][1] : 7
Square validation : a[1][2] : 2
Square validation : a[2][0] : 1
Square validation : a[2][1] : 9
Square validation : a[2][2] : 8
Row validation : a[1][0] : 6
Row validation : a[1][1] : 7
Row validation : a[1][2] : 2
Row validation : a[1][3] : 1
Row validation : a[1][4] : 9
Row validation : a[1][5] : 5
Row validation : a[1][6] : 3
Row validation : a[1][7] : 4
Row validation : a[1][8] : 8
Col validation : a[0][3] : 6
Col validation : a[1][3] : 1
Col validation : a[2][3] : 3
Col validation : a[3][3] : 7
Col validation : a[4][3] : 8
Col validation : a[5][3] : 9
Col validation : a[6][3] : 5
Col validation : a[7][3] : 4
Col validation : a[8][3] : 2
Square validation : a[0][0] : 5
Square validation : a[0][1] : 3
Square validation : a[0][2] : 4
Square validation : a[1][0] : 6
Square validation : a[1][1] : 7
Square validation : a[1][2] : 2
Square validation : a[2][0] : 1
Square validation : a[2][1] : 9
Square validation : a[2][2] : 8
Row validation : a[1][0] : 6
Row validation : a[1][1] : 7
Row validation : a[1][2] : 2
Row validation : a[1][3] : 1
Row validation : a[1][4] : 9
Row validation : a[1][5] : 5
Row validation : a[1][6] : 3
Row validation : a[1][7] : 4
Row validation : a[1][8] : 8
Col validation : a[0][4] : 7
Col validation : a[1][4] : 9
Col validation : a[2][4] : 4
Col validation : a[3][4] : 6
Col validation : a[4][4] : 5
Col validation : a[5][4] : 2
Col validation : a[6][4] : 3
Col validation : a[7][4] : 1
Col validation : a[8][4] : 8
Square validation : a[0][0] : 5
Square validation : a[0][1] : 3
Square validation : a[0][2] : 4
Square validation : a[1][0] : 6
Square validation : a[1][1] : 7
Square validation : a[1][2] : 2
Square validation : a[2][0] : 1
Square validation : a[2][1] : 9
Square validation : a[2][2] : 8
Row validation : a[1][0] : 6
Row validation : a[1][1] : 7
Row validation : a[1][2] : 2
Row validation : a[1][3] : 1
Row validation : a[1][4] : 9
Row validation : a[1][5] : 5
Row validation : a[1][6] : 3
Row validation : a[1][7] : 4
Row validation : a[1][8] : 8
Col validation : a[0][5] : 8
Col validation : a[1][5] : 5
Col validation : a[2][5] : 2
Col validation : a[3][5] : 1
Col validation : a[4][5] : 3
Col validation : a[5][5] : 4
Col validation : a[6][5] : 7
Col validation : a[7][5] : 9
Col validation : a[8][5] : 6
Square validation : a[0][0] : 5
Square validation : a[0][1] : 3
Square validation : a[0][2] : 4
Square validation : a[1][0] : 6
Square validation : a[1][1] : 7
Square validation : a[1][2] : 2
Square validation : a[2][0] : 1
Square validation : a[2][1] : 9
Square validation : a[2][2] : 8
Row validation : a[1][0] : 6
Row validation : a[1][1] : 7
Row validation : a[1][2] : 2
Row validation : a[1][3] : 1
Row validation : a[1][4] : 9
Row validation : a[1][5] : 5
Row validation : a[1][6] : 3
Row validation : a[1][7] : 4
Row validation : a[1][8] : 8
Col validation : a[0][6] : 9
Col validation : a[1][6] : 3
Col validation : a[2][6] : 5
Col validation : a[3][6] : 4
Col validation : a[4][6] : 7
Col validation : a[5][6] : 8
Col validation : a[6][6] : 2
Col validation : a[7][6] : 6
Col validation : a[8][6] : 1
Square validation : a[0][0] : 5
Square validation : a[0][1] : 3
Square validation : a[0][2] : 4
Square validation : a[1][0] : 6
Square validation : a[1][1] : 7
Square validation : a[1][2] : 2
Square validation : a[2][0] : 1
Square validation : a[2][1] : 9
Square validation : a[2][2] : 8
Row validation : a[1][0] : 6
Row validation : a[1][1] : 7
Row validation : a[1][2] : 2
Row validation : a[1][3] : 1
Row validation : a[1][4] : 9
Row validation : a[1][5] : 5
Row validation : a[1][6] : 3
Row validation : a[1][7] : 4
Row validation : a[1][8] : 8
Col validation : a[0][7] : 1
Col validation : a[1][7] : 4
Col validation : a[2][7] : 6
Col validation : a[3][7] : 2
Col validation : a[4][7] : 9
Col validation : a[5][7] : 5
Col validation : a[6][7] : 8
Col validation : a[7][7] : 3
Col validation : a[8][7] : 7
Square validation : a[0][0] : 5
Square validation : a[0][1] : 3
Square validation : a[0][2] : 4
Square validation : a[1][0] : 6
Square validation : a[1][1] : 7
Square validation : a[1][2] : 2
Square validation : a[2][0] : 1
Square validation : a[2][1] : 9
Square validation : a[2][2] : 8
Row validation : a[1][0] : 6
Row validation : a[1][1] : 7
Row validation : a[1][2] : 2
Row validation : a[1][3] : 1
Row validation : a[1][4] : 9
Row validation : a[1][5] : 5
Row validation : a[1][6] : 3
Row validation : a[1][7] : 4
Row validation : a[1][8] : 8
Col validation : a[0][8] : 2
Col validation : a[1][8] : 8
Col validation : a[2][8] : 7
Col validation : a[3][8] : 3
Col validation : a[4][8] : 1
Col validation : a[5][8] : 6
Col validation : a[6][8] : 4
Col validation : a[7][8] : 5
Col validation : a[8][8] : 9
Square validation : a[0][0] : 5
Square validation : a[0][1] : 3
Square validation : a[0][2] : 4
Square validation : a[1][0] : 6
Square validation : a[1][1] : 7
Square validation : a[1][2] : 2
Square validation : a[2][0] : 1
Square validation : a[2][1] : 9
Square validation : a[2][2] : 8
Row validation : a[2][0] : 1
Row validation : a[2][1] : 9
Row validation : a[2][2] : 8
Row validation : a[2][3] : 3
Row validation : a[2][4] : 4
Row validation : a[2][5] : 2
Row validation : a[2][6] : 5
Row validation : a[2][7] : 6
Row validation : a[2][8] : 7
Col validation : a[0][0] : 5
Col validation : a[1][0] : 6
Col validation : a[2][0] : 1
Col validation : a[3][0] : 8
Col validation : a[4][0] : 4
Col validation : a[5][0] : 7
Col validation : a[6][0] : 9
Col validation : a[7][0] : 2
Col validation : a[8][0] : 3
Square validation : a[0][0] : 5
Square validation : a[0][1] : 3
Square validation : a[0][2] : 4
Square validation : a[1][0] : 6
Square validation : a[1][1] : 7
Square validation : a[1][2] : 2
Square validation : a[2][0] : 1
Square validation : a[2][1] : 9
Square validation : a[2][2] : 8
Row validation : a[2][0] : 1
Row validation : a[2][1] : 9
Row validation : a[2][2] : 8
Row validation : a[2][3] : 3
Row validation : a[2][4] : 4
Row validation : a[2][5] : 2
Row validation : a[2][6] : 5
Row validation : a[2][7] : 6
Row validation : a[2][8] : 7
Col validation : a[0][1] : 3
Col validation : a[1][1] : 7
Col validation : a[2][1] : 9
Col validation : a[3][1] : 5
Col validation : a[4][1] : 2
Col validation : a[5][1] : 1
Col validation : a[6][1] : 6
Col validation : a[7][1] : 8
Col validation : a[8][1] : 4
Square validation : a[0][0] : 5
Square validation : a[0][1] : 3
Square validation : a[0][2] : 4
Square validation : a[1][0] : 6
Square validation : a[1][1] : 7
Square validation : a[1][2] : 2
Square validation : a[2][0] : 1
Square validation : a[2][1] : 9
Square validation : a[2][2] : 8
Row validation : a[2][0] : 1
Row validation : a[2][1] : 9
Row validation : a[2][2] : 8
Row validation : a[2][3] : 3
Row validation : a[2][4] : 4
Row validation : a[2][5] : 2
Row validation : a[2][6] : 5
Row validation : a[2][7] : 6
Row validation : a[2][8] : 7
Col validation : a[0][2] : 4
Col validation : a[1][2] : 2
Col validation : a[2][2] : 8
Col validation : a[3][2] : 9
Col validation : a[4][2] : 6
Col validation : a[5][2] : 3
Col validation : a[6][2] : 1
Col validation : a[7][2] : 7
Col validation : a[8][2] : 5
Square validation : a[0][0] : 5
Square validation : a[0][1] : 3
Square validation : a[0][2] : 4
Square validation : a[1][0] : 6
Square validation : a[1][1] : 7
Square validation : a[1][2] : 2
Square validation : a[2][0] : 1
Square validation : a[2][1] : 9
Square validation : a[2][2] : 8
Row validation : a[2][0] : 1
Row validation : a[2][1] : 9
Row validation : a[2][2] : 8
Row validation : a[2][3] : 3
Row validation : a[2][4] : 4
Row validation : a[2][5] : 2
Row validation : a[2][6] : 5
Row validation : a[2][7] : 6
Row validation : a[2][8] : 7
Col validation : a[0][3] : 6
Col validation : a[1][3] : 1
Col validation : a[2][3] : 3
Col validation : a[3][3] : 7
Col validation : a[4][3] : 8
Col validation : a[5][3] : 9
Col validation : a[6][3] : 5
Col validation : a[7][3] : 4
Col validation : a[8][3] : 2
Square validation : a[0][0] : 5
Square validation : a[0][1] : 3
Square validation : a[0][2] : 4
Square validation : a[1][0] : 6
Square validation : a[1][1] : 7
Square validation : a[1][2] : 2
Square validation : a[2][0] : 1
Square validation : a[2][1] : 9
Square validation : a[2][2] : 8
Row validation : a[2][0] : 1
Row validation : a[2][1] : 9
Row validation : a[2][2] : 8
Row validation : a[2][3] : 3
Row validation : a[2][4] : 4
Row validation : a[2][5] : 2
Row validation : a[2][6] : 5
Row validation : a[2][7] : 6
Row validation : a[2][8] : 7
Col validation : a[0][4] : 7
Col validation : a[1][4] : 9
Col validation : a[2][4] : 4
Col validation : a[3][4] : 6
Col validation : a[4][4] : 5
Col validation : a[5][4] : 2
Col validation : a[6][4] : 3
Col validation : a[7][4] : 1
Col validation : a[8][4] : 8
Square validation : a[0][0] : 5
Square validation : a[0][1] : 3
Square validation : a[0][2] : 4
Square validation : a[1][0] : 6
Square validation : a[1][1] : 7
Square validation : a[1][2] : 2
Square validation : a[2][0] : 1
Square validation : a[2][1] : 9
Square validation : a[2][2] : 8
Row validation : a[2][0] : 1
Row validation : a[2][1] : 9
Row validation : a[2][2] : 8
Row validation : a[2][3] : 3
Row validation : a[2][4] : 4
Row validation : a[2][5] : 2
Row validation : a[2][6] : 5
Row validation : a[2][7] : 6
Row validation : a[2][8] : 7
Col validation : a[0][5] : 8
Col validation : a[1][5] : 5
Col validation : a[2][5] : 2
Col validation : a[3][5] : 1
Col validation : a[4][5] : 3
Col validation : a[5][5] : 4
Col validation : a[6][5] : 7
Col validation : a[7][5] : 9
Col validation : a[8][5] : 6
Square validation : a[0][0] : 5
Square validation : a[0][1] : 3
Square validation : a[0][2] : 4
Square validation : a[1][0] : 6
Square validation : a[1][1] : 7
Square validation : a[1][2] : 2
Square validation : a[2][0] : 1
Square validation : a[2][1] : 9
Square validation : a[2][2] : 8
Row validation : a[2][0] : 1
Row validation : a[2][1] : 9
Row validation : a[2][2] : 8
Row validation : a[2][3] : 3
Row validation : a[2][4] : 4
Row validation : a[2][5] : 2
Row validation : a[2][6] : 5
Row validation : a[2][7] : 6
Row validation : a[2][8] : 7
Col validation : a[0][6] : 9
Col validation : a[1][6] : 3
Col validation : a[2][6] : 5
Col validation : a[3][6] : 4
Col validation : a[4][6] : 7
Col validation : a[5][6] : 8
Col validation : a[6][6] : 2
Col validation : a[7][6] : 6
Col validation : a[8][6] : 1
Square validation : a[0][0] : 5
Square validation : a[0][1] : 3
Square validation : a[0][2] : 4
Square validation : a[1][0] : 6
Square validation : a[1][1] : 7
Square validation : a[1][2] : 2
Square validation : a[2][0] : 1
Square validation : a[2][1] : 9
Square validation : a[2][2] : 8
Row validation : a[2][0] : 1
Row validation : a[2][1] : 9
Row validation : a[2][2] : 8
Row validation : a[2][3] : 3
Row validation : a[2][4] : 4
Row validation : a[2][5] : 2
Row validation : a[2][6] : 5
Row validation : a[2][7] : 6
Row validation : a[2][8] : 7
Col validation : a[0][7] : 1
Col validation : a[1][7] : 4
Col validation : a[2][7] : 6
Col validation : a[3][7] : 2
Col validation : a[4][7] : 9
Col validation : a[5][7] : 5
Col validation : a[6][7] : 8
Col validation : a[7][7] : 3
Col validation : a[8][7] : 7
Square validation : a[0][0] : 5
Square validation : a[0][1] : 3
Square validation : a[0][2] : 4
Square validation : a[1][0] : 6
Square validation : a[1][1] : 7
Square validation : a[1][2] : 2
Square validation : a[2][0] : 1
Square validation : a[2][1] : 9
Square validation : a[2][2] : 8
Row validation : a[2][0] : 1
Row validation : a[2][1] : 9
Row validation : a[2][2] : 8
Row validation : a[2][3] : 3
Row validation : a[2][4] : 4
Row validation : a[2][5] : 2
Row validation : a[2][6] : 5
Row validation : a[2][7] : 6
Row validation : a[2][8] : 7
Col validation : a[0][8] : 2
Col validation : a[1][8] : 8
Col validation : a[2][8] : 7
Col validation : a[3][8] : 3
Col validation : a[4][8] : 1
Col validation : a[5][8] : 6
Col validation : a[6][8] : 4
Col validation : a[7][8] : 5
Col validation : a[8][8] : 9
Square validation : a[0][0] : 5
Square validation : a[0][1] : 3
Square validation : a[0][2] : 4
Square validation : a[1][0] : 6
Square validation : a[1][1] : 7
Square validation : a[1][2] : 2
Square validation : a[2][0] : 1
Square validation : a[2][1] : 9
Square validation : a[2][2] : 8
Row validation : a[3][0] : 8
Row validation : a[3][1] : 5
Row validation : a[3][2] : 9
Row validation : a[3][3] : 7
Row validation : a[3][4] : 6
Row validation : a[3][5] : 1
Row validation : a[3][6] : 4
Row validation : a[3][7] : 2
Row validation : a[3][8] : 3
Col validation : a[0][0] : 5
Col validation : a[1][0] : 6
Col validation : a[2][0] : 1
Col validation : a[3][0] : 8
Col validation : a[4][0] : 4
Col validation : a[5][0] : 7
Col validation : a[6][0] : 9
Col validation : a[7][0] : 2
Col validation : a[8][0] : 3
Square validation : a[0][0] : 5
Square validation : a[0][1] : 3
Square validation : a[0][2] : 4
Square validation : a[1][0] : 6
Square validation : a[1][1] : 7
Square validation : a[1][2] : 2
Square validation : a[2][0] : 1
Square validation : a[2][1] : 9
Square validation : a[2][2] : 8
Row validation : a[3][0] : 8
Row validation : a[3][1] : 5
Row validation : a[3][2] : 9
Row validation : a[3][3] : 7
Row validation : a[3][4] : 6
Row validation : a[3][5] : 1
Row validation : a[3][6] : 4
Row validation : a[3][7] : 2
Row validation : a[3][8] : 3
Col validation : a[0][1] : 3
Col validation : a[1][1] : 7
Col validation : a[2][1] : 9
Col validation : a[3][1] : 5
Col validation : a[4][1] : 2
Col validation : a[5][1] : 1
Col validation : a[6][1] : 6
Col validation : a[7][1] : 8
Col validation : a[8][1] : 4
Square validation : a[0][0] : 5
Square validation : a[0][1] : 3
Square validation : a[0][2] : 4
Square validation : a[1][0] : 6
Square validation : a[1][1] : 7
Square validation : a[1][2] : 2
Square validation : a[2][0] : 1
Square validation : a[2][1] : 9
Square validation : a[2][2] : 8
Row validation : a[3][0] : 8
Row validation : a[3][1] : 5
Row validation : a[3][2] : 9
Row validation : a[3][3] : 7
Row validation : a[3][4] : 6
Row validation : a[3][5] : 1
Row validation : a[3][6] : 4
Row validation : a[3][7] : 2
Row validation : a[3][8] : 3
Col validation : a[0][2] : 4
Col validation : a[1][2] : 2
Col validation : a[2][2] : 8
Col validation : a[3][2] : 9
Col validation : a[4][2] : 6
Col validation : a[5][2] : 3
Col validation : a[6][2] : 1
Col validation : a[7][2] : 7
Col validation : a[8][2] : 5
Square validation : a[0][0] : 5
Square validation : a[0][1] : 3
Square validation : a[0][2] : 4
Square validation : a[1][0] : 6
Square validation : a[1][1] : 7
Square validation : a[1][2] : 2
Square validation : a[2][0] : 1
Square validation : a[2][1] : 9
Square validation : a[2][2] : 8
Row validation : a[3][0] : 8
Row validation : a[3][1] : 5
Row validation : a[3][2] : 9
Row validation : a[3][3] : 7
Row validation : a[3][4] : 6
Row validation : a[3][5] : 1
Row validation : a[3][6] : 4
Row validation : a[3][7] : 2
Row validation : a[3][8] : 3
Col validation : a[0][3] : 6
Col validation : a[1][3] : 1
Col validation : a[2][3] : 3
Col validation : a[3][3] : 7
Col validation : a[4][3] : 8
Col validation : a[5][3] : 9
Col validation : a[6][3] : 5
Col validation : a[7][3] : 4
Col validation : a[8][3] : 2
Square validation : a[0][0] : 5
Square validation : a[0][1] : 3
Square validation : a[0][2] : 4
Square validation : a[1][0] : 6
Square validation : a[1][1] : 7
Square validation : a[1][2] : 2
Square validation : a[2][0] : 1
Square validation : a[2][1] : 9
Square validation : a[2][2] : 8
Row validation : a[3][0] : 8
Row validation : a[3][1] : 5
Row validation : a[3][2] : 9
Row validation : a[3][3] : 7
Row validation : a[3][4] : 6
Row validation : a[3][5] : 1
Row validation : a[3][6] : 4
Row validation : a[3][7] : 2
Row validation : a[3][8] : 3
Col validation : a[0][4] : 7
Col validation : a[1][4] : 9
Col validation : a[2][4] : 4
Col validation : a[3][4] : 6
Col validation : a[4][4] : 5
Col validation : a[5][4] : 2
Col validation : a[6][4] : 3
Col validation : a[7][4] : 1
Col validation : a[8][4] : 8
Square validation : a[0][0] : 5
Square validation : a[0][1] : 3
Square validation : a[0][2] : 4
Square validation : a[1][0] : 6
Square validation : a[1][1] : 7
Square validation : a[1][2] : 2
Square validation : a[2][0] : 1
Square validation : a[2][1] : 9
Square validation : a[2][2] : 8
Row validation : a[3][0] : 8
Row validation : a[3][1] : 5
Row validation : a[3][2] : 9
Row validation : a[3][3] : 7
Row validation : a[3][4] : 6
Row validation : a[3][5] : 1
Row validation : a[3][6] : 4
Row validation : a[3][7] : 2
Row validation : a[3][8] : 3
Col validation : a[0][5] : 8
Col validation : a[1][5] : 5
Col validation : a[2][5] : 2
Col validation : a[3][5] : 1
Col validation : a[4][5] : 3
Col validation : a[5][5] : 4
Col validation : a[6][5] : 7
Col validation : a[7][5] : 9
Col validation : a[8][5] : 6
Square validation : a[0][0] : 5
Square validation : a[0][1] : 3
Square validation : a[0][2] : 4
Square validation : a[1][0] : 6
Square validation : a[1][1] : 7
Square validation : a[1][2] : 2
Square validation : a[2][0] : 1
Square validation : a[2][1] : 9
Square validation : a[2][2] : 8
Row validation : a[3][0] : 8
Row validation : a[3][1] : 5
Row validation : a[3][2] : 9
Row validation : a[3][3] : 7
Row validation : a[3][4] : 6
Row validation : a[3][5] : 1
Row validation : a[3][6] : 4
Row validation : a[3][7] : 2
Row validation : a[3][8] : 3
Col validation : a[0][6] : 9
Col validation : a[1][6] : 3
Col validation : a[2][6] : 5
Col validation : a[3][6] : 4
Col validation : a[4][6] : 7
Col validation : a[5][6] : 8
Col validation : a[6][6] : 2
Col validation : a[7][6] : 6
Col validation : a[8][6] : 1
Square validation : a[0][0] : 5
Square validation : a[0][1] : 3
Square validation : a[0][2] : 4
Square validation : a[1][0] : 6
Square validation : a[1][1] : 7
Square validation : a[1][2] : 2
Square validation : a[2][0] : 1
Square validation : a[2][1] : 9
Square validation : a[2][2] : 8
Row validation : a[3][0] : 8
Row validation : a[3][1] : 5
Row validation : a[3][2] : 9
Row validation : a[3][3] : 7
Row validation : a[3][4] : 6
Row validation : a[3][5] : 1
Row validation : a[3][6] : 4
Row validation : a[3][7] : 2
Row validation : a[3][8] : 3
Col validation : a[0][7] : 1
Col validation : a[1][7] : 4
Col validation : a[2][7] : 6
Col validation : a[3][7] : 2
Col validation : a[4][7] : 9
Col validation : a[5][7] : 5
Col validation : a[6][7] : 8
Col validation : a[7][7] : 3
Col validation : a[8][7] : 7
Square validation : a[0][0] : 5
Square validation : a[0][1] : 3
Square validation : a[0][2] : 4
Square validation : a[1][0] : 6
Square validation : a[1][1] : 7
Square validation : a[1][2] : 2
Square validation : a[2][0] : 1
Square validation : a[2][1] : 9
Square validation : a[2][2] : 8
Row validation : a[3][0] : 8
Row validation : a[3][1] : 5
Row validation : a[3][2] : 9
Row validation : a[3][3] : 7
Row validation : a[3][4] : 6
Row validation : a[3][5] : 1
Row validation : a[3][6] : 4
Row validation : a[3][7] : 2
Row validation : a[3][8] : 3
Col validation : a[0][8] : 2
Col validation : a[1][8] : 8
Col validation : a[2][8] : 7
Col validation : a[3][8] : 3
Col validation : a[4][8] : 1
Col validation : a[5][8] : 6
Col validation : a[6][8] : 4
Col validation : a[7][8] : 5
Col validation : a[8][8] : 9
Square validation : a[0][0] : 5
Square validation : a[0][1] : 3
Square validation : a[0][2] : 4
Square validation : a[1][0] : 6
Square validation : a[1][1] : 7
Square validation : a[1][2] : 2
Square validation : a[2][0] : 1
Square validation : a[2][1] : 9
Square validation : a[2][2] : 8
Row validation : a[4][0] : 4
Row validation : a[4][1] : 2
Row validation : a[4][2] : 6
Row validation : a[4][3] : 8
Row validation : a[4][4] : 5
Row validation : a[4][5] : 3
Row validation : a[4][6] : 7
Row validation : a[4][7] : 9
Row validation : a[4][8] : 1
Col validation : a[0][0] : 5
Col validation : a[1][0] : 6
Col validation : a[2][0] : 1
Col validation : a[3][0] : 8
Col validation : a[4][0] : 4
Col validation : a[5][0] : 7
Col validation : a[6][0] : 9
Col validation : a[7][0] : 2
Col validation : a[8][0] : 3
Square validation : a[0][0] : 5
Square validation : a[0][1] : 3
Square validation : a[0][2] : 4
Square validation : a[1][0] : 6
Square validation : a[1][1] : 7
Square validation : a[1][2] : 2
Square validation : a[2][0] : 1
Square validation : a[2][1] : 9
Square validation : a[2][2] : 8
Row validation : a[4][0] : 4
Row validation : a[4][1] : 2
Row validation : a[4][2] : 6
Row validation : a[4][3] : 8
Row validation : a[4][4] : 5
Row validation : a[4][5] : 3
Row validation : a[4][6] : 7
Row validation : a[4][7] : 9
Row validation : a[4][8] : 1
Col validation : a[0][1] : 3
Col validation : a[1][1] : 7
Col validation : a[2][1] : 9
Col validation : a[3][1] : 5
Col validation : a[4][1] : 2
Col validation : a[5][1] : 1
Col validation : a[6][1] : 6
Col validation : a[7][1] : 8
Col validation : a[8][1] : 4
Square validation : a[0][0] : 5
Square validation : a[0][1] : 3
Square validation : a[0][2] : 4
Square validation : a[1][0] : 6
Square validation : a[1][1] : 7
Square validation : a[1][2] : 2
Square validation : a[2][0] : 1
Square validation : a[2][1] : 9
Square validation : a[2][2] : 8
Row validation : a[4][0] : 4
Row validation : a[4][1] : 2
Row validation : a[4][2] : 6
Row validation : a[4][3] : 8
Row validation : a[4][4] : 5
Row validation : a[4][5] : 3
Row validation : a[4][6] : 7
Row validation : a[4][7] : 9
Row validation : a[4][8] : 1
Col validation : a[0][2] : 4
Col validation : a[1][2] : 2
Col validation : a[2][2] : 8
Col validation : a[3][2] : 9
Col validation : a[4][2] : 6
Col validation : a[5][2] : 3
Col validation : a[6][2] : 1
Col validation : a[7][2] : 7
Col validation : a[8][2] : 5
Square validation : a[0][0] : 5
Square validation : a[0][1] : 3
Square validation : a[0][2] : 4
Square validation : a[1][0] : 6
Square validation : a[1][1] : 7
Square validation : a[1][2] : 2
Square validation : a[2][0] : 1
Square validation : a[2][1] : 9
Square validation : a[2][2] : 8
Row validation : a[4][0] : 4
Row validation : a[4][1] : 2
Row validation : a[4][2] : 6
Row validation : a[4][3] : 8
Row validation : a[4][4] : 5
Row validation : a[4][5] : 3
Row validation : a[4][6] : 7
Row validation : a[4][7] : 9
Row validation : a[4][8] : 1
Col validation : a[0][3] : 6
Col validation : a[1][3] : 1
Col validation : a[2][3] : 3
Col validation : a[3][3] : 7
Col validation : a[4][3] : 8
Col validation : a[5][3] : 9
Col validation : a[6][3] : 5
Col validation : a[7][3] : 4
Col validation : a[8][3] : 2
Square validation : a[0][0] : 5
Square validation : a[0][1] : 3
Square validation : a[0][2] : 4
Square validation : a[1][0] : 6
Square validation : a[1][1] : 7
Square validation : a[1][2] : 2
Square validation : a[2][0] : 1
Square validation : a[2][1] : 9
Square validation : a[2][2] : 8
Row validation : a[4][0] : 4
Row validation : a[4][1] : 2
Row validation : a[4][2] : 6
Row validation : a[4][3] : 8
Row validation : a[4][4] : 5
Row validation : a[4][5] : 3
Row validation : a[4][6] : 7
Row validation : a[4][7] : 9
Row validation : a[4][8] : 1
Col validation : a[0][4] : 7
Col validation : a[1][4] : 9
Col validation : a[2][4] : 4
Col validation : a[3][4] : 6
Col validation : a[4][4] : 5
Col validation : a[5][4] : 2
Col validation : a[6][4] : 3
Col validation : a[7][4] : 1
Col validation : a[8][4] : 8
Square validation : a[0][0] : 5
Square validation : a[0][1] : 3
Square validation : a[0][2] : 4
Square validation : a[1][0] : 6
Square validation : a[1][1] : 7
Square validation : a[1][2] : 2
Square validation : a[2][0] : 1
Square validation : a[2][1] : 9
Square validation : a[2][2] : 8
Row validation : a[4][0] : 4
Row validation : a[4][1] : 2
Row validation : a[4][2] : 6
Row validation : a[4][3] : 8
Row validation : a[4][4] : 5
Row validation : a[4][5] : 3
Row validation : a[4][6] : 7
Row validation : a[4][7] : 9
Row validation : a[4][8] : 1
Col validation : a[0][5] : 8
Col validation : a[1][5] : 5
Col validation : a[2][5] : 2
Col validation : a[3][5] : 1
Col validation : a[4][5] : 3
Col validation : a[5][5] : 4
Col validation : a[6][5] : 7
Col validation : a[7][5] : 9
Col validation : a[8][5] : 6
Square validation : a[0][0] : 5
Square validation : a[0][1] : 3
Square validation : a[0][2] : 4
Square validation : a[1][0] : 6
Square validation : a[1][1] : 7
Square validation : a[1][2] : 2
Square validation : a[2][0] : 1
Square validation : a[2][1] : 9
Square validation : a[2][2] : 8
Row validation : a[4][0] : 4
Row validation : a[4][1] : 2
Row validation : a[4][2] : 6
Row validation : a[4][3] : 8
Row validation : a[4][4] : 5
Row validation : a[4][5] : 3
Row validation : a[4][6] : 7
Row validation : a[4][7] : 9
Row validation : a[4][8] : 1
Col validation : a[0][6] : 9
Col validation : a[1][6] : 3
Col validation : a[2][6] : 5
Col validation : a[3][6] : 4
Col validation : a[4][6] : 7
Col validation : a[5][6] : 8
Col validation : a[6][6] : 2
Col validation : a[7][6] : 6
Col validation : a[8][6] : 1
Square validation : a[0][0] : 5
Square validation : a[0][1] : 3
Square validation : a[0][2] : 4
Square validation : a[1][0] : 6
Square validation : a[1][1] : 7
Square validation : a[1][2] : 2
Square validation : a[2][0] : 1
Square validation : a[2][1] : 9
Square validation : a[2][2] : 8
Row validation : a[4][0] : 4
Row validation : a[4][1] : 2
Row validation : a[4][2] : 6
Row validation : a[4][3] : 8
Row validation : a[4][4] : 5
Row validation : a[4][5] : 3
Row validation : a[4][6] : 7
Row validation : a[4][7] : 9
Row validation : a[4][8] : 1
Col validation : a[0][7] : 1
Col validation : a[1][7] : 4
Col validation : a[2][7] : 6
Col validation : a[3][7] : 2
Col validation : a[4][7] : 9
Col validation : a[5][7] : 5
Col validation : a[6][7] : 8
Col validation : a[7][7] : 3
Col validation : a[8][7] : 7
Square validation : a[0][0] : 5
Square validation : a[0][1] : 3
Square validation : a[0][2] : 4
Square validation : a[1][0] : 6
Square validation : a[1][1] : 7
Square validation : a[1][2] : 2
Square validation : a[2][0] : 1
Square validation : a[2][1] : 9
Square validation : a[2][2] : 8
Row validation : a[4][0] : 4
Row validation : a[4][1] : 2
Row validation : a[4][2] : 6
Row validation : a[4][3] : 8
Row validation : a[4][4] : 5
Row validation : a[4][5] : 3
Row validation : a[4][6] : 7
Row validation : a[4][7] : 9
Row validation : a[4][8] : 1
Col validation : a[0][8] : 2
Col validation : a[1][8] : 8
Col validation : a[2][8] : 7
Col validation : a[3][8] : 3
Col validation : a[4][8] : 1
Col validation : a[5][8] : 6
Col validation : a[6][8] : 4
Col validation : a[7][8] : 5
Col validation : a[8][8] : 9
Square validation : a[0][0] : 5
Square validation : a[0][1] : 3
Square validation : a[0][2] : 4
Square validation : a[1][0] : 6
Square validation : a[1][1] : 7
Square validation : a[1][2] : 2
Square validation : a[2][0] : 1
Square validation : a[2][1] : 9
Square validation : a[2][2] : 8
Row validation : a[5][0] : 7
Row validation : a[5][1] : 1
Row validation : a[5][2] : 3
Row validation : a[5][3] : 9
Row validation : a[5][4] : 2
Row validation : a[5][5] : 4
Row validation : a[5][6] : 8
Row validation : a[5][7] : 5
Row validation : a[5][8] : 6
Col validation : a[0][0] : 5
Col validation : a[1][0] : 6
Col validation : a[2][0] : 1
Col validation : a[3][0] : 8
Col validation : a[4][0] : 4
Col validation : a[5][0] : 7
Col validation : a[6][0] : 9
Col validation : a[7][0] : 2
Col validation : a[8][0] : 3
Square validation : a[0][0] : 5
Square validation : a[0][1] : 3
Square validation : a[0][2] : 4
Square validation : a[1][0] : 6
Square validation : a[1][1] : 7
Square validation : a[1][2] : 2
Square validation : a[2][0] : 1
Square validation : a[2][1] : 9
Square validation : a[2][2] : 8
Row validation : a[5][0] : 7
Row validation : a[5][1] : 1
Row validation : a[5][2] : 3
Row validation : a[5][3] : 9
Row validation : a[5][4] : 2
Row validation : a[5][5] : 4
Row validation : a[5][6] : 8
Row validation : a[5][7] : 5
Row validation : a[5][8] : 6
Col validation : a[0][1] : 3
Col validation : a[1][1] : 7
Col validation : a[2][1] : 9
Col validation : a[3][1] : 5
Col validation : a[4][1] : 2
Col validation : a[5][1] : 1
Col validation : a[6][1] : 6
Col validation : a[7][1] : 8
Col validation : a[8][1] : 4
Square validation : a[0][0] : 5
Square validation : a[0][1] : 3
Square validation : a[0][2] : 4
Square validation : a[1][0] : 6
Square validation : a[1][1] : 7
Square validation : a[1][2] : 2
Square validation : a[2][0] : 1
Square validation : a[2][1] : 9
Square validation : a[2][2] : 8
Row validation : a[5][0] : 7
Row validation : a[5][1] : 1
Row validation : a[5][2] : 3
Row validation : a[5][3] : 9
Row validation : a[5][4] : 2
Row validation : a[5][5] : 4
Row validation : a[5][6] : 8
Row validation : a[5][7] : 5
Row validation : a[5][8] : 6
Col validation : a[0][2] : 4
Col validation : a[1][2] : 2
Col validation : a[2][2] : 8
Col validation : a[3][2] : 9
Col validation : a[4][2] : 6
Col validation : a[5][2] : 3
Col validation : a[6][2] : 1
Col validation : a[7][2] : 7
Col validation : a[8][2] : 5
Square validation : a[0][0] : 5
Square validation : a[0][1] : 3
Square validation : a[0][2] : 4
Square validation : a[1][0] : 6
Square validation : a[1][1] : 7
Square validation : a[1][2] : 2
Square validation : a[2][0] : 1
Square validation : a[2][1] : 9
Square validation : a[2][2] : 8
Row validation : a[5][0] : 7
Row validation : a[5][1] : 1
Row validation : a[5][2] : 3
Row validation : a[5][3] : 9
Row validation : a[5][4] : 2
Row validation : a[5][5] : 4
Row validation : a[5][6] : 8
Row validation : a[5][7] : 5
Row validation : a[5][8] : 6
Col validation : a[0][3] : 6
Col validation : a[1][3] : 1
Col validation : a[2][3] : 3
Col validation : a[3][3] : 7
Col validation : a[4][3] : 8
Col validation : a[5][3] : 9
Col validation : a[6][3] : 5
Col validation : a[7][3] : 4
Col validation : a[8][3] : 2
Square validation : a[0][0] : 5
Square validation : a[0][1] : 3
Square validation : a[0][2] : 4
Square validation : a[1][0] : 6
Square validation : a[1][1] : 7
Square validation : a[1][2] : 2
Square validation : a[2][0] : 1
Square validation : a[2][1] : 9
Square validation : a[2][2] : 8
Row validation : a[5][0] : 7
Row validation : a[5][1] : 1
Row validation : a[5][2] : 3
Row validation : a[5][3] : 9
Row validation : a[5][4] : 2
Row validation : a[5][5] : 4
Row validation : a[5][6] : 8
Row validation : a[5][7] : 5
Row validation : a[5][8] : 6
Col validation : a[0][4] : 7
Col validation : a[1][4] : 9
Col validation : a[2][4] : 4
Col validation : a[3][4] : 6
Col validation : a[4][4] : 5
Col validation : a[5][4] : 2
Col validation : a[6][4] : 3
Col validation : a[7][4] : 1
Col validation : a[8][4] : 8
Square validation : a[0][0] : 5
Square validation : a[0][1] : 3
Square validation : a[0][2] : 4
Square validation : a[1][0] : 6
Square validation : a[1][1] : 7
Square validation : a[1][2] : 2
Square validation : a[2][0] : 1
Square validation : a[2][1] : 9
Square validation : a[2][2] : 8
Row validation : a[5][0] : 7
Row validation : a[5][1] : 1
Row validation : a[5][2] : 3
Row validation : a[5][3] : 9
Row validation : a[5][4] : 2
Row validation : a[5][5] : 4
Row validation : a[5][6] : 8
Row validation : a[5][7] : 5
Row validation : a[5][8] : 6
Col validation : a[0][5] : 8
Col validation : a[1][5] : 5
Col validation : a[2][5] : 2
Col validation : a[3][5] : 1
Col validation : a[4][5] : 3
Col validation : a[5][5] : 4
Col validation : a[6][5] : 7
Col validation : a[7][5] : 9
Col validation : a[8][5] : 6
Square validation : a[0][0] : 5
Square validation : a[0][1] : 3
Square validation : a[0][2] : 4
Square validation : a[1][0] : 6
Square validation : a[1][1] : 7
Square validation : a[1][2] : 2
Square validation : a[2][0] : 1
Square validation : a[2][1] : 9
Square validation : a[2][2] : 8
Row validation : a[5][0] : 7
Row validation : a[5][1] : 1
Row validation : a[5][2] : 3
Row validation : a[5][3] : 9
Row validation : a[5][4] : 2
Row validation : a[5][5] : 4
Row validation : a[5][6] : 8
Row validation : a[5][7] : 5
Row validation : a[5][8] : 6
Col validation : a[0][6] : 9
Col validation : a[1][6] : 3
Col validation : a[2][6] : 5
Col validation : a[3][6] : 4
Col validation : a[4][6] : 7
Col validation : a[5][6] : 8
Col validation : a[6][6] : 2
Col validation : a[7][6] : 6
Col validation : a[8][6] : 1
Square validation : a[0][0] : 5
Square validation : a[0][1] : 3
Square validation : a[0][2] : 4
Square validation : a[1][0] : 6
Square validation : a[1][1] : 7
Square validation : a[1][2] : 2
Square validation : a[2][0] : 1
Square validation : a[2][1] : 9
Square validation : a[2][2] : 8
Row validation : a[5][0] : 7
Row validation : a[5][1] : 1
Row validation : a[5][2] : 3
Row validation : a[5][3] : 9
Row validation : a[5][4] : 2
Row validation : a[5][5] : 4
Row validation : a[5][6] : 8
Row validation : a[5][7] : 5
Row validation : a[5][8] : 6
Col validation : a[0][7] : 1
Col validation : a[1][7] : 4
Col validation : a[2][7] : 6
Col validation : a[3][7] : 2
Col validation : a[4][7] : 9
Col validation : a[5][7] : 5
Col validation : a[6][7] : 8
Col validation : a[7][7] : 3
Col validation : a[8][7] : 7
Square validation : a[0][0] : 5
Square validation : a[0][1] : 3
Square validation : a[0][2] : 4
Square validation : a[1][0] : 6
Square validation : a[1][1] : 7
Square validation : a[1][2] : 2
Square validation : a[2][0] : 1
Square validation : a[2][1] : 9
Square validation : a[2][2] : 8
Row validation : a[5][0] : 7
Row validation : a[5][1] : 1
Row validation : a[5][2] : 3
Row validation : a[5][3] : 9
Row validation : a[5][4] : 2
Row validation : a[5][5] : 4
Row validation : a[5][6] : 8
Row validation : a[5][7] : 5
Row validation : a[5][8] : 6
Col validation : a[0][8] : 2
Col validation : a[1][8] : 8
Col validation : a[2][8] : 7
Col validation : a[3][8] : 3
Col validation : a[4][8] : 1
Col validation : a[5][8] : 6
Col validation : a[6][8] : 4
Col validation : a[7][8] : 5
Col validation : a[8][8] : 9
Square validation : a[0][0] : 5
Square validation : a[0][1] : 3
Square validation : a[0][2] : 4
Square validation : a[1][0] : 6
Square validation : a[1][1] : 7
Square validation : a[1][2] : 2
Square validation : a[2][0] : 1
Square validation : a[2][1] : 9
Square validation : a[2][2] : 8
Row validation : a[6][0] : 9
Row validation : a[6][1] : 6
Row validation : a[6][2] : 1
Row validation : a[6][3] : 5
Row validation : a[6][4] : 3
Row validation : a[6][5] : 7
Row validation : a[6][6] : 2
Row validation : a[6][7] : 8
Row validation : a[6][8] : 4
Col validation : a[0][0] : 5
Col validation : a[1][0] : 6
Col validation : a[2][0] : 1
Col validation : a[3][0] : 8
Col validation : a[4][0] : 4
Col validation : a[5][0] : 7
Col validation : a[6][0] : 9
Col validation : a[7][0] : 2
Col validation : a[8][0] : 3
Square validation : a[0][0] : 5
Square validation : a[0][1] : 3
Square validation : a[0][2] : 4
Square validation : a[1][0] : 6
Square validation : a[1][1] : 7
Square validation : a[1][2] : 2
Square validation : a[2][0] : 1
Square validation : a[2][1] : 9
Square validation : a[2][2] : 8
Row validation : a[6][0] : 9
Row validation : a[6][1] : 6
Row validation : a[6][2] : 1
Row validation : a[6][3] : 5
Row validation : a[6][4] : 3
Row validation : a[6][5] : 7
Row validation : a[6][6] : 2
Row validation : a[6][7] : 8
Row validation : a[6][8] : 4
Col validation : a[0][1] : 3
Col validation : a[1][1] : 7
Col validation : a[2][1] : 9
Col validation : a[3][1] : 5
Col validation : a[4][1] : 2
Col validation : a[5][1] : 1
Col validation : a[6][1] : 6
Col validation : a[7][1] : 8
Col validation : a[8][1] : 4
Square validation : a[0][0] : 5
Square validation : a[0][1] : 3
Square validation : a[0][2] : 4
Square validation : a[1][0] : 6
Square validation : a[1][1] : 7
Square validation : a[1][2] : 2
Square validation : a[2][0] : 1
Square validation : a[2][1] : 9
Square validation : a[2][2] : 8
Row validation : a[6][0] : 9
Row validation : a[6][1] : 6
Row validation : a[6][2] : 1
Row validation : a[6][3] : 5
Row validation : a[6][4] : 3
Row validation : a[6][5] : 7
Row validation : a[6][6] : 2
Row validation : a[6][7] : 8
Row validation : a[6][8] : 4
Col validation : a[0][2] : 4
Col validation : a[1][2] : 2
Col validation : a[2][2] : 8
Col validation : a[3][2] : 9
Col validation : a[4][2] : 6
Col validation : a[5][2] : 3
Col validation : a[6][2] : 1
Col validation : a[7][2] : 7
Col validation : a[8][2] : 5
Square validation : a[0][0] : 5
Square validation : a[0][1] : 3
Square validation : a[0][2] : 4
Square validation : a[1][0] : 6
Square validation : a[1][1] : 7
Square validation : a[1][2] : 2
Square validation : a[2][0] : 1
Square validation : a[2][1] : 9
Square validation : a[2][2] : 8
Row validation : a[6][0] : 9
Row validation : a[6][1] : 6
Row validation : a[6][2] : 1
Row validation : a[6][3] : 5
Row validation : a[6][4] : 3
Row validation : a[6][5] : 7
Row validation : a[6][6] : 2
Row validation : a[6][7] : 8
Row validation : a[6][8] : 4
Col validation : a[0][3] : 6
Col validation : a[1][3] : 1
Col validation : a[2][3] : 3
Col validation : a[3][3] : 7
Col validation : a[4][3] : 8
Col validation : a[5][3] : 9
Col validation : a[6][3] : 5
Col validation : a[7][3] : 4
Col validation : a[8][3] : 2
Square validation : a[0][0] : 5
Square validation : a[0][1] : 3
Square validation : a[0][2] : 4
Square validation : a[1][0] : 6
Square validation : a[1][1] : 7
Square validation : a[1][2] : 2
Square validation : a[2][0] : 1
Square validation : a[2][1] : 9
Square validation : a[2][2] : 8
Row validation : a[6][0] : 9
Row validation : a[6][1] : 6
Row validation : a[6][2] : 1
Row validation : a[6][3] : 5
Row validation : a[6][4] : 3
Row validation : a[6][5] : 7
Row validation : a[6][6] : 2
Row validation : a[6][7] : 8
Row validation : a[6][8] : 4
Col validation : a[0][4] : 7
Col validation : a[1][4] : 9
Col validation : a[2][4] : 4
Col validation : a[3][4] : 6
Col validation : a[4][4] : 5
Col validation : a[5][4] : 2
Col validation : a[6][4] : 3
Col validation : a[7][4] : 1
Col validation : a[8][4] : 8
Square validation : a[0][0] : 5
Square validation : a[0][1] : 3
Square validation : a[0][2] : 4
Square validation : a[1][0] : 6
Square validation : a[1][1] : 7
Square validation : a[1][2] : 2
Square validation : a[2][0] : 1
Square validation : a[2][1] : 9
Square validation : a[2][2] : 8
Row validation : a[6][0] : 9
Row validation : a[6][1] : 6
Row validation : a[6][2] : 1
Row validation : a[6][3] : 5
Row validation : a[6][4] : 3
Row validation : a[6][5] : 7
Row validation : a[6][6] : 2
Row validation : a[6][7] : 8
Row validation : a[6][8] : 4
Col validation : a[0][5] : 8
Col validation : a[1][5] : 5
Col validation : a[2][5] : 2
Col validation : a[3][5] : 1
Col validation : a[4][5] : 3
Col validation : a[5][5] : 4
Col validation : a[6][5] : 7
Col validation : a[7][5] : 9
Col validation : a[8][5] : 6
Square validation : a[0][0] : 5
Square validation : a[0][1] : 3
Square validation : a[0][2] : 4
Square validation : a[1][0] : 6
Square validation : a[1][1] : 7
Square validation : a[1][2] : 2
Square validation : a[2][0] : 1
Square validation : a[2][1] : 9
Square validation : a[2][2] : 8
Row validation : a[6][0] : 9
Row validation : a[6][1] : 6
Row validation : a[6][2] : 1
Row validation : a[6][3] : 5
Row validation : a[6][4] : 3
Row validation : a[6][5] : 7
Row validation : a[6][6] : 2
Row validation : a[6][7] : 8
Row validation : a[6][8] : 4
Col validation : a[0][6] : 9
Col validation : a[1][6] : 3
Col validation : a[2][6] : 5
Col validation : a[3][6] : 4
Col validation : a[4][6] : 7
Col validation : a[5][6] : 8
Col validation : a[6][6] : 2
Col validation : a[7][6] : 6
Col validation : a[8][6] : 1
Square validation : a[0][0] : 5
Square validation : a[0][1] : 3
Square validation : a[0][2] : 4
Square validation : a[1][0] : 6
Square validation : a[1][1] : 7
Square validation : a[1][2] : 2
Square validation : a[2][0] : 1
Square validation : a[2][1] : 9
Square validation : a[2][2] : 8
Row validation : a[6][0] : 9
Row validation : a[6][1] : 6
Row validation : a[6][2] : 1
Row validation : a[6][3] : 5
Row validation : a[6][4] : 3
Row validation : a[6][5] : 7
Row validation : a[6][6] : 2
Row validation : a[6][7] : 8
Row validation : a[6][8] : 4
Col validation : a[0][7] : 1
Col validation : a[1][7] : 4
Col validation : a[2][7] : 6
Col validation : a[3][7] : 2
Col validation : a[4][7] : 9
Col validation : a[5][7] : 5
Col validation : a[6][7] : 8
Col validation : a[7][7] : 3
Col validation : a[8][7] : 7
Square validation : a[0][0] : 5
Square validation : a[0][1] : 3
Square validation : a[0][2] : 4
Square validation : a[1][0] : 6
Square validation : a[1][1] : 7
Square validation : a[1][2] : 2
Square validation : a[2][0] : 1
Square validation : a[2][1] : 9
Square validation : a[2][2] : 8
Row validation : a[6][0] : 9
Row validation : a[6][1] : 6
Row validation : a[6][2] : 1
Row validation : a[6][3] : 5
Row validation : a[6][4] : 3
Row validation : a[6][5] : 7
Row validation : a[6][6] : 2
Row validation : a[6][7] : 8
Row validation : a[6][8] : 4
Col validation : a[0][8] : 2
Col validation : a[1][8] : 8
Col validation : a[2][8] : 7
Col validation : a[3][8] : 3
Col validation : a[4][8] : 1
Col validation : a[5][8] : 6
Col validation : a[6][8] : 4
Col validation : a[7][8] : 5
Col validation : a[8][8] : 9
Square validation : a[0][0] : 5
Square validation : a[0][1] : 3
Square validation : a[0][2] : 4
Square validation : a[1][0] : 6
Square validation : a[1][1] : 7
Square validation : a[1][2] : 2
Square validation : a[2][0] : 1
Square validation : a[2][1] : 9
Square validation : a[2][2] : 8
Row validation : a[7][0] : 2
Row validation : a[7][1] : 8
Row validation : a[7][2] : 7
Row validation : a[7][3] : 4
Row validation : a[7][4] : 1
Row validation : a[7][5] : 9
Row validation : a[7][6] : 6
Row validation : a[7][7] : 3
Row validation : a[7][8] : 5
Col validation : a[0][0] : 5
Col validation : a[1][0] : 6
Col validation : a[2][0] : 1
Col validation : a[3][0] : 8
Col validation : a[4][0] : 4
Col validation : a[5][0] : 7
Col validation : a[6][0] : 9
Col validation : a[7][0] : 2
Col validation : a[8][0] : 3
Square validation : a[0][0] : 5
Square validation : a[0][1] : 3
Square validation : a[0][2] : 4
Square validation : a[1][0] : 6
Square validation : a[1][1] : 7
Square validation : a[1][2] : 2
Square validation : a[2][0] : 1
Square validation : a[2][1] : 9
Square validation : a[2][2] : 8
Row validation : a[7][0] : 2
Row validation : a[7][1] : 8
Row validation : a[7][2] : 7
Row validation : a[7][3] : 4
Row validation : a[7][4] : 1
Row validation : a[7][5] : 9
Row validation : a[7][6] : 6
Row validation : a[7][7] : 3
Row validation : a[7][8] : 5
Col validation : a[0][1] : 3
Col validation : a[1][1] : 7
Col validation : a[2][1] : 9
Col validation : a[3][1] : 5
Col validation : a[4][1] : 2
Col validation : a[5][1] : 1
Col validation : a[6][1] : 6
Col validation : a[7][1] : 8
Col validation : a[8][1] : 4
Square validation : a[0][0] : 5
Square validation : a[0][1] : 3
Square validation : a[0][2] : 4
Square validation : a[1][0] : 6
Square validation : a[1][1] : 7
Square validation : a[1][2] : 2
Square validation : a[2][0] : 1
Square validation : a[2][1] : 9
Square validation : a[2][2] : 8
Row validation : a[7][0] : 2
Row validation : a[7][1] : 8
Row validation : a[7][2] : 7
Row validation : a[7][3] : 4
Row validation : a[7][4] : 1
Row validation : a[7][5] : 9
Row validation : a[7][6] : 6
Row validation : a[7][7] : 3
Row validation : a[7][8] : 5
Col validation : a[0][2] : 4
Col validation : a[1][2] : 2
Col validation : a[2][2] : 8
Col validation : a[3][2] : 9
Col validation : a[4][2] : 6
Col validation : a[5][2] : 3
Col validation : a[6][2] : 1
Col validation : a[7][2] : 7
Col validation : a[8][2] : 5
Square validation : a[0][0] : 5
Square validation : a[0][1] : 3
Square validation : a[0][2] : 4
Square validation : a[1][0] : 6
Square validation : a[1][1] : 7
Square validation : a[1][2] : 2
Square validation : a[2][0] : 1
Square validation : a[2][1] : 9
Square validation : a[2][2] : 8
Row validation : a[7][0] : 2
Row validation : a[7][1] : 8
Row validation : a[7][2] : 7
Row validation : a[7][3] : 4
Row validation : a[7][4] : 1
Row validation : a[7][5] : 9
Row validation : a[7][6] : 6
Row validation : a[7][7] : 3
Row validation : a[7][8] : 5
Col validation : a[0][3] : 6
Col validation : a[1][3] : 1
Col validation : a[2][3] : 3
Col validation : a[3][3] : 7
Col validation : a[4][3] : 8
Col validation : a[5][3] : 9
Col validation : a[6][3] : 5
Col validation : a[7][3] : 4
Col validation : a[8][3] : 2
Square validation : a[0][0] : 5
Square validation : a[0][1] : 3
Square validation : a[0][2] : 4
Square validation : a[1][0] : 6
Square validation : a[1][1] : 7
Square validation : a[1][2] : 2
Square validation : a[2][0] : 1
Square validation : a[2][1] : 9
Square validation : a[2][2] : 8
Row validation : a[7][0] : 2
Row validation : a[7][1] : 8
Row validation : a[7][2] : 7
Row validation : a[7][3] : 4
Row validation : a[7][4] : 1
Row validation : a[7][5] : 9
Row validation : a[7][6] : 6
Row validation : a[7][7] : 3
Row validation : a[7][8] : 5
Col validation : a[0][4] : 7
Col validation : a[1][4] : 9
Col validation : a[2][4] : 4
Col validation : a[3][4] : 6
Col validation : a[4][4] : 5
Col validation : a[5][4] : 2
Col validation : a[6][4] : 3
Col validation : a[7][4] : 1
Col validation : a[8][4] : 8
Square validation : a[0][0] : 5
Square validation : a[0][1] : 3
Square validation : a[0][2] : 4
Square validation : a[1][0] : 6
Square validation : a[1][1] : 7
Square validation : a[1][2] : 2
Square validation : a[2][0] : 1
Square validation : a[2][1] : 9
Square validation : a[2][2] : 8
Row validation : a[7][0] : 2
Row validation : a[7][1] : 8
Row validation : a[7][2] : 7
Row validation : a[7][3] : 4
Row validation : a[7][4] : 1
Row validation : a[7][5] : 9
Row validation : a[7][6] : 6
Row validation : a[7][7] : 3
Row validation : a[7][8] : 5
Col validation : a[0][5] : 8
Col validation : a[1][5] : 5
Col validation : a[2][5] : 2
Col validation : a[3][5] : 1
Col validation : a[4][5] : 3
Col validation : a[5][5] : 4
Col validation : a[6][5] : 7
Col validation : a[7][5] : 9
Col validation : a[8][5] : 6
Square validation : a[0][0] : 5
Square validation : a[0][1] : 3
Square validation : a[0][2] : 4
Square validation : a[1][0] : 6
Square validation : a[1][1] : 7
Square validation : a[1][2] : 2
Square validation : a[2][0] : 1
Square validation : a[2][1] : 9
Square validation : a[2][2] : 8
Row validation : a[7][0] : 2
Row validation : a[7][1] : 8
Row validation : a[7][2] : 7
Row validation : a[7][3] : 4
Row validation : a[7][4] : 1
Row validation : a[7][5] : 9
Row validation : a[7][6] : 6
Row validation : a[7][7] : 3
Row validation : a[7][8] : 5
Col validation : a[0][6] : 9
Col validation : a[1][6] : 3
Col validation : a[2][6] : 5
Col validation : a[3][6] : 4
Col validation : a[4][6] : 7
Col validation : a[5][6] : 8
Col validation : a[6][6] : 2
Col validation : a[7][6] : 6
Col validation : a[8][6] : 1
Square validation : a[0][0] : 5
Square validation : a[0][1] : 3
Square validation : a[0][2] : 4
Square validation : a[1][0] : 6
Square validation : a[1][1] : 7
Square validation : a[1][2] : 2
Square validation : a[2][0] : 1
Square validation : a[2][1] : 9
Square validation : a[2][2] : 8
Row validation : a[7][0] : 2
Row validation : a[7][1] : 8
Row validation : a[7][2] : 7
Row validation : a[7][3] : 4
Row validation : a[7][4] : 1
Row validation : a[7][5] : 9
Row validation : a[7][6] : 6
Row validation : a[7][7] : 3
Row validation : a[7][8] : 5
Col validation : a[0][7] : 1
Col validation : a[1][7] : 4
Col validation : a[2][7] : 6
Col validation : a[3][7] : 2
Col validation : a[4][7] : 9
Col validation : a[5][7] : 5
Col validation : a[6][7] : 8
Col validation : a[7][7] : 3
Col validation : a[8][7] : 7
Square validation : a[0][0] : 5
Square validation : a[0][1] : 3
Square validation : a[0][2] : 4
Square validation : a[1][0] : 6
Square validation : a[1][1] : 7
Square validation : a[1][2] : 2
Square validation : a[2][0] : 1
Square validation : a[2][1] : 9
Square validation : a[2][2] : 8
Row validation : a[7][0] : 2
Row validation : a[7][1] : 8
Row validation : a[7][2] : 7
Row validation : a[7][3] : 4
Row validation : a[7][4] : 1
Row validation : a[7][5] : 9
Row validation : a[7][6] : 6
Row validation : a[7][7] : 3
Row validation : a[7][8] : 5
Col validation : a[0][8] : 2
Col validation : a[1][8] : 8
Col validation : a[2][8] : 7
Col validation : a[3][8] : 3
Col validation : a[4][8] : 1
Col validation : a[5][8] : 6
Col validation : a[6][8] : 4
Col validation : a[7][8] : 5
Col validation : a[8][8] : 9
Square validation : a[0][0] : 5
Square validation : a[0][1] : 3
Square validation : a[0][2] : 4
Square validation : a[1][0] : 6
Square validation : a[1][1] : 7
Square validation : a[1][2] : 2
Square validation : a[2][0] : 1
Square validation : a[2][1] : 9
Square validation : a[2][2] : 8
Row validation : a[8][0] : 3
Row validation : a[8][1] : 4
Row validation : a[8][2] : 5
Row validation : a[8][3] : 2
Row validation : a[8][4] : 8
Row validation : a[8][5] : 6
Row validation : a[8][6] : 1
Row validation : a[8][7] : 7
Row validation : a[8][8] : 9
Col validation : a[0][0] : 5
Col validation : a[1][0] : 6
Col validation : a[2][0] : 1
Col validation : a[3][0] : 8
Col validation : a[4][0] : 4
Col validation : a[5][0] : 7
Col validation : a[6][0] : 9
Col validation : a[7][0] : 2
Col validation : a[8][0] : 3
Square validation : a[0][0] : 5
Square validation : a[0][1] : 3
Square validation : a[0][2] : 4
Square validation : a[1][0] : 6
Square validation : a[1][1] : 7
Square validation : a[1][2] : 2
Square validation : a[2][0] : 1
Square validation : a[2][1] : 9
Square validation : a[2][2] : 8
Row validation : a[8][0] : 3
Row validation : a[8][1] : 4
Row validation : a[8][2] : 5
Row validation : a[8][3] : 2
Row validation : a[8][4] : 8
Row validation : a[8][5] : 6
Row validation : a[8][6] : 1
Row validation : a[8][7] : 7
Row validation : a[8][8] : 9
Col validation : a[0][1] : 3
Col validation : a[1][1] : 7
Col validation : a[2][1] : 9
Col validation : a[3][1] : 5
Col validation : a[4][1] : 2
Col validation : a[5][1] : 1
Col validation : a[6][1] : 6
Col validation : a[7][1] : 8
Col validation : a[8][1] : 4
Square validation : a[0][0] : 5
Square validation : a[0][1] : 3
Square validation : a[0][2] : 4
Square validation : a[1][0] : 6
Square validation : a[1][1] : 7
Square validation : a[1][2] : 2
Square validation : a[2][0] : 1
Square validation : a[2][1] : 9
Square validation : a[2][2] : 8
Row validation : a[8][0] : 3
Row validation : a[8][1] : 4
Row validation : a[8][2] : 5
Row validation : a[8][3] : 2
Row validation : a[8][4] : 8
Row validation : a[8][5] : 6
Row validation : a[8][6] : 1
Row validation : a[8][7] : 7
Row validation : a[8][8] : 9
Col validation : a[0][2] : 4
Col validation : a[1][2] : 2
Col validation : a[2][2] : 8
Col validation : a[3][2] : 9
Col validation : a[4][2] : 6
Col validation : a[5][2] : 3
Col validation : a[6][2] : 1
Col validation : a[7][2] : 7
Col validation : a[8][2] : 5
Square validation : a[0][0] : 5
Square validation : a[0][1] : 3
Square validation : a[0][2] : 4
Square validation : a[1][0] : 6
Square validation : a[1][1] : 7
Square validation : a[1][2] : 2
Square validation : a[2][0] : 1
Square validation : a[2][1] : 9
Square validation : a[2][2] : 8
Row validation : a[8][0] : 3
Row validation : a[8][1] : 4
Row validation : a[8][2] : 5
Row validation : a[8][3] : 2
Row validation : a[8][4] : 8
Row validation : a[8][5] : 6
Row validation : a[8][6] : 1
Row validation : a[8][7] : 7
Row validation : a[8][8] : 9
Col validation : a[0][3] : 6
Col validation : a[1][3] : 1
Col validation : a[2][3] : 3
Col validation : a[3][3] : 7
Col validation : a[4][3] : 8
Col validation : a[5][3] : 9
Col validation : a[6][3] : 5
Col validation : a[7][3] : 4
Col validation : a[8][3] : 2
Square validation : a[0][0] : 5
Square validation : a[0][1] : 3
Square validation : a[0][2] : 4
Square validation : a[1][0] : 6
Square validation : a[1][1] : 7
Square validation : a[1][2] : 2
Square validation : a[2][0] : 1
Square validation : a[2][1] : 9
Square validation : a[2][2] : 8
Row validation : a[8][0] : 3
Row validation : a[8][1] : 4
Row validation : a[8][2] : 5
Row validation : a[8][3] : 2
Row validation : a[8][4] : 8
Row validation : a[8][5] : 6
Row validation : a[8][6] : 1
Row validation : a[8][7] : 7
Row validation : a[8][8] : 9
Col validation : a[0][4] : 7
Col validation : a[1][4] : 9
Col validation : a[2][4] : 4
Col validation : a[3][4] : 6
Col validation : a[4][4] : 5
Col validation : a[5][4] : 2
Col validation : a[6][4] : 3
Col validation : a[7][4] : 1
Col validation : a[8][4] : 8
Square validation : a[0][0] : 5
Square validation : a[0][1] : 3
Square validation : a[0][2] : 4
Square validation : a[1][0] : 6
Square validation : a[1][1] : 7
Square validation : a[1][2] : 2
Square validation : a[2][0] : 1
Square validation : a[2][1] : 9
Square validation : a[2][2] : 8
Row validation : a[8][0] : 3
Row validation : a[8][1] : 4
Row validation : a[8][2] : 5
Row validation : a[8][3] : 2
Row validation : a[8][4] : 8
Row validation : a[8][5] : 6
Row validation : a[8][6] : 1
Row validation : a[8][7] : 7
Row validation : a[8][8] : 9
Col validation : a[0][5] : 8
Col validation : a[1][5] : 5
Col validation : a[2][5] : 2
Col validation : a[3][5] : 1
Col validation : a[4][5] : 3
Col validation : a[5][5] : 4
Col validation : a[6][5] : 7
Col validation : a[7][5] : 9
Col validation : a[8][5] : 6
Square validation : a[0][0] : 5
Square validation : a[0][1] : 3
Square validation : a[0][2] : 4
Square validation : a[1][0] : 6
Square validation : a[1][1] : 7
Square validation : a[1][2] : 2
Square validation : a[2][0] : 1
Square validation : a[2][1] : 9
Square validation : a[2][2] : 8
Row validation : a[8][0] : 3
Row validation : a[8][1] : 4
Row validation : a[8][2] : 5
Row validation : a[8][3] : 2
Row validation : a[8][4] : 8
Row validation : a[8][5] : 6
Row validation : a[8][6] : 1
Row validation : a[8][7] : 7
Row validation : a[8][8] : 9
Col validation : a[0][6] : 9
Col validation : a[1][6] : 3
Col validation : a[2][6] : 5
Col validation : a[3][6] : 4
Col validation : a[4][6] : 7
Col validation : a[5][6] : 8
Col validation : a[6][6] : 2
Col validation : a[7][6] : 6
Col validation : a[8][6] : 1
Square validation : a[0][0] : 5
Square validation : a[0][1] : 3
Square validation : a[0][2] : 4
Square validation : a[1][0] : 6
Square validation : a[1][1] : 7
Square validation : a[1][2] : 2
Square validation : a[2][0] : 1
Square validation : a[2][1] : 9
Square validation : a[2][2] : 8
Row validation : a[8][0] : 3
Row validation : a[8][1] : 4
Row validation : a[8][2] : 5
Row validation : a[8][3] : 2
Row validation : a[8][4] : 8
Row validation : a[8][5] : 6
Row validation : a[8][6] : 1
Row validation : a[8][7] : 7
Row validation : a[8][8] : 9
Col validation : a[0][7] : 1
Col validation : a[1][7] : 4
Col validation : a[2][7] : 6
Col validation : a[3][7] : 2
Col validation : a[4][7] : 9
Col validation : a[5][7] : 5
Col validation : a[6][7] : 8
Col validation : a[7][7] : 3
Col validation : a[8][7] : 7
Square validation : a[0][0] : 5
Square validation : a[0][1] : 3
Square validation : a[0][2] : 4
Square validation : a[1][0] : 6
Square validation : a[1][1] : 7
Square validation : a[1][2] : 2
Square validation : a[2][0] : 1
Square validation : a[2][1] : 9
Square validation : a[2][2] : 8
Row validation : a[8][0] : 3
Row validation : a[8][1] : 4
Row validation : a[8][2] : 5
Row validation : a[8][3] : 2
Row validation : a[8][4] : 8
Row validation : a[8][5] : 6
Row validation : a[8][6] : 1
Row validation : a[8][7] : 7
Row validation : a[8][8] : 9
Col validation : a[0][8] : 2
Col validation : a[1][8] : 8
Col validation : a[2][8] : 7
Col validation : a[3][8] : 3
Col validation : a[4][8] : 1
Col validation : a[5][8] : 6
Col validation : a[6][8] : 4
Col validation : a[7][8] : 5
Col validation : a[8][8] : 9
Square validation : a[0][0] : 5
Square validation : a[0][1] : 3
Square validation : a[0][2] : 4
Square validation : a[1][0] : 6
Square validation : a[1][1] : 7
Square validation : a[1][2] : 2
Square validation : a[2][0] : 1
Square validation : a[2][1] : 9
Square validation : a[2][2] : 8
src/test/resources/valid_grid_4.txt
Below is the input grid : 
[[5, 3, 4, 6, 7, 8, 9, 1, 2], [6, 7, 2, 1, 9, 5, 3, 4, 8], [1, 9, 8, 3, 4, 2, 5, 6, 7], [8, 5, 9, 7, 6, 1, 4, 2, 3], [4, 2, 6, 8, 5, 3, 7, 9, 1], [7, 1, 3, 9, 2, 4, 8, 5, 6], [9, 6, 1, 5, 3, 7, 2, 8, 4], [2, 8, 7, 4, 1, 9, 6, 3, 5], [3, 4, 5, 2, 8, 6, 1, 7, 9]]



Sudoku Validation Process started....!
Row validation : a[0][0] : 5
Row validation : a[0][1] : 3
Row validation : a[0][2] : 4
Row validation : a[0][3] : 6
Row validation : a[0][4] : 7
Row validation : a[0][5] : 8
Row validation : a[0][6] : 9
Row validation : a[0][7] : 1
Row validation : a[0][8] : 2
Col validation : a[0][0] : 5
Col validation : a[1][0] : 6
Col validation : a[2][0] : 1
Col validation : a[3][0] : 8
Col validation : a[4][0] : 4
Col validation : a[5][0] : 7
Col validation : a[6][0] : 9
Col validation : a[7][0] : 2
Col validation : a[8][0] : 3
Square validation : a[0][0] : 5
Square validation : a[0][1] : 3
Square validation : a[0][2] : 4
Square validation : a[1][0] : 6
Square validation : a[1][1] : 7
Square validation : a[1][2] : 2
Square validation : a[2][0] : 1
Square validation : a[2][1] : 9
Square validation : a[2][2] : 8
Row validation : a[0][0] : 5
Row validation : a[0][1] : 3
Row validation : a[0][2] : 4
Row validation : a[0][3] : 6
Row validation : a[0][4] : 7
Row validation : a[0][5] : 8
Row validation : a[0][6] : 9
Row validation : a[0][7] : 1
Row validation : a[0][8] : 2
Col validation : a[0][1] : 3
Col validation : a[1][1] : 7
Col validation : a[2][1] : 9
Col validation : a[3][1] : 5
Col validation : a[4][1] : 2
Col validation : a[5][1] : 1
Col validation : a[6][1] : 6
Col validation : a[7][1] : 8
Col validation : a[8][1] : 4
Square validation : a[0][0] : 5
Square validation : a[0][1] : 3
Square validation : a[0][2] : 4
Square validation : a[1][0] : 6
Square validation : a[1][1] : 7
Square validation : a[1][2] : 2
Square validation : a[2][0] : 1
Square validation : a[2][1] : 9
Square validation : a[2][2] : 8
Row validation : a[0][0] : 5
Row validation : a[0][1] : 3
Row validation : a[0][2] : 4
Row validation : a[0][3] : 6
Row validation : a[0][4] : 7
Row validation : a[0][5] : 8
Row validation : a[0][6] : 9
Row validation : a[0][7] : 1
Row validation : a[0][8] : 2
Col validation : a[0][2] : 4
Col validation : a[1][2] : 2
Col validation : a[2][2] : 8
Col validation : a[3][2] : 9
Col validation : a[4][2] : 6
Col validation : a[5][2] : 3
Col validation : a[6][2] : 1
Col validation : a[7][2] : 7
Col validation : a[8][2] : 5
Square validation : a[0][0] : 5
Square validation : a[0][1] : 3
Square validation : a[0][2] : 4
Square validation : a[1][0] : 6
Square validation : a[1][1] : 7
Square validation : a[1][2] : 2
Square validation : a[2][0] : 1
Square validation : a[2][1] : 9
Square validation : a[2][2] : 8
Row validation : a[0][0] : 5
Row validation : a[0][1] : 3
Row validation : a[0][2] : 4
Row validation : a[0][3] : 6
Row validation : a[0][4] : 7
Row validation : a[0][5] : 8
Row validation : a[0][6] : 9
Row validation : a[0][7] : 1
Row validation : a[0][8] : 2
Col validation : a[0][3] : 6
Col validation : a[1][3] : 1
Col validation : a[2][3] : 3
Col validation : a[3][3] : 7
Col validation : a[4][3] : 8
Col validation : a[5][3] : 9
Col validation : a[6][3] : 5
Col validation : a[7][3] : 4
Col validation : a[8][3] : 2
Square validation : a[0][0] : 5
Square validation : a[0][1] : 3
Square validation : a[0][2] : 4
Square validation : a[1][0] : 6
Square validation : a[1][1] : 7
Square validation : a[1][2] : 2
Square validation : a[2][0] : 1
Square validation : a[2][1] : 9
Square validation : a[2][2] : 8
Row validation : a[0][0] : 5
Row validation : a[0][1] : 3
Row validation : a[0][2] : 4
Row validation : a[0][3] : 6
Row validation : a[0][4] : 7
Row validation : a[0][5] : 8
Row validation : a[0][6] : 9
Row validation : a[0][7] : 1
Row validation : a[0][8] : 2
Col validation : a[0][4] : 7
Col validation : a[1][4] : 9
Col validation : a[2][4] : 4
Col validation : a[3][4] : 6
Col validation : a[4][4] : 5
Col validation : a[5][4] : 2
Col validation : a[6][4] : 3
Col validation : a[7][4] : 1
Col validation : a[8][4] : 8
Square validation : a[0][0] : 5
Square validation : a[0][1] : 3
Square validation : a[0][2] : 4
Square validation : a[1][0] : 6
Square validation : a[1][1] : 7
Square validation : a[1][2] : 2
Square validation : a[2][0] : 1
Square validation : a[2][1] : 9
Square validation : a[2][2] : 8
Row validation : a[0][0] : 5
Row validation : a[0][1] : 3
Row validation : a[0][2] : 4
Row validation : a[0][3] : 6
Row validation : a[0][4] : 7
Row validation : a[0][5] : 8
Row validation : a[0][6] : 9
Row validation : a[0][7] : 1
Row validation : a[0][8] : 2
Col validation : a[0][5] : 8
Col validation : a[1][5] : 5
Col validation : a[2][5] : 2
Col validation : a[3][5] : 1
Col validation : a[4][5] : 3
Col validation : a[5][5] : 4
Col validation : a[6][5] : 7
Col validation : a[7][5] : 9
Col validation : a[8][5] : 6
Square validation : a[0][0] : 5
Square validation : a[0][1] : 3
Square validation : a[0][2] : 4
Square validation : a[1][0] : 6
Square validation : a[1][1] : 7
Square validation : a[1][2] : 2
Square validation : a[2][0] : 1
Square validation : a[2][1] : 9
Square validation : a[2][2] : 8
Row validation : a[0][0] : 5
Row validation : a[0][1] : 3
Row validation : a[0][2] : 4
Row validation : a[0][3] : 6
Row validation : a[0][4] : 7
Row validation : a[0][5] : 8
Row validation : a[0][6] : 9
Row validation : a[0][7] : 1
Row validation : a[0][8] : 2
Col validation : a[0][6] : 9
Col validation : a[1][6] : 3
Col validation : a[2][6] : 5
Col validation : a[3][6] : 4
Col validation : a[4][6] : 7
Col validation : a[5][6] : 8
Col validation : a[6][6] : 2
Col validation : a[7][6] : 6
Col validation : a[8][6] : 1
Square validation : a[0][0] : 5
Square validation : a[0][1] : 3
Square validation : a[0][2] : 4
Square validation : a[1][0] : 6
Square validation : a[1][1] : 7
Square validation : a[1][2] : 2
Square validation : a[2][0] : 1
Square validation : a[2][1] : 9
Square validation : a[2][2] : 8
Row validation : a[0][0] : 5
Row validation : a[0][1] : 3
Row validation : a[0][2] : 4
Row validation : a[0][3] : 6
Row validation : a[0][4] : 7
Row validation : a[0][5] : 8
Row validation : a[0][6] : 9
Row validation : a[0][7] : 1
Row validation : a[0][8] : 2
Col validation : a[0][7] : 1
Col validation : a[1][7] : 4
Col validation : a[2][7] : 6
Col validation : a[3][7] : 2
Col validation : a[4][7] : 9
Col validation : a[5][7] : 5
Col validation : a[6][7] : 8
Col validation : a[7][7] : 3
Col validation : a[8][7] : 7
Square validation : a[0][0] : 5
Square validation : a[0][1] : 3
Square validation : a[0][2] : 4
Square validation : a[1][0] : 6
Square validation : a[1][1] : 7
Square validation : a[1][2] : 2
Square validation : a[2][0] : 1
Square validation : a[2][1] : 9
Square validation : a[2][2] : 8
Row validation : a[0][0] : 5
Row validation : a[0][1] : 3
Row validation : a[0][2] : 4
Row validation : a[0][3] : 6
Row validation : a[0][4] : 7
Row validation : a[0][5] : 8
Row validation : a[0][6] : 9
Row validation : a[0][7] : 1
Row validation : a[0][8] : 2
Col validation : a[0][8] : 2
Col validation : a[1][8] : 8
Col validation : a[2][8] : 7
Col validation : a[3][8] : 3
Col validation : a[4][8] : 1
Col validation : a[5][8] : 6
Col validation : a[6][8] : 4
Col validation : a[7][8] : 5
Col validation : a[8][8] : 9
Square validation : a[0][0] : 5
Square validation : a[0][1] : 3
Square validation : a[0][2] : 4
Square validation : a[1][0] : 6
Square validation : a[1][1] : 7
Square validation : a[1][2] : 2
Square validation : a[2][0] : 1
Square validation : a[2][1] : 9
Square validation : a[2][2] : 8
Row validation : a[1][0] : 6
Row validation : a[1][1] : 7
Row validation : a[1][2] : 2
Row validation : a[1][3] : 1
Row validation : a[1][4] : 9
Row validation : a[1][5] : 5
Row validation : a[1][6] : 3
Row validation : a[1][7] : 4
Row validation : a[1][8] : 8
Col validation : a[0][0] : 5
Col validation : a[1][0] : 6
Col validation : a[2][0] : 1
Col validation : a[3][0] : 8
Col validation : a[4][0] : 4
Col validation : a[5][0] : 7
Col validation : a[6][0] : 9
Col validation : a[7][0] : 2
Col validation : a[8][0] : 3
Square validation : a[0][0] : 5
Square validation : a[0][1] : 3
Square validation : a[0][2] : 4
Square validation : a[1][0] : 6
Square validation : a[1][1] : 7
Square validation : a[1][2] : 2
Square validation : a[2][0] : 1
Square validation : a[2][1] : 9
Square validation : a[2][2] : 8
Row validation : a[1][0] : 6
Row validation : a[1][1] : 7
Row validation : a[1][2] : 2
Row validation : a[1][3] : 1
Row validation : a[1][4] : 9
Row validation : a[1][5] : 5
Row validation : a[1][6] : 3
Row validation : a[1][7] : 4
Row validation : a[1][8] : 8
Col validation : a[0][1] : 3
Col validation : a[1][1] : 7
Col validation : a[2][1] : 9
Col validation : a[3][1] : 5
Col validation : a[4][1] : 2
Col validation : a[5][1] : 1
Col validation : a[6][1] : 6
Col validation : a[7][1] : 8
Col validation : a[8][1] : 4
Square validation : a[0][0] : 5
Square validation : a[0][1] : 3
Square validation : a[0][2] : 4
Square validation : a[1][0] : 6
Square validation : a[1][1] : 7
Square validation : a[1][2] : 2
Square validation : a[2][0] : 1
Square validation : a[2][1] : 9
Square validation : a[2][2] : 8
Row validation : a[1][0] : 6
Row validation : a[1][1] : 7
Row validation : a[1][2] : 2
Row validation : a[1][3] : 1
Row validation : a[1][4] : 9
Row validation : a[1][5] : 5
Row validation : a[1][6] : 3
Row validation : a[1][7] : 4
Row validation : a[1][8] : 8
Col validation : a[0][2] : 4
Col validation : a[1][2] : 2
Col validation : a[2][2] : 8
Col validation : a[3][2] : 9
Col validation : a[4][2] : 6
Col validation : a[5][2] : 3
Col validation : a[6][2] : 1
Col validation : a[7][2] : 7
Col validation : a[8][2] : 5
Square validation : a[0][0] : 5
Square validation : a[0][1] : 3
Square validation : a[0][2] : 4
Square validation : a[1][0] : 6
Square validation : a[1][1] : 7
Square validation : a[1][2] : 2
Square validation : a[2][0] : 1
Square validation : a[2][1] : 9
Square validation : a[2][2] : 8
Row validation : a[1][0] : 6
Row validation : a[1][1] : 7
Row validation : a[1][2] : 2
Row validation : a[1][3] : 1
Row validation : a[1][4] : 9
Row validation : a[1][5] : 5
Row validation : a[1][6] : 3
Row validation : a[1][7] : 4
Row validation : a[1][8] : 8
Col validation : a[0][3] : 6
Col validation : a[1][3] : 1
Col validation : a[2][3] : 3
Col validation : a[3][3] : 7
Col validation : a[4][3] : 8
Col validation : a[5][3] : 9
Col validation : a[6][3] : 5
Col validation : a[7][3] : 4
Col validation : a[8][3] : 2
Square validation : a[0][0] : 5
Square validation : a[0][1] : 3
Square validation : a[0][2] : 4
Square validation : a[1][0] : 6
Square validation : a[1][1] : 7
Square validation : a[1][2] : 2
Square validation : a[2][0] : 1
Square validation : a[2][1] : 9
Square validation : a[2][2] : 8
Row validation : a[1][0] : 6
Row validation : a[1][1] : 7
Row validation : a[1][2] : 2
Row validation : a[1][3] : 1
Row validation : a[1][4] : 9
Row validation : a[1][5] : 5
Row validation : a[1][6] : 3
Row validation : a[1][7] : 4
Row validation : a[1][8] : 8
Col validation : a[0][4] : 7
Col validation : a[1][4] : 9
Col validation : a[2][4] : 4
Col validation : a[3][4] : 6
Col validation : a[4][4] : 5
Col validation : a[5][4] : 2
Col validation : a[6][4] : 3
Col validation : a[7][4] : 1
Col validation : a[8][4] : 8
Square validation : a[0][0] : 5
Square validation : a[0][1] : 3
Square validation : a[0][2] : 4
Square validation : a[1][0] : 6
Square validation : a[1][1] : 7
Square validation : a[1][2] : 2
Square validation : a[2][0] : 1
Square validation : a[2][1] : 9
Square validation : a[2][2] : 8
Row validation : a[1][0] : 6
Row validation : a[1][1] : 7
Row validation : a[1][2] : 2
Row validation : a[1][3] : 1
Row validation : a[1][4] : 9
Row validation : a[1][5] : 5
Row validation : a[1][6] : 3
Row validation : a[1][7] : 4
Row validation : a[1][8] : 8
Col validation : a[0][5] : 8
Col validation : a[1][5] : 5
Col validation : a[2][5] : 2
Col validation : a[3][5] : 1
Col validation : a[4][5] : 3
Col validation : a[5][5] : 4
Col validation : a[6][5] : 7
Col validation : a[7][5] : 9
Col validation : a[8][5] : 6
Square validation : a[0][0] : 5
Square validation : a[0][1] : 3
Square validation : a[0][2] : 4
Square validation : a[1][0] : 6
Square validation : a[1][1] : 7
Square validation : a[1][2] : 2
Square validation : a[2][0] : 1
Square validation : a[2][1] : 9
Square validation : a[2][2] : 8
Row validation : a[1][0] : 6
Row validation : a[1][1] : 7
Row validation : a[1][2] : 2
Row validation : a[1][3] : 1
Row validation : a[1][4] : 9
Row validation : a[1][5] : 5
Row validation : a[1][6] : 3
Row validation : a[1][7] : 4
Row validation : a[1][8] : 8
Col validation : a[0][6] : 9
Col validation : a[1][6] : 3
Col validation : a[2][6] : 5
Col validation : a[3][6] : 4
Col validation : a[4][6] : 7
Col validation : a[5][6] : 8
Col validation : a[6][6] : 2
Col validation : a[7][6] : 6
Col validation : a[8][6] : 1
Square validation : a[0][0] : 5
Square validation : a[0][1] : 3
Square validation : a[0][2] : 4
Square validation : a[1][0] : 6
Square validation : a[1][1] : 7
Square validation : a[1][2] : 2
Square validation : a[2][0] : 1
Square validation : a[2][1] : 9
Square validation : a[2][2] : 8
Row validation : a[1][0] : 6
Row validation : a[1][1] : 7
Row validation : a[1][2] : 2
Row validation : a[1][3] : 1
Row validation : a[1][4] : 9
Row validation : a[1][5] : 5
Row validation : a[1][6] : 3
Row validation : a[1][7] : 4
Row validation : a[1][8] : 8
Col validation : a[0][7] : 1
Col validation : a[1][7] : 4
Col validation : a[2][7] : 6
Col validation : a[3][7] : 2
Col validation : a[4][7] : 9
Col validation : a[5][7] : 5
Col validation : a[6][7] : 8
Col validation : a[7][7] : 3
Col validation : a[8][7] : 7
Square validation : a[0][0] : 5
Square validation : a[0][1] : 3
Square validation : a[0][2] : 4
Square validation : a[1][0] : 6
Square validation : a[1][1] : 7
Square validation : a[1][2] : 2
Square validation : a[2][0] : 1
Square validation : a[2][1] : 9
Square validation : a[2][2] : 8
Row validation : a[1][0] : 6
Row validation : a[1][1] : 7
Row validation : a[1][2] : 2
Row validation : a[1][3] : 1
Row validation : a[1][4] : 9
Row validation : a[1][5] : 5
Row validation : a[1][6] : 3
Row validation : a[1][7] : 4
Row validation : a[1][8] : 8
Col validation : a[0][8] : 2
Col validation : a[1][8] : 8
Col validation : a[2][8] : 7
Col validation : a[3][8] : 3
Col validation : a[4][8] : 1
Col validation : a[5][8] : 6
Col validation : a[6][8] : 4
Col validation : a[7][8] : 5
Col validation : a[8][8] : 9
Square validation : a[0][0] : 5
Square validation : a[0][1] : 3
Square validation : a[0][2] : 4
Square validation : a[1][0] : 6
Square validation : a[1][1] : 7
Square validation : a[1][2] : 2
Square validation : a[2][0] : 1
Square validation : a[2][1] : 9
Square validation : a[2][2] : 8
Row validation : a[2][0] : 1
Row validation : a[2][1] : 9
Row validation : a[2][2] : 8
Row validation : a[2][3] : 3
Row validation : a[2][4] : 4
Row validation : a[2][5] : 2
Row validation : a[2][6] : 5
Row validation : a[2][7] : 6
Row validation : a[2][8] : 7
Col validation : a[0][0] : 5
Col validation : a[1][0] : 6
Col validation : a[2][0] : 1
Col validation : a[3][0] : 8
Col validation : a[4][0] : 4
Col validation : a[5][0] : 7
Col validation : a[6][0] : 9
Col validation : a[7][0] : 2
Col validation : a[8][0] : 3
Square validation : a[0][0] : 5
Square validation : a[0][1] : 3
Square validation : a[0][2] : 4
Square validation : a[1][0] : 6
Square validation : a[1][1] : 7
Square validation : a[1][2] : 2
Square validation : a[2][0] : 1
Square validation : a[2][1] : 9
Square validation : a[2][2] : 8
Row validation : a[2][0] : 1
Row validation : a[2][1] : 9
Row validation : a[2][2] : 8
Row validation : a[2][3] : 3
Row validation : a[2][4] : 4
Row validation : a[2][5] : 2
Row validation : a[2][6] : 5
Row validation : a[2][7] : 6
Row validation : a[2][8] : 7
Col validation : a[0][1] : 3
Col validation : a[1][1] : 7
Col validation : a[2][1] : 9
Col validation : a[3][1] : 5
Col validation : a[4][1] : 2
Col validation : a[5][1] : 1
Col validation : a[6][1] : 6
Col validation : a[7][1] : 8
Col validation : a[8][1] : 4
Square validation : a[0][0] : 5
Square validation : a[0][1] : 3
Square validation : a[0][2] : 4
Square validation : a[1][0] : 6
Square validation : a[1][1] : 7
Square validation : a[1][2] : 2
Square validation : a[2][0] : 1
Square validation : a[2][1] : 9
Square validation : a[2][2] : 8
Row validation : a[2][0] : 1
Row validation : a[2][1] : 9
Row validation : a[2][2] : 8
Row validation : a[2][3] : 3
Row validation : a[2][4] : 4
Row validation : a[2][5] : 2
Row validation : a[2][6] : 5
Row validation : a[2][7] : 6
Row validation : a[2][8] : 7
Col validation : a[0][2] : 4
Col validation : a[1][2] : 2
Col validation : a[2][2] : 8
Col validation : a[3][2] : 9
Col validation : a[4][2] : 6
Col validation : a[5][2] : 3
Col validation : a[6][2] : 1
Col validation : a[7][2] : 7
Col validation : a[8][2] : 5
Square validation : a[0][0] : 5
Square validation : a[0][1] : 3
Square validation : a[0][2] : 4
Square validation : a[1][0] : 6
Square validation : a[1][1] : 7
Square validation : a[1][2] : 2
Square validation : a[2][0] : 1
Square validation : a[2][1] : 9
Square validation : a[2][2] : 8
Row validation : a[2][0] : 1
Row validation : a[2][1] : 9
Row validation : a[2][2] : 8
Row validation : a[2][3] : 3
Row validation : a[2][4] : 4
Row validation : a[2][5] : 2
Row validation : a[2][6] : 5
Row validation : a[2][7] : 6
Row validation : a[2][8] : 7
Col validation : a[0][3] : 6
Col validation : a[1][3] : 1
Col validation : a[2][3] : 3
Col validation : a[3][3] : 7
Col validation : a[4][3] : 8
Col validation : a[5][3] : 9
Col validation : a[6][3] : 5
Col validation : a[7][3] : 4
Col validation : a[8][3] : 2
Square validation : a[0][0] : 5
Square validation : a[0][1] : 3
Square validation : a[0][2] : 4
Square validation : a[1][0] : 6
Square validation : a[1][1] : 7
Square validation : a[1][2] : 2
Square validation : a[2][0] : 1
Square validation : a[2][1] : 9
Square validation : a[2][2] : 8
Row validation : a[2][0] : 1
Row validation : a[2][1] : 9
Row validation : a[2][2] : 8
Row validation : a[2][3] : 3
Row validation : a[2][4] : 4
Row validation : a[2][5] : 2
Row validation : a[2][6] : 5
Row validation : a[2][7] : 6
Row validation : a[2][8] : 7
Col validation : a[0][4] : 7
Col validation : a[1][4] : 9
Col validation : a[2][4] : 4
Col validation : a[3][4] : 6
Col validation : a[4][4] : 5
Col validation : a[5][4] : 2
Col validation : a[6][4] : 3
Col validation : a[7][4] : 1
Col validation : a[8][4] : 8
Square validation : a[0][0] : 5
Square validation : a[0][1] : 3
Square validation : a[0][2] : 4
Square validation : a[1][0] : 6
Square validation : a[1][1] : 7
Square validation : a[1][2] : 2
Square validation : a[2][0] : 1
Square validation : a[2][1] : 9
Square validation : a[2][2] : 8
Row validation : a[2][0] : 1
Row validation : a[2][1] : 9
Row validation : a[2][2] : 8
Row validation : a[2][3] : 3
Row validation : a[2][4] : 4
Row validation : a[2][5] : 2
Row validation : a[2][6] : 5
Row validation : a[2][7] : 6
Row validation : a[2][8] : 7
Col validation : a[0][5] : 8
Col validation : a[1][5] : 5
Col validation : a[2][5] : 2
Col validation : a[3][5] : 1
Col validation : a[4][5] : 3
Col validation : a[5][5] : 4
Col validation : a[6][5] : 7
Col validation : a[7][5] : 9
Col validation : a[8][5] : 6
Square validation : a[0][0] : 5
Square validation : a[0][1] : 3
Square validation : a[0][2] : 4
Square validation : a[1][0] : 6
Square validation : a[1][1] : 7
Square validation : a[1][2] : 2
Square validation : a[2][0] : 1
Square validation : a[2][1] : 9
Square validation : a[2][2] : 8
Row validation : a[2][0] : 1
Row validation : a[2][1] : 9
Row validation : a[2][2] : 8
Row validation : a[2][3] : 3
Row validation : a[2][4] : 4
Row validation : a[2][5] : 2
Row validation : a[2][6] : 5
Row validation : a[2][7] : 6
Row validation : a[2][8] : 7
Col validation : a[0][6] : 9
Col validation : a[1][6] : 3
Col validation : a[2][6] : 5
Col validation : a[3][6] : 4
Col validation : a[4][6] : 7
Col validation : a[5][6] : 8
Col validation : a[6][6] : 2
Col validation : a[7][6] : 6
Col validation : a[8][6] : 1
Square validation : a[0][0] : 5
Square validation : a[0][1] : 3
Square validation : a[0][2] : 4
Square validation : a[1][0] : 6
Square validation : a[1][1] : 7
Square validation : a[1][2] : 2
Square validation : a[2][0] : 1
Square validation : a[2][1] : 9
Square validation : a[2][2] : 8
Row validation : a[2][0] : 1
Row validation : a[2][1] : 9
Row validation : a[2][2] : 8
Row validation : a[2][3] : 3
Row validation : a[2][4] : 4
Row validation : a[2][5] : 2
Row validation : a[2][6] : 5
Row validation : a[2][7] : 6
Row validation : a[2][8] : 7
Col validation : a[0][7] : 1
Col validation : a[1][7] : 4
Col validation : a[2][7] : 6
Col validation : a[3][7] : 2
Col validation : a[4][7] : 9
Col validation : a[5][7] : 5
Col validation : a[6][7] : 8
Col validation : a[7][7] : 3
Col validation : a[8][7] : 7
Square validation : a[0][0] : 5
Square validation : a[0][1] : 3
Square validation : a[0][2] : 4
Square validation : a[1][0] : 6
Square validation : a[1][1] : 7
Square validation : a[1][2] : 2
Square validation : a[2][0] : 1
Square validation : a[2][1] : 9
Square validation : a[2][2] : 8
Row validation : a[2][0] : 1
Row validation : a[2][1] : 9
Row validation : a[2][2] : 8
Row validation : a[2][3] : 3
Row validation : a[2][4] : 4
Row validation : a[2][5] : 2
Row validation : a[2][6] : 5
Row validation : a[2][7] : 6
Row validation : a[2][8] : 7
Col validation : a[0][8] : 2
Col validation : a[1][8] : 8
Col validation : a[2][8] : 7
Col validation : a[3][8] : 3
Col validation : a[4][8] : 1
Col validation : a[5][8] : 6
Col validation : a[6][8] : 4
Col validation : a[7][8] : 5
Col validation : a[8][8] : 9
Square validation : a[0][0] : 5
Square validation : a[0][1] : 3
Square validation : a[0][2] : 4
Square validation : a[1][0] : 6
Square validation : a[1][1] : 7
Square validation : a[1][2] : 2
Square validation : a[2][0] : 1
Square validation : a[2][1] : 9
Square validation : a[2][2] : 8
Row validation : a[3][0] : 8
Row validation : a[3][1] : 5
Row validation : a[3][2] : 9
Row validation : a[3][3] : 7
Row validation : a[3][4] : 6
Row validation : a[3][5] : 1
Row validation : a[3][6] : 4
Row validation : a[3][7] : 2
Row validation : a[3][8] : 3
Col validation : a[0][0] : 5
Col validation : a[1][0] : 6
Col validation : a[2][0] : 1
Col validation : a[3][0] : 8
Col validation : a[4][0] : 4
Col validation : a[5][0] : 7
Col validation : a[6][0] : 9
Col validation : a[7][0] : 2
Col validation : a[8][0] : 3
Square validation : a[0][0] : 5
Square validation : a[0][1] : 3
Square validation : a[0][2] : 4
Square validation : a[1][0] : 6
Square validation : a[1][1] : 7
Square validation : a[1][2] : 2
Square validation : a[2][0] : 1
Square validation : a[2][1] : 9
Square validation : a[2][2] : 8
Row validation : a[3][0] : 8
Row validation : a[3][1] : 5
Row validation : a[3][2] : 9
Row validation : a[3][3] : 7
Row validation : a[3][4] : 6
Row validation : a[3][5] : 1
Row validation : a[3][6] : 4
Row validation : a[3][7] : 2
Row validation : a[3][8] : 3
Col validation : a[0][1] : 3
Col validation : a[1][1] : 7
Col validation : a[2][1] : 9
Col validation : a[3][1] : 5
Col validation : a[4][1] : 2
Col validation : a[5][1] : 1
Col validation : a[6][1] : 6
Col validation : a[7][1] : 8
Col validation : a[8][1] : 4
Square validation : a[0][0] : 5
Square validation : a[0][1] : 3
Square validation : a[0][2] : 4
Square validation : a[1][0] : 6
Square validation : a[1][1] : 7
Square validation : a[1][2] : 2
Square validation : a[2][0] : 1
Square validation : a[2][1] : 9
Square validation : a[2][2] : 8
Row validation : a[3][0] : 8
Row validation : a[3][1] : 5
Row validation : a[3][2] : 9
Row validation : a[3][3] : 7
Row validation : a[3][4] : 6
Row validation : a[3][5] : 1
Row validation : a[3][6] : 4
Row validation : a[3][7] : 2
Row validation : a[3][8] : 3
Col validation : a[0][2] : 4
Col validation : a[1][2] : 2
Col validation : a[2][2] : 8
Col validation : a[3][2] : 9
Col validation : a[4][2] : 6
Col validation : a[5][2] : 3
Col validation : a[6][2] : 1
Col validation : a[7][2] : 7
Col validation : a[8][2] : 5
Square validation : a[0][0] : 5
Square validation : a[0][1] : 3
Square validation : a[0][2] : 4
Square validation : a[1][0] : 6
Square validation : a[1][1] : 7
Square validation : a[1][2] : 2
Square validation : a[2][0] : 1
Square validation : a[2][1] : 9
Square validation : a[2][2] : 8
Row validation : a[3][0] : 8
Row validation : a[3][1] : 5
Row validation : a[3][2] : 9
Row validation : a[3][3] : 7
Row validation : a[3][4] : 6
Row validation : a[3][5] : 1
Row validation : a[3][6] : 4
Row validation : a[3][7] : 2
Row validation : a[3][8] : 3
Col validation : a[0][3] : 6
Col validation : a[1][3] : 1
Col validation : a[2][3] : 3
Col validation : a[3][3] : 7
Col validation : a[4][3] : 8
Col validation : a[5][3] : 9
Col validation : a[6][3] : 5
Col validation : a[7][3] : 4
Col validation : a[8][3] : 2
Square validation : a[0][0] : 5
Square validation : a[0][1] : 3
Square validation : a[0][2] : 4
Square validation : a[1][0] : 6
Square validation : a[1][1] : 7
Square validation : a[1][2] : 2
Square validation : a[2][0] : 1
Square validation : a[2][1] : 9
Square validation : a[2][2] : 8
Row validation : a[3][0] : 8
Row validation : a[3][1] : 5
Row validation : a[3][2] : 9
Row validation : a[3][3] : 7
Row validation : a[3][4] : 6
Row validation : a[3][5] : 1
Row validation : a[3][6] : 4
Row validation : a[3][7] : 2
Row validation : a[3][8] : 3
Col validation : a[0][4] : 7
Col validation : a[1][4] : 9
Col validation : a[2][4] : 4
Col validation : a[3][4] : 6
Col validation : a[4][4] : 5
Col validation : a[5][4] : 2
Col validation : a[6][4] : 3
Col validation : a[7][4] : 1
Col validation : a[8][4] : 8
Square validation : a[0][0] : 5
Square validation : a[0][1] : 3
Square validation : a[0][2] : 4
Square validation : a[1][0] : 6
Square validation : a[1][1] : 7
Square validation : a[1][2] : 2
Square validation : a[2][0] : 1
Square validation : a[2][1] : 9
Square validation : a[2][2] : 8
Row validation : a[3][0] : 8
Row validation : a[3][1] : 5
Row validation : a[3][2] : 9
Row validation : a[3][3] : 7
Row validation : a[3][4] : 6
Row validation : a[3][5] : 1
Row validation : a[3][6] : 4
Row validation : a[3][7] : 2
Row validation : a[3][8] : 3
Col validation : a[0][5] : 8
Col validation : a[1][5] : 5
Col validation : a[2][5] : 2
Col validation : a[3][5] : 1
Col validation : a[4][5] : 3
Col validation : a[5][5] : 4
Col validation : a[6][5] : 7
Col validation : a[7][5] : 9
Col validation : a[8][5] : 6
Square validation : a[0][0] : 5
Square validation : a[0][1] : 3
Square validation : a[0][2] : 4
Square validation : a[1][0] : 6
Square validation : a[1][1] : 7
Square validation : a[1][2] : 2
Square validation : a[2][0] : 1
Square validation : a[2][1] : 9
Square validation : a[2][2] : 8
Row validation : a[3][0] : 8
Row validation : a[3][1] : 5
Row validation : a[3][2] : 9
Row validation : a[3][3] : 7
Row validation : a[3][4] : 6
Row validation : a[3][5] : 1
Row validation : a[3][6] : 4
Row validation : a[3][7] : 2
Row validation : a[3][8] : 3
Col validation : a[0][6] : 9
Col validation : a[1][6] : 3
Col validation : a[2][6] : 5
Col validation : a[3][6] : 4
Col validation : a[4][6] : 7
Col validation : a[5][6] : 8
Col validation : a[6][6] : 2
Col validation : a[7][6] : 6
Col validation : a[8][6] : 1
Square validation : a[0][0] : 5
Square validation : a[0][1] : 3
Square validation : a[0][2] : 4
Square validation : a[1][0] : 6
Square validation : a[1][1] : 7
Square validation : a[1][2] : 2
Square validation : a[2][0] : 1
Square validation : a[2][1] : 9
Square validation : a[2][2] : 8
Row validation : a[3][0] : 8
Row validation : a[3][1] : 5
Row validation : a[3][2] : 9
Row validation : a[3][3] : 7
Row validation : a[3][4] : 6
Row validation : a[3][5] : 1
Row validation : a[3][6] : 4
Row validation : a[3][7] : 2
Row validation : a[3][8] : 3
Col validation : a[0][7] : 1
Col validation : a[1][7] : 4
Col validation : a[2][7] : 6
Col validation : a[3][7] : 2
Col validation : a[4][7] : 9
Col validation : a[5][7] : 5
Col validation : a[6][7] : 8
Col validation : a[7][7] : 3
Col validation : a[8][7] : 7
Square validation : a[0][0] : 5
Square validation : a[0][1] : 3
Square validation : a[0][2] : 4
Square validation : a[1][0] : 6
Square validation : a[1][1] : 7
Square validation : a[1][2] : 2
Square validation : a[2][0] : 1
Square validation : a[2][1] : 9
Square validation : a[2][2] : 8
Row validation : a[3][0] : 8
Row validation : a[3][1] : 5
Row validation : a[3][2] : 9
Row validation : a[3][3] : 7
Row validation : a[3][4] : 6
Row validation : a[3][5] : 1
Row validation : a[3][6] : 4
Row validation : a[3][7] : 2
Row validation : a[3][8] : 3
Col validation : a[0][8] : 2
Col validation : a[1][8] : 8
Col validation : a[2][8] : 7
Col validation : a[3][8] : 3
Col validation : a[4][8] : 1
Col validation : a[5][8] : 6
Col validation : a[6][8] : 4
Col validation : a[7][8] : 5
Col validation : a[8][8] : 9
Square validation : a[0][0] : 5
Square validation : a[0][1] : 3
Square validation : a[0][2] : 4
Square validation : a[1][0] : 6
Square validation : a[1][1] : 7
Square validation : a[1][2] : 2
Square validation : a[2][0] : 1
Square validation : a[2][1] : 9
Square validation : a[2][2] : 8
Row validation : a[4][0] : 4
Row validation : a[4][1] : 2
Row validation : a[4][2] : 6
Row validation : a[4][3] : 8
Row validation : a[4][4] : 5
Row validation : a[4][5] : 3
Row validation : a[4][6] : 7
Row validation : a[4][7] : 9
Row validation : a[4][8] : 1
Col validation : a[0][0] : 5
Col validation : a[1][0] : 6
Col validation : a[2][0] : 1
Col validation : a[3][0] : 8
Col validation : a[4][0] : 4
Col validation : a[5][0] : 7
Col validation : a[6][0] : 9
Col validation : a[7][0] : 2
Col validation : a[8][0] : 3
Square validation : a[0][0] : 5
Square validation : a[0][1] : 3
Square validation : a[0][2] : 4
Square validation : a[1][0] : 6
Square validation : a[1][1] : 7
Square validation : a[1][2] : 2
Square validation : a[2][0] : 1
Square validation : a[2][1] : 9
Square validation : a[2][2] : 8
Row validation : a[4][0] : 4
Row validation : a[4][1] : 2
Row validation : a[4][2] : 6
Row validation : a[4][3] : 8
Row validation : a[4][4] : 5
Row validation : a[4][5] : 3
Row validation : a[4][6] : 7
Row validation : a[4][7] : 9
Row validation : a[4][8] : 1
Col validation : a[0][1] : 3
Col validation : a[1][1] : 7
Col validation : a[2][1] : 9
Col validation : a[3][1] : 5
Col validation : a[4][1] : 2
Col validation : a[5][1] : 1
Col validation : a[6][1] : 6
Col validation : a[7][1] : 8
Col validation : a[8][1] : 4
Square validation : a[0][0] : 5
Square validation : a[0][1] : 3
Square validation : a[0][2] : 4
Square validation : a[1][0] : 6
Square validation : a[1][1] : 7
Square validation : a[1][2] : 2
Square validation : a[2][0] : 1
Square validation : a[2][1] : 9
Square validation : a[2][2] : 8
Row validation : a[4][0] : 4
Row validation : a[4][1] : 2
Row validation : a[4][2] : 6
Row validation : a[4][3] : 8
Row validation : a[4][4] : 5
Row validation : a[4][5] : 3
Row validation : a[4][6] : 7
Row validation : a[4][7] : 9
Row validation : a[4][8] : 1
Col validation : a[0][2] : 4
Col validation : a[1][2] : 2
Col validation : a[2][2] : 8
Col validation : a[3][2] : 9
Col validation : a[4][2] : 6
Col validation : a[5][2] : 3
Col validation : a[6][2] : 1
Col validation : a[7][2] : 7
Col validation : a[8][2] : 5
Square validation : a[0][0] : 5
Square validation : a[0][1] : 3
Square validation : a[0][2] : 4
Square validation : a[1][0] : 6
Square validation : a[1][1] : 7
Square validation : a[1][2] : 2
Square validation : a[2][0] : 1
Square validation : a[2][1] : 9
Square validation : a[2][2] : 8
Row validation : a[4][0] : 4
Row validation : a[4][1] : 2
Row validation : a[4][2] : 6
Row validation : a[4][3] : 8
Row validation : a[4][4] : 5
Row validation : a[4][5] : 3
Row validation : a[4][6] : 7
Row validation : a[4][7] : 9
Row validation : a[4][8] : 1
Col validation : a[0][3] : 6
Col validation : a[1][3] : 1
Col validation : a[2][3] : 3
Col validation : a[3][3] : 7
Col validation : a[4][3] : 8
Col validation : a[5][3] : 9
Col validation : a[6][3] : 5
Col validation : a[7][3] : 4
Col validation : a[8][3] : 2
Square validation : a[0][0] : 5
Square validation : a[0][1] : 3
Square validation : a[0][2] : 4
Square validation : a[1][0] : 6
Square validation : a[1][1] : 7
Square validation : a[1][2] : 2
Square validation : a[2][0] : 1
Square validation : a[2][1] : 9
Square validation : a[2][2] : 8
Row validation : a[4][0] : 4
Row validation : a[4][1] : 2
Row validation : a[4][2] : 6
Row validation : a[4][3] : 8
Row validation : a[4][4] : 5
Row validation : a[4][5] : 3
Row validation : a[4][6] : 7
Row validation : a[4][7] : 9
Row validation : a[4][8] : 1
Col validation : a[0][4] : 7
Col validation : a[1][4] : 9
Col validation : a[2][4] : 4
Col validation : a[3][4] : 6
Col validation : a[4][4] : 5
Col validation : a[5][4] : 2
Col validation : a[6][4] : 3
Col validation : a[7][4] : 1
Col validation : a[8][4] : 8
Square validation : a[0][0] : 5
Square validation : a[0][1] : 3
Square validation : a[0][2] : 4
Square validation : a[1][0] : 6
Square validation : a[1][1] : 7
Square validation : a[1][2] : 2
Square validation : a[2][0] : 1
Square validation : a[2][1] : 9
Square validation : a[2][2] : 8
Row validation : a[4][0] : 4
Row validation : a[4][1] : 2
Row validation : a[4][2] : 6
Row validation : a[4][3] : 8
Row validation : a[4][4] : 5
Row validation : a[4][5] : 3
Row validation : a[4][6] : 7
Row validation : a[4][7] : 9
Row validation : a[4][8] : 1
Col validation : a[0][5] : 8
Col validation : a[1][5] : 5
Col validation : a[2][5] : 2
Col validation : a[3][5] : 1
Col validation : a[4][5] : 3
Col validation : a[5][5] : 4
Col validation : a[6][5] : 7
Col validation : a[7][5] : 9
Col validation : a[8][5] : 6
Square validation : a[0][0] : 5
Square validation : a[0][1] : 3
Square validation : a[0][2] : 4
Square validation : a[1][0] : 6
Square validation : a[1][1] : 7
Square validation : a[1][2] : 2
Square validation : a[2][0] : 1
Square validation : a[2][1] : 9
Square validation : a[2][2] : 8
Row validation : a[4][0] : 4
Row validation : a[4][1] : 2
Row validation : a[4][2] : 6
Row validation : a[4][3] : 8
Row validation : a[4][4] : 5
Row validation : a[4][5] : 3
Row validation : a[4][6] : 7
Row validation : a[4][7] : 9
Row validation : a[4][8] : 1
Col validation : a[0][6] : 9
Col validation : a[1][6] : 3
Col validation : a[2][6] : 5
Col validation : a[3][6] : 4
Col validation : a[4][6] : 7
Col validation : a[5][6] : 8
Col validation : a[6][6] : 2
Col validation : a[7][6] : 6
Col validation : a[8][6] : 1
Square validation : a[0][0] : 5
Square validation : a[0][1] : 3
Square validation : a[0][2] : 4
Square validation : a[1][0] : 6
Square validation : a[1][1] : 7
Square validation : a[1][2] : 2
Square validation : a[2][0] : 1
Square validation : a[2][1] : 9
Square validation : a[2][2] : 8
Row validation : a[4][0] : 4
Row validation : a[4][1] : 2
Row validation : a[4][2] : 6
Row validation : a[4][3] : 8
Row validation : a[4][4] : 5
Row validation : a[4][5] : 3
Row validation : a[4][6] : 7
Row validation : a[4][7] : 9
Row validation : a[4][8] : 1
Col validation : a[0][7] : 1
Col validation : a[1][7] : 4
Col validation : a[2][7] : 6
Col validation : a[3][7] : 2
Col validation : a[4][7] : 9
Col validation : a[5][7] : 5
Col validation : a[6][7] : 8
Col validation : a[7][7] : 3
Col validation : a[8][7] : 7
Square validation : a[0][0] : 5
Square validation : a[0][1] : 3
Square validation : a[0][2] : 4
Square validation : a[1][0] : 6
Square validation : a[1][1] : 7
Square validation : a[1][2] : 2
Square validation : a[2][0] : 1
Square validation : a[2][1] : 9
Square validation : a[2][2] : 8
Row validation : a[4][0] : 4
Row validation : a[4][1] : 2
Row validation : a[4][2] : 6
Row validation : a[4][3] : 8
Row validation : a[4][4] : 5
Row validation : a[4][5] : 3
Row validation : a[4][6] : 7
Row validation : a[4][7] : 9
Row validation : a[4][8] : 1
Col validation : a[0][8] : 2
Col validation : a[1][8] : 8
Col validation : a[2][8] : 7
Col validation : a[3][8] : 3
Col validation : a[4][8] : 1
Col validation : a[5][8] : 6
Col validation : a[6][8] : 4
Col validation : a[7][8] : 5
Col validation : a[8][8] : 9
Square validation : a[0][0] : 5
Square validation : a[0][1] : 3
Square validation : a[0][2] : 4
Square validation : a[1][0] : 6
Square validation : a[1][1] : 7
Square validation : a[1][2] : 2
Square validation : a[2][0] : 1
Square validation : a[2][1] : 9
Square validation : a[2][2] : 8
Row validation : a[5][0] : 7
Row validation : a[5][1] : 1
Row validation : a[5][2] : 3
Row validation : a[5][3] : 9
Row validation : a[5][4] : 2
Row validation : a[5][5] : 4
Row validation : a[5][6] : 8
Row validation : a[5][7] : 5
Row validation : a[5][8] : 6
Col validation : a[0][0] : 5
Col validation : a[1][0] : 6
Col validation : a[2][0] : 1
Col validation : a[3][0] : 8
Col validation : a[4][0] : 4
Col validation : a[5][0] : 7
Col validation : a[6][0] : 9
Col validation : a[7][0] : 2
Col validation : a[8][0] : 3
Square validation : a[0][0] : 5
Square validation : a[0][1] : 3
Square validation : a[0][2] : 4
Square validation : a[1][0] : 6
Square validation : a[1][1] : 7
Square validation : a[1][2] : 2
Square validation : a[2][0] : 1
Square validation : a[2][1] : 9
Square validation : a[2][2] : 8
Row validation : a[5][0] : 7
Row validation : a[5][1] : 1
Row validation : a[5][2] : 3
Row validation : a[5][3] : 9
Row validation : a[5][4] : 2
Row validation : a[5][5] : 4
Row validation : a[5][6] : 8
Row validation : a[5][7] : 5
Row validation : a[5][8] : 6
Col validation : a[0][1] : 3
Col validation : a[1][1] : 7
Col validation : a[2][1] : 9
Col validation : a[3][1] : 5
Col validation : a[4][1] : 2
Col validation : a[5][1] : 1
Col validation : a[6][1] : 6
Col validation : a[7][1] : 8
Col validation : a[8][1] : 4
Square validation : a[0][0] : 5
Square validation : a[0][1] : 3
Square validation : a[0][2] : 4
Square validation : a[1][0] : 6
Square validation : a[1][1] : 7
Square validation : a[1][2] : 2
Square validation : a[2][0] : 1
Square validation : a[2][1] : 9
Square validation : a[2][2] : 8
Row validation : a[5][0] : 7
Row validation : a[5][1] : 1
Row validation : a[5][2] : 3
Row validation : a[5][3] : 9
Row validation : a[5][4] : 2
Row validation : a[5][5] : 4
Row validation : a[5][6] : 8
Row validation : a[5][7] : 5
Row validation : a[5][8] : 6
Col validation : a[0][2] : 4
Col validation : a[1][2] : 2
Col validation : a[2][2] : 8
Col validation : a[3][2] : 9
Col validation : a[4][2] : 6
Col validation : a[5][2] : 3
Col validation : a[6][2] : 1
Col validation : a[7][2] : 7
Col validation : a[8][2] : 5
Square validation : a[0][0] : 5
Square validation : a[0][1] : 3
Square validation : a[0][2] : 4
Square validation : a[1][0] : 6
Square validation : a[1][1] : 7
Square validation : a[1][2] : 2
Square validation : a[2][0] : 1
Square validation : a[2][1] : 9
Square validation : a[2][2] : 8
Row validation : a[5][0] : 7
Row validation : a[5][1] : 1
Row validation : a[5][2] : 3
Row validation : a[5][3] : 9
Row validation : a[5][4] : 2
Row validation : a[5][5] : 4
Row validation : a[5][6] : 8
Row validation : a[5][7] : 5
Row validation : a[5][8] : 6
Col validation : a[0][3] : 6
Col validation : a[1][3] : 1
Col validation : a[2][3] : 3
Col validation : a[3][3] : 7
Col validation : a[4][3] : 8
Col validation : a[5][3] : 9
Col validation : a[6][3] : 5
Col validation : a[7][3] : 4
Col validation : a[8][3] : 2
Square validation : a[0][0] : 5
Square validation : a[0][1] : 3
Square validation : a[0][2] : 4
Square validation : a[1][0] : 6
Square validation : a[1][1] : 7
Square validation : a[1][2] : 2
Square validation : a[2][0] : 1
Square validation : a[2][1] : 9
Square validation : a[2][2] : 8
Row validation : a[5][0] : 7
Row validation : a[5][1] : 1
Row validation : a[5][2] : 3
Row validation : a[5][3] : 9
Row validation : a[5][4] : 2
Row validation : a[5][5] : 4
Row validation : a[5][6] : 8
Row validation : a[5][7] : 5
Row validation : a[5][8] : 6
Col validation : a[0][4] : 7
Col validation : a[1][4] : 9
Col validation : a[2][4] : 4
Col validation : a[3][4] : 6
Col validation : a[4][4] : 5
Col validation : a[5][4] : 2
Col validation : a[6][4] : 3
Col validation : a[7][4] : 1
Col validation : a[8][4] : 8
Square validation : a[0][0] : 5
Square validation : a[0][1] : 3
Square validation : a[0][2] : 4
Square validation : a[1][0] : 6
Square validation : a[1][1] : 7
Square validation : a[1][2] : 2
Square validation : a[2][0] : 1
Square validation : a[2][1] : 9
Square validation : a[2][2] : 8
Row validation : a[5][0] : 7
Row validation : a[5][1] : 1
Row validation : a[5][2] : 3
Row validation : a[5][3] : 9
Row validation : a[5][4] : 2
Row validation : a[5][5] : 4
Row validation : a[5][6] : 8
Row validation : a[5][7] : 5
Row validation : a[5][8] : 6
Col validation : a[0][5] : 8
Col validation : a[1][5] : 5
Col validation : a[2][5] : 2
Col validation : a[3][5] : 1
Col validation : a[4][5] : 3
Col validation : a[5][5] : 4
Col validation : a[6][5] : 7
Col validation : a[7][5] : 9
Col validation : a[8][5] : 6
Square validation : a[0][0] : 5
Square validation : a[0][1] : 3
Square validation : a[0][2] : 4
Square validation : a[1][0] : 6
Square validation : a[1][1] : 7
Square validation : a[1][2] : 2
Square validation : a[2][0] : 1
Square validation : a[2][1] : 9
Square validation : a[2][2] : 8
Row validation : a[5][0] : 7
Row validation : a[5][1] : 1
Row validation : a[5][2] : 3
Row validation : a[5][3] : 9
Row validation : a[5][4] : 2
Row validation : a[5][5] : 4
Row validation : a[5][6] : 8
Row validation : a[5][7] : 5
Row validation : a[5][8] : 6
Col validation : a[0][6] : 9
Col validation : a[1][6] : 3
Col validation : a[2][6] : 5
Col validation : a[3][6] : 4
Col validation : a[4][6] : 7
Col validation : a[5][6] : 8
Col validation : a[6][6] : 2
Col validation : a[7][6] : 6
Col validation : a[8][6] : 1
Square validation : a[0][0] : 5
Square validation : a[0][1] : 3
Square validation : a[0][2] : 4
Square validation : a[1][0] : 6
Square validation : a[1][1] : 7
Square validation : a[1][2] : 2
Square validation : a[2][0] : 1
Square validation : a[2][1] : 9
Square validation : a[2][2] : 8
Row validation : a[5][0] : 7
Row validation : a[5][1] : 1
Row validation : a[5][2] : 3
Row validation : a[5][3] : 9
Row validation : a[5][4] : 2
Row validation : a[5][5] : 4
Row validation : a[5][6] : 8
Row validation : a[5][7] : 5
Row validation : a[5][8] : 6
Col validation : a[0][7] : 1
Col validation : a[1][7] : 4
Col validation : a[2][7] : 6
Col validation : a[3][7] : 2
Col validation : a[4][7] : 9
Col validation : a[5][7] : 5
Col validation : a[6][7] : 8
Col validation : a[7][7] : 3
Col validation : a[8][7] : 7
Square validation : a[0][0] : 5
Square validation : a[0][1] : 3
Square validation : a[0][2] : 4
Square validation : a[1][0] : 6
Square validation : a[1][1] : 7
Square validation : a[1][2] : 2
Square validation : a[2][0] : 1
Square validation : a[2][1] : 9
Square validation : a[2][2] : 8
Row validation : a[5][0] : 7
Row validation : a[5][1] : 1
Row validation : a[5][2] : 3
Row validation : a[5][3] : 9
Row validation : a[5][4] : 2
Row validation : a[5][5] : 4
Row validation : a[5][6] : 8
Row validation : a[5][7] : 5
Row validation : a[5][8] : 6
Col validation : a[0][8] : 2
Col validation : a[1][8] : 8
Col validation : a[2][8] : 7
Col validation : a[3][8] : 3
Col validation : a[4][8] : 1
Col validation : a[5][8] : 6
Col validation : a[6][8] : 4
Col validation : a[7][8] : 5
Col validation : a[8][8] : 9
Square validation : a[0][0] : 5
Square validation : a[0][1] : 3
Square validation : a[0][2] : 4
Square validation : a[1][0] : 6
Square validation : a[1][1] : 7
Square validation : a[1][2] : 2
Square validation : a[2][0] : 1
Square validation : a[2][1] : 9
Square validation : a[2][2] : 8
Row validation : a[6][0] : 9
Row validation : a[6][1] : 6
Row validation : a[6][2] : 1
Row validation : a[6][3] : 5
Row validation : a[6][4] : 3
Row validation : a[6][5] : 7
Row validation : a[6][6] : 2
Row validation : a[6][7] : 8
Row validation : a[6][8] : 4
Col validation : a[0][0] : 5
Col validation : a[1][0] : 6
Col validation : a[2][0] : 1
Col validation : a[3][0] : 8
Col validation : a[4][0] : 4
Col validation : a[5][0] : 7
Col validation : a[6][0] : 9
Col validation : a[7][0] : 2
Col validation : a[8][0] : 3
Square validation : a[0][0] : 5
Square validation : a[0][1] : 3
Square validation : a[0][2] : 4
Square validation : a[1][0] : 6
Square validation : a[1][1] : 7
Square validation : a[1][2] : 2
Square validation : a[2][0] : 1
Square validation : a[2][1] : 9
Square validation : a[2][2] : 8
Row validation : a[6][0] : 9
Row validation : a[6][1] : 6
Row validation : a[6][2] : 1
Row validation : a[6][3] : 5
Row validation : a[6][4] : 3
Row validation : a[6][5] : 7
Row validation : a[6][6] : 2
Row validation : a[6][7] : 8
Row validation : a[6][8] : 4
Col validation : a[0][1] : 3
Col validation : a[1][1] : 7
Col validation : a[2][1] : 9
Col validation : a[3][1] : 5
Col validation : a[4][1] : 2
Col validation : a[5][1] : 1
Col validation : a[6][1] : 6
Col validation : a[7][1] : 8
Col validation : a[8][1] : 4
Square validation : a[0][0] : 5
Square validation : a[0][1] : 3
Square validation : a[0][2] : 4
Square validation : a[1][0] : 6
Square validation : a[1][1] : 7
Square validation : a[1][2] : 2
Square validation : a[2][0] : 1
Square validation : a[2][1] : 9
Square validation : a[2][2] : 8
Row validation : a[6][0] : 9
Row validation : a[6][1] : 6
Row validation : a[6][2] : 1
Row validation : a[6][3] : 5
Row validation : a[6][4] : 3
Row validation : a[6][5] : 7
Row validation : a[6][6] : 2
Row validation : a[6][7] : 8
Row validation : a[6][8] : 4
Col validation : a[0][2] : 4
Col validation : a[1][2] : 2
Col validation : a[2][2] : 8
Col validation : a[3][2] : 9
Col validation : a[4][2] : 6
Col validation : a[5][2] : 3
Col validation : a[6][2] : 1
Col validation : a[7][2] : 7
Col validation : a[8][2] : 5
Square validation : a[0][0] : 5
Square validation : a[0][1] : 3
Square validation : a[0][2] : 4
Square validation : a[1][0] : 6
Square validation : a[1][1] : 7
Square validation : a[1][2] : 2
Square validation : a[2][0] : 1
Square validation : a[2][1] : 9
Square validation : a[2][2] : 8
Row validation : a[6][0] : 9
Row validation : a[6][1] : 6
Row validation : a[6][2] : 1
Row validation : a[6][3] : 5
Row validation : a[6][4] : 3
Row validation : a[6][5] : 7
Row validation : a[6][6] : 2
Row validation : a[6][7] : 8
Row validation : a[6][8] : 4
Col validation : a[0][3] : 6
Col validation : a[1][3] : 1
Col validation : a[2][3] : 3
Col validation : a[3][3] : 7
Col validation : a[4][3] : 8
Col validation : a[5][3] : 9
Col validation : a[6][3] : 5
Col validation : a[7][3] : 4
Col validation : a[8][3] : 2
Square validation : a[0][0] : 5
Square validation : a[0][1] : 3
Square validation : a[0][2] : 4
Square validation : a[1][0] : 6
Square validation : a[1][1] : 7
Square validation : a[1][2] : 2
Square validation : a[2][0] : 1
Square validation : a[2][1] : 9
Square validation : a[2][2] : 8
Row validation : a[6][0] : 9
Row validation : a[6][1] : 6
Row validation : a[6][2] : 1
Row validation : a[6][3] : 5
Row validation : a[6][4] : 3
Row validation : a[6][5] : 7
Row validation : a[6][6] : 2
Row validation : a[6][7] : 8
Row validation : a[6][8] : 4
Col validation : a[0][4] : 7
Col validation : a[1][4] : 9
Col validation : a[2][4] : 4
Col validation : a[3][4] : 6
Col validation : a[4][4] : 5
Col validation : a[5][4] : 2
Col validation : a[6][4] : 3
Col validation : a[7][4] : 1
Col validation : a[8][4] : 8
Square validation : a[0][0] : 5
Square validation : a[0][1] : 3
Square validation : a[0][2] : 4
Square validation : a[1][0] : 6
Square validation : a[1][1] : 7
Square validation : a[1][2] : 2
Square validation : a[2][0] : 1
Square validation : a[2][1] : 9
Square validation : a[2][2] : 8
Row validation : a[6][0] : 9
Row validation : a[6][1] : 6
Row validation : a[6][2] : 1
Row validation : a[6][3] : 5
Row validation : a[6][4] : 3
Row validation : a[6][5] : 7
Row validation : a[6][6] : 2
Row validation : a[6][7] : 8
Row validation : a[6][8] : 4
Col validation : a[0][5] : 8
Col validation : a[1][5] : 5
Col validation : a[2][5] : 2
Col validation : a[3][5] : 1
Col validation : a[4][5] : 3
Col validation : a[5][5] : 4
Col validation : a[6][5] : 7
Col validation : a[7][5] : 9
Col validation : a[8][5] : 6
Square validation : a[0][0] : 5
Square validation : a[0][1] : 3
Square validation : a[0][2] : 4
Square validation : a[1][0] : 6
Square validation : a[1][1] : 7
Square validation : a[1][2] : 2
Square validation : a[2][0] : 1
Square validation : a[2][1] : 9
Square validation : a[2][2] : 8
Row validation : a[6][0] : 9
Row validation : a[6][1] : 6
Row validation : a[6][2] : 1
Row validation : a[6][3] : 5
Row validation : a[6][4] : 3
Row validation : a[6][5] : 7
Row validation : a[6][6] : 2
Row validation : a[6][7] : 8
Row validation : a[6][8] : 4
Col validation : a[0][6] : 9
Col validation : a[1][6] : 3
Col validation : a[2][6] : 5
Col validation : a[3][6] : 4
Col validation : a[4][6] : 7
Col validation : a[5][6] : 8
Col validation : a[6][6] : 2
Col validation : a[7][6] : 6
Col validation : a[8][6] : 1
Square validation : a[0][0] : 5
Square validation : a[0][1] : 3
Square validation : a[0][2] : 4
Square validation : a[1][0] : 6
Square validation : a[1][1] : 7
Square validation : a[1][2] : 2
Square validation : a[2][0] : 1
Square validation : a[2][1] : 9
Square validation : a[2][2] : 8
Row validation : a[6][0] : 9
Row validation : a[6][1] : 6
Row validation : a[6][2] : 1
Row validation : a[6][3] : 5
Row validation : a[6][4] : 3
Row validation : a[6][5] : 7
Row validation : a[6][6] : 2
Row validation : a[6][7] : 8
Row validation : a[6][8] : 4
Col validation : a[0][7] : 1
Col validation : a[1][7] : 4
Col validation : a[2][7] : 6
Col validation : a[3][7] : 2
Col validation : a[4][7] : 9
Col validation : a[5][7] : 5
Col validation : a[6][7] : 8
Col validation : a[7][7] : 3
Col validation : a[8][7] : 7
Square validation : a[0][0] : 5
Square validation : a[0][1] : 3
Square validation : a[0][2] : 4
Square validation : a[1][0] : 6
Square validation : a[1][1] : 7
Square validation : a[1][2] : 2
Square validation : a[2][0] : 1
Square validation : a[2][1] : 9
Square validation : a[2][2] : 8
Row validation : a[6][0] : 9
Row validation : a[6][1] : 6
Row validation : a[6][2] : 1
Row validation : a[6][3] : 5
Row validation : a[6][4] : 3
Row validation : a[6][5] : 7
Row validation : a[6][6] : 2
Row validation : a[6][7] : 8
Row validation : a[6][8] : 4
Col validation : a[0][8] : 2
Col validation : a[1][8] : 8
Col validation : a[2][8] : 7
Col validation : a[3][8] : 3
Col validation : a[4][8] : 1
Col validation : a[5][8] : 6
Col validation : a[6][8] : 4
Col validation : a[7][8] : 5
Col validation : a[8][8] : 9
Square validation : a[0][0] : 5
Square validation : a[0][1] : 3
Square validation : a[0][2] : 4
Square validation : a[1][0] : 6
Square validation : a[1][1] : 7
Square validation : a[1][2] : 2
Square validation : a[2][0] : 1
Square validation : a[2][1] : 9
Square validation : a[2][2] : 8
Row validation : a[7][0] : 2
Row validation : a[7][1] : 8
Row validation : a[7][2] : 7
Row validation : a[7][3] : 4
Row validation : a[7][4] : 1
Row validation : a[7][5] : 9
Row validation : a[7][6] : 6
Row validation : a[7][7] : 3
Row validation : a[7][8] : 5
Col validation : a[0][0] : 5
Col validation : a[1][0] : 6
Col validation : a[2][0] : 1
Col validation : a[3][0] : 8
Col validation : a[4][0] : 4
Col validation : a[5][0] : 7
Col validation : a[6][0] : 9
Col validation : a[7][0] : 2
Col validation : a[8][0] : 3
Square validation : a[0][0] : 5
Square validation : a[0][1] : 3
Square validation : a[0][2] : 4
Square validation : a[1][0] : 6
Square validation : a[1][1] : 7
Square validation : a[1][2] : 2
Square validation : a[2][0] : 1
Square validation : a[2][1] : 9
Square validation : a[2][2] : 8
Row validation : a[7][0] : 2
Row validation : a[7][1] : 8
Row validation : a[7][2] : 7
Row validation : a[7][3] : 4
Row validation : a[7][4] : 1
Row validation : a[7][5] : 9
Row validation : a[7][6] : 6
Row validation : a[7][7] : 3
Row validation : a[7][8] : 5
Col validation : a[0][1] : 3
Col validation : a[1][1] : 7
Col validation : a[2][1] : 9
Col validation : a[3][1] : 5
Col validation : a[4][1] : 2
Col validation : a[5][1] : 1
Col validation : a[6][1] : 6
Col validation : a[7][1] : 8
Col validation : a[8][1] : 4
Square validation : a[0][0] : 5
Square validation : a[0][1] : 3
Square validation : a[0][2] : 4
Square validation : a[1][0] : 6
Square validation : a[1][1] : 7
Square validation : a[1][2] : 2
Square validation : a[2][0] : 1
Square validation : a[2][1] : 9
Square validation : a[2][2] : 8
Row validation : a[7][0] : 2
Row validation : a[7][1] : 8
Row validation : a[7][2] : 7
Row validation : a[7][3] : 4
Row validation : a[7][4] : 1
Row validation : a[7][5] : 9
Row validation : a[7][6] : 6
Row validation : a[7][7] : 3
Row validation : a[7][8] : 5
Col validation : a[0][2] : 4
Col validation : a[1][2] : 2
Col validation : a[2][2] : 8
Col validation : a[3][2] : 9
Col validation : a[4][2] : 6
Col validation : a[5][2] : 3
Col validation : a[6][2] : 1
Col validation : a[7][2] : 7
Col validation : a[8][2] : 5
Square validation : a[0][0] : 5
Square validation : a[0][1] : 3
Square validation : a[0][2] : 4
Square validation : a[1][0] : 6
Square validation : a[1][1] : 7
Square validation : a[1][2] : 2
Square validation : a[2][0] : 1
Square validation : a[2][1] : 9
Square validation : a[2][2] : 8
Row validation : a[7][0] : 2
Row validation : a[7][1] : 8
Row validation : a[7][2] : 7
Row validation : a[7][3] : 4
Row validation : a[7][4] : 1
Row validation : a[7][5] : 9
Row validation : a[7][6] : 6
Row validation : a[7][7] : 3
Row validation : a[7][8] : 5
Col validation : a[0][3] : 6
Col validation : a[1][3] : 1
Col validation : a[2][3] : 3
Col validation : a[3][3] : 7
Col validation : a[4][3] : 8
Col validation : a[5][3] : 9
Col validation : a[6][3] : 5
Col validation : a[7][3] : 4
Col validation : a[8][3] : 2
Square validation : a[0][0] : 5
Square validation : a[0][1] : 3
Square validation : a[0][2] : 4
Square validation : a[1][0] : 6
Square validation : a[1][1] : 7
Square validation : a[1][2] : 2
Square validation : a[2][0] : 1
Square validation : a[2][1] : 9
Square validation : a[2][2] : 8
Row validation : a[7][0] : 2
Row validation : a[7][1] : 8
Row validation : a[7][2] : 7
Row validation : a[7][3] : 4
Row validation : a[7][4] : 1
Row validation : a[7][5] : 9
Row validation : a[7][6] : 6
Row validation : a[7][7] : 3
Row validation : a[7][8] : 5
Col validation : a[0][4] : 7
Col validation : a[1][4] : 9
Col validation : a[2][4] : 4
Col validation : a[3][4] : 6
Col validation : a[4][4] : 5
Col validation : a[5][4] : 2
Col validation : a[6][4] : 3
Col validation : a[7][4] : 1
Col validation : a[8][4] : 8
Square validation : a[0][0] : 5
Square validation : a[0][1] : 3
Square validation : a[0][2] : 4
Square validation : a[1][0] : 6
Square validation : a[1][1] : 7
Square validation : a[1][2] : 2
Square validation : a[2][0] : 1
Square validation : a[2][1] : 9
Square validation : a[2][2] : 8
Row validation : a[7][0] : 2
Row validation : a[7][1] : 8
Row validation : a[7][2] : 7
Row validation : a[7][3] : 4
Row validation : a[7][4] : 1
Row validation : a[7][5] : 9
Row validation : a[7][6] : 6
Row validation : a[7][7] : 3
Row validation : a[7][8] : 5
Col validation : a[0][5] : 8
Col validation : a[1][5] : 5
Col validation : a[2][5] : 2
Col validation : a[3][5] : 1
Col validation : a[4][5] : 3
Col validation : a[5][5] : 4
Col validation : a[6][5] : 7
Col validation : a[7][5] : 9
Col validation : a[8][5] : 6
Square validation : a[0][0] : 5
Square validation : a[0][1] : 3
Square validation : a[0][2] : 4
Square validation : a[1][0] : 6
Square validation : a[1][1] : 7
Square validation : a[1][2] : 2
Square validation : a[2][0] : 1
Square validation : a[2][1] : 9
Square validation : a[2][2] : 8
Row validation : a[7][0] : 2
Row validation : a[7][1] : 8
Row validation : a[7][2] : 7
Row validation : a[7][3] : 4
Row validation : a[7][4] : 1
Row validation : a[7][5] : 9
Row validation : a[7][6] : 6
Row validation : a[7][7] : 3
Row validation : a[7][8] : 5
Col validation : a[0][6] : 9
Col validation : a[1][6] : 3
Col validation : a[2][6] : 5
Col validation : a[3][6] : 4
Col validation : a[4][6] : 7
Col validation : a[5][6] : 8
Col validation : a[6][6] : 2
Col validation : a[7][6] : 6
Col validation : a[8][6] : 1
Square validation : a[0][0] : 5
Square validation : a[0][1] : 3
Square validation : a[0][2] : 4
Square validation : a[1][0] : 6
Square validation : a[1][1] : 7
Square validation : a[1][2] : 2
Square validation : a[2][0] : 1
Square validation : a[2][1] : 9
Square validation : a[2][2] : 8
Row validation : a[7][0] : 2
Row validation : a[7][1] : 8
Row validation : a[7][2] : 7
Row validation : a[7][3] : 4
Row validation : a[7][4] : 1
Row validation : a[7][5] : 9
Row validation : a[7][6] : 6
Row validation : a[7][7] : 3
Row validation : a[7][8] : 5
Col validation : a[0][7] : 1
Col validation : a[1][7] : 4
Col validation : a[2][7] : 6
Col validation : a[3][7] : 2
Col validation : a[4][7] : 9
Col validation : a[5][7] : 5
Col validation : a[6][7] : 8
Col validation : a[7][7] : 3
Col validation : a[8][7] : 7
Square validation : a[0][0] : 5
Square validation : a[0][1] : 3
Square validation : a[0][2] : 4
Square validation : a[1][0] : 6
Square validation : a[1][1] : 7
Square validation : a[1][2] : 2
Square validation : a[2][0] : 1
Square validation : a[2][1] : 9
Square validation : a[2][2] : 8
Row validation : a[7][0] : 2
Row validation : a[7][1] : 8
Row validation : a[7][2] : 7
Row validation : a[7][3] : 4
Row validation : a[7][4] : 1
Row validation : a[7][5] : 9
Row validation : a[7][6] : 6
Row validation : a[7][7] : 3
Row validation : a[7][8] : 5
Col validation : a[0][8] : 2
Col validation : a[1][8] : 8
Col validation : a[2][8] : 7
Col validation : a[3][8] : 3
Col validation : a[4][8] : 1
Col validation : a[5][8] : 6
Col validation : a[6][8] : 4
Col validation : a[7][8] : 5
Col validation : a[8][8] : 9
Square validation : a[0][0] : 5
Square validation : a[0][1] : 3
Square validation : a[0][2] : 4
Square validation : a[1][0] : 6
Square validation : a[1][1] : 7
Square validation : a[1][2] : 2
Square validation : a[2][0] : 1
Square validation : a[2][1] : 9
Square validation : a[2][2] : 8
Row validation : a[8][0] : 3
Row validation : a[8][1] : 4
Row validation : a[8][2] : 5
Row validation : a[8][3] : 2
Row validation : a[8][4] : 8
Row validation : a[8][5] : 6
Row validation : a[8][6] : 1
Row validation : a[8][7] : 7
Row validation : a[8][8] : 9
Col validation : a[0][0] : 5
Col validation : a[1][0] : 6
Col validation : a[2][0] : 1
Col validation : a[3][0] : 8
Col validation : a[4][0] : 4
Col validation : a[5][0] : 7
Col validation : a[6][0] : 9
Col validation : a[7][0] : 2
Col validation : a[8][0] : 3
Square validation : a[0][0] : 5
Square validation : a[0][1] : 3
Square validation : a[0][2] : 4
Square validation : a[1][0] : 6
Square validation : a[1][1] : 7
Square validation : a[1][2] : 2
Square validation : a[2][0] : 1
Square validation : a[2][1] : 9
Square validation : a[2][2] : 8
Row validation : a[8][0] : 3
Row validation : a[8][1] : 4
Row validation : a[8][2] : 5
Row validation : a[8][3] : 2
Row validation : a[8][4] : 8
Row validation : a[8][5] : 6
Row validation : a[8][6] : 1
Row validation : a[8][7] : 7
Row validation : a[8][8] : 9
Col validation : a[0][1] : 3
Col validation : a[1][1] : 7
Col validation : a[2][1] : 9
Col validation : a[3][1] : 5
Col validation : a[4][1] : 2
Col validation : a[5][1] : 1
Col validation : a[6][1] : 6
Col validation : a[7][1] : 8
Col validation : a[8][1] : 4
Square validation : a[0][0] : 5
Square validation : a[0][1] : 3
Square validation : a[0][2] : 4
Square validation : a[1][0] : 6
Square validation : a[1][1] : 7
Square validation : a[1][2] : 2
Square validation : a[2][0] : 1
Square validation : a[2][1] : 9
Square validation : a[2][2] : 8
Row validation : a[8][0] : 3
Row validation : a[8][1] : 4
Row validation : a[8][2] : 5
Row validation : a[8][3] : 2
Row validation : a[8][4] : 8
Row validation : a[8][5] : 6
Row validation : a[8][6] : 1
Row validation : a[8][7] : 7
Row validation : a[8][8] : 9
Col validation : a[0][2] : 4
Col validation : a[1][2] : 2
Col validation : a[2][2] : 8
Col validation : a[3][2] : 9
Col validation : a[4][2] : 6
Col validation : a[5][2] : 3
Col validation : a[6][2] : 1
Col validation : a[7][2] : 7
Col validation : a[8][2] : 5
Square validation : a[0][0] : 5
Square validation : a[0][1] : 3
Square validation : a[0][2] : 4
Square validation : a[1][0] : 6
Square validation : a[1][1] : 7
Square validation : a[1][2] : 2
Square validation : a[2][0] : 1
Square validation : a[2][1] : 9
Square validation : a[2][2] : 8
Row validation : a[8][0] : 3
Row validation : a[8][1] : 4
Row validation : a[8][2] : 5
Row validation : a[8][3] : 2
Row validation : a[8][4] : 8
Row validation : a[8][5] : 6
Row validation : a[8][6] : 1
Row validation : a[8][7] : 7
Row validation : a[8][8] : 9
Col validation : a[0][3] : 6
Col validation : a[1][3] : 1
Col validation : a[2][3] : 3
Col validation : a[3][3] : 7
Col validation : a[4][3] : 8
Col validation : a[5][3] : 9
Col validation : a[6][3] : 5
Col validation : a[7][3] : 4
Col validation : a[8][3] : 2
Square validation : a[0][0] : 5
Square validation : a[0][1] : 3
Square validation : a[0][2] : 4
Square validation : a[1][0] : 6
Square validation : a[1][1] : 7
Square validation : a[1][2] : 2
Square validation : a[2][0] : 1
Square validation : a[2][1] : 9
Square validation : a[2][2] : 8
Row validation : a[8][0] : 3
Row validation : a[8][1] : 4
Row validation : a[8][2] : 5
Row validation : a[8][3] : 2
Row validation : a[8][4] : 8
Row validation : a[8][5] : 6
Row validation : a[8][6] : 1
Row validation : a[8][7] : 7
Row validation : a[8][8] : 9
Col validation : a[0][4] : 7
Col validation : a[1][4] : 9
Col validation : a[2][4] : 4
Col validation : a[3][4] : 6
Col validation : a[4][4] : 5
Col validation : a[5][4] : 2
Col validation : a[6][4] : 3
Col validation : a[7][4] : 1
Col validation : a[8][4] : 8
Square validation : a[0][0] : 5
Square validation : a[0][1] : 3
Square validation : a[0][2] : 4
Square validation : a[1][0] : 6
Square validation : a[1][1] : 7
Square validation : a[1][2] : 2
Square validation : a[2][0] : 1
Square validation : a[2][1] : 9
Square validation : a[2][2] : 8
Row validation : a[8][0] : 3
Row validation : a[8][1] : 4
Row validation : a[8][2] : 5
Row validation : a[8][3] : 2
Row validation : a[8][4] : 8
Row validation : a[8][5] : 6
Row validation : a[8][6] : 1
Row validation : a[8][7] : 7
Row validation : a[8][8] : 9
Col validation : a[0][5] : 8
Col validation : a[1][5] : 5
Col validation : a[2][5] : 2
Col validation : a[3][5] : 1
Col validation : a[4][5] : 3
Col validation : a[5][5] : 4
Col validation : a[6][5] : 7
Col validation : a[7][5] : 9
Col validation : a[8][5] : 6
Square validation : a[0][0] : 5
Square validation : a[0][1] : 3
Square validation : a[0][2] : 4
Square validation : a[1][0] : 6
Square validation : a[1][1] : 7
Square validation : a[1][2] : 2
Square validation : a[2][0] : 1
Square validation : a[2][1] : 9
Square validation : a[2][2] : 8
Row validation : a[8][0] : 3
Row validation : a[8][1] : 4
Row validation : a[8][2] : 5
Row validation : a[8][3] : 2
Row validation : a[8][4] : 8
Row validation : a[8][5] : 6
Row validation : a[8][6] : 1
Row validation : a[8][7] : 7
Row validation : a[8][8] : 9
Col validation : a[0][6] : 9
Col validation : a[1][6] : 3
Col validation : a[2][6] : 5
Col validation : a[3][6] : 4
Col validation : a[4][6] : 7
Col validation : a[5][6] : 8
Col validation : a[6][6] : 2
Col validation : a[7][6] : 6
Col validation : a[8][6] : 1
Square validation : a[0][0] : 5
Square validation : a[0][1] : 3
Square validation : a[0][2] : 4
Square validation : a[1][0] : 6
Square validation : a[1][1] : 7
Square validation : a[1][2] : 2
Square validation : a[2][0] : 1
Square validation : a[2][1] : 9
Square validation : a[2][2] : 8
Row validation : a[8][0] : 3
Row validation : a[8][1] : 4
Row validation : a[8][2] : 5
Row validation : a[8][3] : 2
Row validation : a[8][4] : 8
Row validation : a[8][5] : 6
Row validation : a[8][6] : 1
Row validation : a[8][7] : 7
Row validation : a[8][8] : 9
Col validation : a[0][7] : 1
Col validation : a[1][7] : 4
Col validation : a[2][7] : 6
Col validation : a[3][7] : 2
Col validation : a[4][7] : 9
Col validation : a[5][7] : 5
Col validation : a[6][7] : 8
Col validation : a[7][7] : 3
Col validation : a[8][7] : 7
Square validation : a[0][0] : 5
Square validation : a[0][1] : 3
Square validation : a[0][2] : 4
Square validation : a[1][0] : 6
Square validation : a[1][1] : 7
Square validation : a[1][2] : 2
Square validation : a[2][0] : 1
Square validation : a[2][1] : 9
Square validation : a[2][2] : 8
Row validation : a[8][0] : 3
Row validation : a[8][1] : 4
Row validation : a[8][2] : 5
Row validation : a[8][3] : 2
Row validation : a[8][4] : 8
Row validation : a[8][5] : 6
Row validation : a[8][6] : 1
Row validation : a[8][7] : 7
Row validation : a[8][8] : 9
Col validation : a[0][8] : 2
Col validation : a[1][8] : 8
Col validation : a[2][8] : 7
Col validation : a[3][8] : 3
Col validation : a[4][8] : 1
Col validation : a[5][8] : 6
Col validation : a[6][8] : 4
Col validation : a[7][8] : 5
Col validation : a[8][8] : 9
Square validation : a[0][0] : 5
Square validation : a[0][1] : 3
Square validation : a[0][2] : 4
Square validation : a[1][0] : 6
Square validation : a[1][1] : 7
Square validation : a[1][2] : 2
Square validation : a[2][0] : 1
Square validation : a[2][1] : 9
Square validation : a[2][2] : 8
]]></system-out>
  </testcase>
  <testcase name="test2" classname="TestSudokuValidator" time="0.006">
    <system-out><![CDATA[src/test/resources/invalid_grid_1.txt
Below is the input grid : 
[[5, 3, 4, 6, 7, 8, 9, 1, 2], [6, 3, 2, 1, 9, 5, 3, 4, 8], [1, 9, 8, 3, 4, 2, 5, 6, 7], [8, 5, 9, 7, 6, 1, 4, 2, 3], [4, 2, 6, 8, 5, 3, 7, 9, 1], [7, 1, 3, 9, 2, 4, 8, 5, 6], [9, 6, 1, 5, 3, 7, 2, 8, 4], [2, 8, 7, 4, 1, 9, 6, 3, 5], [3, 4, 5, 2, 8, 6, 1, 7, 9]]



Sudoku Validation Process started....!
Row validation : a[0][0] : 5
Row validation : a[0][1] : 3
Row validation : a[0][2] : 4
Row validation : a[0][3] : 6
Row validation : a[0][4] : 7
Row validation : a[0][5] : 8
Row validation : a[0][6] : 9
Row validation : a[0][7] : 1
Row validation : a[0][8] : 2
Col validation : a[0][0] : 5
Col validation : a[1][0] : 6
Col validation : a[2][0] : 1
Col validation : a[3][0] : 8
Col validation : a[4][0] : 4
Col validation : a[5][0] : 7
Col validation : a[6][0] : 9
Col validation : a[7][0] : 2
Col validation : a[8][0] : 3
Square validation : a[0][0] : 5
Square validation : a[0][1] : 3
Square validation : a[0][2] : 4
Square validation : a[1][0] : 6
Square validation : a[1][1] : 3
src/test/resources/invalid_grid_2.txt
Below is the input grid : 
[[5, 3, 4, 6, 7, 8, 9, 1, 2], [6, 3, 2, 1, 9, 5, 3, 4, 8], [1, 9, 8, 3, 4, 2, 5, 6, 7], [8, 5, 9, 7, 6, 1, 4, 2, 3], [4, 2, 6, 8, 5, 3, 7, 9, 1], [7, 1, 3, 9, 2, 4, 8, 5, 6], [9, 6, 1, 5, 3, 7, 2, 8, 4], [2, 8, 7, 4, 1, 9, 6, 3, 5], [3, 4, 5, 2, 8, 6, 1, 7, 9]]



Sudoku Validation Process started....!
Row validation : a[0][0] : 5
Row validation : a[0][1] : 3
Row validation : a[0][2] : 4
Row validation : a[0][3] : 6
Row validation : a[0][4] : 7
Row validation : a[0][5] : 8
Row validation : a[0][6] : 9
Row validation : a[0][7] : 1
Row validation : a[0][8] : 2
Col validation : a[0][0] : 5
Col validation : a[1][0] : 6
Col validation : a[2][0] : 1
Col validation : a[3][0] : 8
Col validation : a[4][0] : 4
Col validation : a[5][0] : 7
Col validation : a[6][0] : 9
Col validation : a[7][0] : 2
Col validation : a[8][0] : 3
Square validation : a[0][0] : 5
Square validation : a[0][1] : 3
Square validation : a[0][2] : 4
Square validation : a[1][0] : 6
Square validation : a[1][1] : 3
]]></system-out>
    <system-err><![CDATA[******Square Validation Failed: value '3' duplicates in the cell : 1, 1
******Square Validation Failed: value '3' duplicates in the cell : 1, 1
]]></system-err>
  </testcase>
  <testcase name="test3" classname="TestSudokuValidator" time="0.007">
    <system-out><![CDATA[src/test/resources/missing_file.txt
]]></system-out>
    <system-err><![CDATA[src/test/resources/missing_file.txt grid not found
java.io.FileNotFoundException: src\test\resources\missing_file.txt (The system cannot find the file specified)
	at java.base/java.io.FileInputStream.open0(Native Method)
	at java.base/java.io.FileInputStream.open(FileInputStream.java:211)
	at java.base/java.io.FileInputStream.<init>(FileInputStream.java:153)
	at java.base/java.io.FileReader.<init>(FileReader.java:75)
	at com.capco.screening.SudokuValidator.readSudokuGrid(SudokuValidator.java:111)
	at com.capco.screening.SudokuMain.runSudokuValidator(SudokuMain.java:19)
	at TestSudokuValidator.test3(TestSudokuValidator.java:44)
	at java.base/jdk.internal.reflect.NativeMethodAccessorImpl.invoke0(Native Method)
	at java.base/jdk.internal.reflect.NativeMethodAccessorImpl.invoke(NativeMethodAccessorImpl.java:64)
	at java.base/jdk.internal.reflect.DelegatingMethodAccessorImpl.invoke(DelegatingMethodAccessorImpl.java:43)
	at java.base/java.lang.reflect.Method.invoke(Method.java:564)
	at org.testng.internal.MethodInvocationHelper.invokeMethod(MethodInvocationHelper.java:124)
	at org.testng.internal.Invoker.invokeMethod(Invoker.java:583)
	at org.testng.internal.Invoker.invokeTestMethod(Invoker.java:719)
	at org.testng.internal.Invoker.invokeTestMethods(Invoker.java:989)
	at org.testng.internal.TestMethodWorker.invokeTestMethods(TestMethodWorker.java:125)
	at org.testng.internal.TestMethodWorker.run(TestMethodWorker.java:109)
	at org.testng.TestRunner.privateRun(TestRunner.java:648)
	at org.testng.TestRunner.run(TestRunner.java:505)
	at org.testng.SuiteRunner.runTest(SuiteRunner.java:455)
	at org.testng.SuiteRunner.runSequentially(SuiteRunner.java:450)
	at org.testng.SuiteRunner.privateRun(SuiteRunner.java:415)
	at org.testng.SuiteRunner.run(SuiteRunner.java:364)
	at org.testng.SuiteRunnerWorker.runSuite(SuiteRunnerWorker.java:52)
	at org.testng.SuiteRunnerWorker.run(SuiteRunnerWorker.java:84)
	at org.testng.TestNG.runSuitesSequentially(TestNG.java:1208)
	at org.testng.TestNG.runSuitesLocally(TestNG.java:1137)
	at org.testng.TestNG.runSuites(TestNG.java:1049)
	at org.testng.TestNG.run(TestNG.java:1017)
	at org.apache.maven.surefire.testng.TestNGExecutor.run(TestNGExecutor.java:284)
	at org.apache.maven.surefire.testng.TestNGXmlTestSuite.execute(TestNGXmlTestSuite.java:75)
	at org.apache.maven.surefire.testng.TestNGProvider.invoke(TestNGProvider.java:119)
	at org.apache.maven.surefire.booter.ForkedBooter.runSuitesInProcess(ForkedBooter.java:428)
	at org.apache.maven.surefire.booter.ForkedBooter.execute(ForkedBooter.java:162)
	at org.apache.maven.surefire.booter.ForkedBooter.run(ForkedBooter.java:562)
	at org.apache.maven.surefire.booter.ForkedBooter.main(ForkedBooter.java:548)
]]></system-err>
  </testcase>
  <testcase name="test4" classname="TestSudokuValidator" time="0.007">
    <system-out><![CDATA[
]]></system-out>
    <system-err><![CDATA[ grid not found
java.io.FileNotFoundException:  (The system cannot find the file specified)
	at java.base/java.io.FileInputStream.open0(Native Method)
	at java.base/java.io.FileInputStream.open(FileInputStream.java:211)
	at java.base/java.io.FileInputStream.<init>(FileInputStream.java:153)
	at java.base/java.io.FileReader.<init>(FileReader.java:75)
	at com.capco.screening.SudokuValidator.readSudokuGrid(SudokuValidator.java:111)
	at com.capco.screening.SudokuMain.runSudokuValidator(SudokuMain.java:19)
	at TestSudokuValidator.test4(TestSudokuValidator.java:53)
	at java.base/jdk.internal.reflect.NativeMethodAccessorImpl.invoke0(Native Method)
	at java.base/jdk.internal.reflect.NativeMethodAccessorImpl.invoke(NativeMethodAccessorImpl.java:64)
	at java.base/jdk.internal.reflect.DelegatingMethodAccessorImpl.invoke(DelegatingMethodAccessorImpl.java:43)
	at java.base/java.lang.reflect.Method.invoke(Method.java:564)
	at org.testng.internal.MethodInvocationHelper.invokeMethod(MethodInvocationHelper.java:124)
	at org.testng.internal.Invoker.invokeMethod(Invoker.java:583)
	at org.testng.internal.Invoker.invokeTestMethod(Invoker.java:719)
	at org.testng.internal.Invoker.invokeTestMethods(Invoker.java:989)
	at org.testng.internal.TestMethodWorker.invokeTestMethods(TestMethodWorker.java:125)
	at org.testng.internal.TestMethodWorker.run(TestMethodWorker.java:109)
	at org.testng.TestRunner.privateRun(TestRunner.java:648)
	at org.testng.TestRunner.run(TestRunner.java:505)
	at org.testng.SuiteRunner.runTest(SuiteRunner.java:455)
	at org.testng.SuiteRunner.runSequentially(SuiteRunner.java:450)
	at org.testng.SuiteRunner.privateRun(SuiteRunner.java:415)
	at org.testng.SuiteRunner.run(SuiteRunner.java:364)
	at org.testng.SuiteRunnerWorker.runSuite(SuiteRunnerWorker.java:52)
	at org.testng.SuiteRunnerWorker.run(SuiteRunnerWorker.java:84)
	at org.testng.TestNG.runSuitesSequentially(TestNG.java:1208)
	at org.testng.TestNG.runSuitesLocally(TestNG.java:1137)
	at org.testng.TestNG.runSuites(TestNG.java:1049)
	at org.testng.TestNG.run(TestNG.java:1017)
	at org.apache.maven.surefire.testng.TestNGExecutor.run(TestNGExecutor.java:284)
	at org.apache.maven.surefire.testng.TestNGXmlTestSuite.execute(TestNGXmlTestSuite.java:75)
	at org.apache.maven.surefire.testng.TestNGProvider.invoke(TestNGProvider.java:119)
	at org.apache.maven.surefire.booter.ForkedBooter.runSuitesInProcess(ForkedBooter.java:428)
	at org.apache.maven.surefire.booter.ForkedBooter.execute(ForkedBooter.java:162)
	at org.apache.maven.surefire.booter.ForkedBooter.run(ForkedBooter.java:562)
	at org.apache.maven.surefire.booter.ForkedBooter.main(ForkedBooter.java:548)
]]></system-err>
  </testcase>
</testsuite>