<?xml version="1.0" encoding="UTF-8"?>
<!-- Generated by org.testng.reporters.JUnitReportReporter -->
<testsuite hostname="LAPTOP-EB0VNPNS" failures="0" tests="4" name="TestSudokuValidator" time="0.213" errors="0" timestamp="19 Jul 2021 07:05:14 GMT" skipped="0">
  <testcase classname="TestSudokuValidator" name="test2" time="0.005"/>
  <testcase classname="TestSudokuValidator" name="test1" time="0.198"/>
  <testcase classname="TestSudokuValidator" name="test3" time="0.007"/>
  <testcase classname="TestSudokuValidator" name="test4" time="0.003"/>
</testsuite> <!-- TestSudokuValidator -->
